<?xml version="1.0" encoding="UTF-8"?>
<testsuite xmlns:xsi="http://www.w3.org/2001/XMLSchema-instance" xsi:noNamespaceSchemaLocation="https://maven.apache.org/surefire/maven-surefire-plugin/xsd/surefire-test-report.xsd" version="3.0.1" name="runnerClass.OEP_3_StudyMaterialRunnerTest" time="929.763" tests="34" errors="0" skipped="0" failures="4">
  <properties>
    <property name="java.specification.version" value="21"/>
    <property name="webdriver.chrome.driver" value=".\Driver\chromedriver.exe"/>
    <property name="sun.cpu.isalist" value="amd64"/>
    <property name="sun.jnu.encoding" value="Cp1252"/>
    <property name="java.class.path" value="C:\Users\thirumaran\eclipse-workspace\NexTestify_Cucumber\target\test-classes;C:\Users\thirumaran\eclipse-workspace\NexTestify_Cucumber\target\classes;C:\WINDOWS\system32\config\systemprofile\.m2\repository\io\cucumber\cucumber-java\7.18.0\cucumber-java-7.18.0.jar;C:\WINDOWS\system32\config\systemprofile\.m2\repository\org\apiguardian\apiguardian-api\1.1.2\apiguardian-api-1.1.2.jar;C:\WINDOWS\system32\config\systemprofile\.m2\repository\io\cucumber\cucumber-junit\7.18.0\cucumber-junit-7.18.0.jar;C:\WINDOWS\system32\config\systemprofile\.m2\repository\io\cucumber\cucumber-core\7.18.0\cucumber-core-7.18.0.jar;C:\WINDOWS\system32\config\systemprofile\.m2\repository\io\cucumber\cucumber-gherkin\7.18.0\cucumber-gherkin-7.18.0.jar;C:\WINDOWS\system32\config\systemprofile\.m2\repository\io\cucumber\cucumber-gherkin-messages\7.18.0\cucumber-gherkin-messages-7.18.0.jar;C:\WINDOWS\system32\config\systemprofile\.m2\repository\io\cucumber\gherkin\28.0.0\gherkin-28.0.0.jar;C:\WINDOWS\system32\config\systemprofile\.m2\repository\io\cucumber\messages\24.1.0\messages-24.1.0.jar;C:\WINDOWS\system32\config\systemprofile\.m2\repository\io\cucumber\testng-xml-formatter\0.1.0\testng-xml-formatter-0.1.0.jar;C:\WINDOWS\system32\config\systemprofile\.m2\repository\io\cucumber\query\12.2.0\query-12.2.0.jar;C:\WINDOWS\system32\config\systemprofile\.m2\repository\io\cucumber\tag-expressions\6.1.0\tag-expressions-6.1.0.jar;C:\WINDOWS\system32\config\systemprofile\.m2\repository\io\cucumber\cucumber-expressions\17.1.0\cucumber-expressions-17.1.0.jar;C:\WINDOWS\system32\config\systemprofile\.m2\repository\io\cucumber\datatable\7.18.0\datatable-7.18.0.jar;C:\WINDOWS\system32\config\systemprofile\.m2\repository\io\cucumber\cucumber-plugin\7.18.0\cucumber-plugin-7.18.0.jar;C:\WINDOWS\system32\config\systemprofile\.m2\repository\io\cucumber\docstring\7.18.0\docstring-7.18.0.jar;C:\WINDOWS\system32\config\systemprofile\.m2\repository\io\cucumber\html-formatter\21.3.1\html-formatter-21.3.1.jar;C:\WINDOWS\system32\config\systemprofile\.m2\repository\io\cucumber\junit-xml-formatter\0.4.0\junit-xml-formatter-0.4.0.jar;C:\WINDOWS\system32\config\systemprofile\.m2\repository\io\cucumber\ci-environment\10.0.1\ci-environment-10.0.1.jar;C:\WINDOWS\system32\config\systemprofile\.m2\repository\io\github\bonigarcia\webdrivermanager\5.9.1\webdrivermanager-5.9.1.jar;C:\WINDOWS\system32\config\systemprofile\.m2\repository\org\slf4j\slf4j-api\2.0.13\slf4j-api-2.0.13.jar;C:\WINDOWS\system32\config\systemprofile\.m2\repository\com\google\code\gson\gson\2.11.0\gson-2.11.0.jar;C:\WINDOWS\system32\config\systemprofile\.m2\repository\com\google\errorprone\error_prone_annotations\2.27.0\error_prone_annotations-2.27.0.jar;C:\WINDOWS\system32\config\systemprofile\.m2\repository\com\github\docker-java\docker-java\3.3.6\docker-java-3.3.6.jar;C:\WINDOWS\system32\config\systemprofile\.m2\repository\com\github\docker-java\docker-java-core\3.3.6\docker-java-core-3.3.6.jar;C:\WINDOWS\system32\config\systemprofile\.m2\repository\com\github\docker-java\docker-java-api\3.3.6\docker-java-api-3.3.6.jar;C:\WINDOWS\system32\config\systemprofile\.m2\repository\com\fasterxml\jackson\core\jackson-annotations\2.10.3\jackson-annotations-2.10.3.jar;C:\WINDOWS\system32\config\systemprofile\.m2\repository\com\fasterxml\jackson\core\jackson-databind\2.10.3\jackson-databind-2.10.3.jar;C:\WINDOWS\system32\config\systemprofile\.m2\repository\com\fasterxml\jackson\core\jackson-core\2.10.3\jackson-core-2.10.3.jar;C:\WINDOWS\system32\config\systemprofile\.m2\repository\org\slf4j\jcl-over-slf4j\1.7.30\jcl-over-slf4j-1.7.30.jar;C:\WINDOWS\system32\config\systemprofile\.m2\repository\com\github\docker-java\docker-java-transport-httpclient5\3.3.6\docker-java-transport-httpclient5-3.3.6.jar;C:\WINDOWS\system32\config\systemprofile\.m2\repository\com\github\docker-java\docker-java-transport\3.3.6\docker-java-transport-3.3.6.jar;C:\WINDOWS\system32\config\systemprofile\.m2\repository\net\java\dev\jna\jna\5.13.0\jna-5.13.0.jar;C:\WINDOWS\system32\config\systemprofile\.m2\repository\org\brotli\dec\0.1.2\dec-0.1.2.jar;C:\WINDOWS\system32\config\systemprofile\.m2\repository\org\apache\commons\commons-lang3\3.14.0\commons-lang3-3.14.0.jar;C:\WINDOWS\system32\config\systemprofile\.m2\repository\org\apache\commons\commons-compress\1.26.2\commons-compress-1.26.2.jar;C:\WINDOWS\system32\config\systemprofile\.m2\repository\org\apache\httpcomponents\client5\httpclient5\5.2.1\httpclient5-5.2.1.jar;C:\WINDOWS\system32\config\systemprofile\.m2\repository\org\apache\httpcomponents\core5\httpcore5\5.2\httpcore5-5.2.jar;C:\WINDOWS\system32\config\systemprofile\.m2\repository\org\apache\httpcomponents\core5\httpcore5-h2\5.2\httpcore5-h2-5.2.jar;C:\WINDOWS\system32\config\systemprofile\.m2\repository\org\seleniumhq\selenium\selenium-java\4.29.0\selenium-java-4.29.0.jar;C:\WINDOWS\system32\config\systemprofile\.m2\repository\org\seleniumhq\selenium\selenium-api\4.29.0\selenium-api-4.29.0.jar;C:\WINDOWS\system32\config\systemprofile\.m2\repository\org\jspecify\jspecify\1.0.0\jspecify-1.0.0.jar;C:\WINDOWS\system32\config\systemprofile\.m2\repository\org\seleniumhq\selenium\selenium-chrome-driver\4.29.0\selenium-chrome-driver-4.29.0.jar;C:\WINDOWS\system32\config\systemprofile\.m2\repository\com\google\auto\service\auto-service-annotations\1.1.1\auto-service-annotations-1.1.1.jar;C:\WINDOWS\system32\config\systemprofile\.m2\repository\org\seleniumhq\selenium\selenium-chromium-driver\4.29.0\selenium-chromium-driver-4.29.0.jar;C:\WINDOWS\system32\config\systemprofile\.m2\repository\org\seleniumhq\selenium\selenium-json\4.29.0\selenium-json-4.29.0.jar;C:\WINDOWS\system32\config\systemprofile\.m2\repository\org\seleniumhq\selenium\selenium-manager\4.29.0\selenium-manager-4.29.0.jar;C:\WINDOWS\system32\config\systemprofile\.m2\repository\org\seleniumhq\selenium\selenium-devtools-v131\4.29.0\selenium-devtools-v131-4.29.0.jar;C:\WINDOWS\system32\config\systemprofile\.m2\repository\org\seleniumhq\selenium\selenium-devtools-v132\4.29.0\selenium-devtools-v132-4.29.0.jar;C:\WINDOWS\system32\config\systemprofile\.m2\repository\org\seleniumhq\selenium\selenium-devtools-v133\4.29.0\selenium-devtools-v133-4.29.0.jar;C:\WINDOWS\system32\config\systemprofile\.m2\repository\org\seleniumhq\selenium\selenium-devtools-v85\4.29.0\selenium-devtools-v85-4.29.0.jar;C:\WINDOWS\system32\config\systemprofile\.m2\repository\org\seleniumhq\selenium\selenium-edge-driver\4.29.0\selenium-edge-driver-4.29.0.jar;C:\WINDOWS\system32\config\systemprofile\.m2\repository\org\seleniumhq\selenium\selenium-firefox-driver\4.29.0\selenium-firefox-driver-4.29.0.jar;C:\WINDOWS\system32\config\systemprofile\.m2\repository\org\seleniumhq\selenium\selenium-http\4.29.0\selenium-http-4.29.0.jar;C:\WINDOWS\system32\config\systemprofile\.m2\repository\org\seleniumhq\selenium\selenium-ie-driver\4.29.0\selenium-ie-driver-4.29.0.jar;C:\WINDOWS\system32\config\systemprofile\.m2\repository\org\seleniumhq\selenium\selenium-remote-driver\4.29.0\selenium-remote-driver-4.29.0.jar;C:\WINDOWS\system32\config\systemprofile\.m2\repository\com\google\guava\guava\33.4.0-jre\guava-33.4.0-jre.jar;C:\WINDOWS\system32\config\systemprofile\.m2\repository\com\google\guava\failureaccess\1.0.2\failureaccess-1.0.2.jar;C:\WINDOWS\system32\config\systemprofile\.m2\repository\com\google\guava\listenablefuture\9999.0-empty-to-avoid-conflict-with-guava\listenablefuture-9999.0-empty-to-avoid-conflict-with-guava.jar;C:\WINDOWS\system32\config\systemprofile\.m2\repository\com\google\code\findbugs\jsr305\3.0.2\jsr305-3.0.2.jar;C:\WINDOWS\system32\config\systemprofile\.m2\repository\org\checkerframework\checker-qual\3.43.0\checker-qual-3.43.0.jar;C:\WINDOWS\system32\config\systemprofile\.m2\repository\com\google\j2objc\j2objc-annotations\3.0.0\j2objc-annotations-3.0.0.jar;C:\WINDOWS\system32\config\systemprofile\.m2\repository\io\opentelemetry\semconv\opentelemetry-semconv\1.28.0-alpha\opentelemetry-semconv-1.28.0-alpha.jar;C:\WINDOWS\system32\config\systemprofile\.m2\repository\io\opentelemetry\opentelemetry-api\1.46.0\opentelemetry-api-1.46.0.jar;C:\WINDOWS\system32\config\systemprofile\.m2\repository\io\opentelemetry\opentelemetry-context\1.46.0\opentelemetry-context-1.46.0.jar;C:\WINDOWS\system32\config\systemprofile\.m2\repository\io\opentelemetry\opentelemetry-exporter-logging\1.46.0\opentelemetry-exporter-logging-1.46.0.jar;C:\WINDOWS\system32\config\systemprofile\.m2\repository\io\opentelemetry\opentelemetry-sdk-common\1.46.0\opentelemetry-sdk-common-1.46.0.jar;C:\WINDOWS\system32\config\systemprofile\.m2\repository\io\opentelemetry\opentelemetry-sdk-extension-autoconfigure-spi\1.46.0\opentelemetry-sdk-extension-autoconfigure-spi-1.46.0.jar;C:\WINDOWS\system32\config\systemprofile\.m2\repository\io\opentelemetry\opentelemetry-sdk-extension-autoconfigure\1.46.0\opentelemetry-sdk-extension-autoconfigure-1.46.0.jar;C:\WINDOWS\system32\config\systemprofile\.m2\repository\io\opentelemetry\opentelemetry-api-incubator\1.46.0-alpha\opentelemetry-api-incubator-1.46.0-alpha.jar;C:\WINDOWS\system32\config\systemprofile\.m2\repository\io\opentelemetry\opentelemetry-sdk-trace\1.46.0\opentelemetry-sdk-trace-1.46.0.jar;C:\WINDOWS\system32\config\systemprofile\.m2\repository\io\opentelemetry\opentelemetry-sdk\1.46.0\opentelemetry-sdk-1.46.0.jar;C:\WINDOWS\system32\config\systemprofile\.m2\repository\io\opentelemetry\opentelemetry-sdk-metrics\1.46.0\opentelemetry-sdk-metrics-1.46.0.jar;C:\WINDOWS\system32\config\systemprofile\.m2\repository\io\opentelemetry\opentelemetry-sdk-logs\1.46.0\opentelemetry-sdk-logs-1.46.0.jar;C:\WINDOWS\system32\config\systemprofile\.m2\repository\net\bytebuddy\byte-buddy\1.15.11\byte-buddy-1.15.11.jar;C:\WINDOWS\system32\config\systemprofile\.m2\repository\org\seleniumhq\selenium\selenium-os\4.29.0\selenium-os-4.29.0.jar;C:\WINDOWS\system32\config\systemprofile\.m2\repository\org\apache\commons\commons-exec\1.4.0\commons-exec-1.4.0.jar;C:\WINDOWS\system32\config\systemprofile\.m2\repository\org\seleniumhq\selenium\selenium-safari-driver\4.29.0\selenium-safari-driver-4.29.0.jar;C:\WINDOWS\system32\config\systemprofile\.m2\repository\org\seleniumhq\selenium\selenium-support\4.29.0\selenium-support-4.29.0.jar;C:\WINDOWS\system32\config\systemprofile\.m2\repository\junit\junit\4.13.2\junit-4.13.2.jar;C:\WINDOWS\system32\config\systemprofile\.m2\repository\org\hamcrest\hamcrest-core\1.3\hamcrest-core-1.3.jar;C:\WINDOWS\system32\config\systemprofile\.m2\repository\org\junit\jupiter\junit-jupiter-engine\5.10.3\junit-jupiter-engine-5.10.3.jar;C:\WINDOWS\system32\config\systemprofile\.m2\repository\org\junit\platform\junit-platform-engine\1.10.3\junit-platform-engine-1.10.3.jar;C:\WINDOWS\system32\config\systemprofile\.m2\repository\org\opentest4j\opentest4j\1.3.0\opentest4j-1.3.0.jar;C:\WINDOWS\system32\config\systemprofile\.m2\repository\org\junit\platform\junit-platform-commons\1.10.3\junit-platform-commons-1.10.3.jar;C:\WINDOWS\system32\config\systemprofile\.m2\repository\org\junit\jupiter\junit-jupiter-api\5.10.3\junit-jupiter-api-5.10.3.jar;C:\WINDOWS\system32\config\systemprofile\.m2\repository\io\cucumber\cucumber-testng\7.18.0\cucumber-testng-7.18.0.jar;C:\WINDOWS\system32\config\systemprofile\.m2\repository\org\apache\poi\poi\5.3.0\poi-5.3.0.jar;C:\WINDOWS\system32\config\systemprofile\.m2\repository\commons-codec\commons-codec\1.17.0\commons-codec-1.17.0.jar;C:\WINDOWS\system32\config\systemprofile\.m2\repository\org\apache\commons\commons-collections4\4.4\commons-collections4-4.4.jar;C:\WINDOWS\system32\config\systemprofile\.m2\repository\org\apache\commons\commons-math3\3.6.1\commons-math3-3.6.1.jar;C:\WINDOWS\system32\config\systemprofile\.m2\repository\commons-io\commons-io\2.16.1\commons-io-2.16.1.jar;C:\WINDOWS\system32\config\systemprofile\.m2\repository\com\zaxxer\SparseBitSet\1.3\SparseBitSet-1.3.jar;C:\WINDOWS\system32\config\systemprofile\.m2\repository\org\apache\logging\log4j\log4j-api\2.23.1\log4j-api-2.23.1.jar;C:\WINDOWS\system32\config\systemprofile\.m2\repository\org\apache\poi\poi-ooxml\5.3.0\poi-ooxml-5.3.0.jar;C:\WINDOWS\system32\config\systemprofile\.m2\repository\org\apache\poi\poi-ooxml-lite\5.3.0\poi-ooxml-lite-5.3.0.jar;C:\WINDOWS\system32\config\systemprofile\.m2\repository\org\apache\xmlbeans\xmlbeans\5.2.1\xmlbeans-5.2.1.jar;C:\WINDOWS\system32\config\systemprofile\.m2\repository\com\github\virtuald\curvesapi\1.08\curvesapi-1.08.jar;C:\WINDOWS\system32\config\systemprofile\.m2\repository\org\junit\vintage\junit-vintage-engine\5.10.3\junit-vintage-engine-5.10.3.jar;C:\WINDOWS\system32\config\systemprofile\.m2\repository\org\testng\testng\7.10.2\testng-7.10.2.jar;C:\WINDOWS\system32\config\systemprofile\.m2\repository\com\beust\jcommander\1.82\jcommander-1.82.jar;C:\WINDOWS\system32\config\systemprofile\.m2\repository\org\webjars\jquery\3.7.1\jquery-3.7.1.jar;C:\WINDOWS\system32\config\systemprofile\.m2\repository\com\github\javafaker\javafaker\1.0.2\javafaker-1.0.2.jar;C:\WINDOWS\system32\config\systemprofile\.m2\repository\org\yaml\snakeyaml\1.23\snakeyaml-1.23-android.jar;C:\WINDOWS\system32\config\systemprofile\.m2\repository\com\github\mifmif\generex\1.0.2\generex-1.0.2.jar;C:\WINDOWS\system32\config\systemprofile\.m2\repository\dk\brics\automaton\automaton\1.11-8\automaton-1.11-8.jar;C:\WINDOWS\system32\config\systemprofile\.m2\repository\tech\grasshopper\extentreports-cucumber7-adapter\1.14.0\extentreports-cucumber7-adapter-1.14.0.jar;C:\WINDOWS\system32\config\systemprofile\.m2\repository\com\aventstack\extentreports\5.1.0\extentreports-5.1.0.jar;C:\WINDOWS\system32\config\systemprofile\.m2\repository\io\reactivex\rxjava3\rxjava\3.1.6\rxjava-3.1.6.jar;C:\WINDOWS\system32\config\systemprofile\.m2\repository\org\reactivestreams\reactive-streams\1.0.4\reactive-streams-1.0.4.jar;C:\WINDOWS\system32\config\systemprofile\.m2\repository\org\freemarker\freemarker\2.3.32\freemarker-2.3.32.jar;C:\WINDOWS\system32\config\systemprofile\.m2\repository\org\projectlombok\lombok\1.18.26\lombok-1.18.26.jar;C:\WINDOWS\system32\config\systemprofile\.m2\repository\tech\grasshopper\extent-pdf-report\2.12.0\extent-pdf-report-2.12.0.jar;C:\WINDOWS\system32\config\systemprofile\.m2\repository\tech\grasshopper\cucumber-pdf-report\2.14.0\cucumber-pdf-report-2.14.0.jar;C:\WINDOWS\system32\config\systemprofile\.m2\repository\org\apache\pdfbox\pdfbox\2.0.26\pdfbox-2.0.26.jar;C:\WINDOWS\system32\config\systemprofile\.m2\repository\org\apache\pdfbox\fontbox\2.0.26\fontbox-2.0.26.jar;C:\WINDOWS\system32\config\systemprofile\.m2\repository\org\knowm\xchart\xchart\3.8.0\xchart-3.8.0.jar;C:\WINDOWS\system32\config\systemprofile\.m2\repository\de\erichseifert\vectorgraphics2d\VectorGraphics2D\0.13\VectorGraphics2D-0.13.jar;C:\WINDOWS\system32\config\systemprofile\.m2\repository\de\rototor\pdfbox\graphics2d\0.30\graphics2d-0.30.jar;C:\WINDOWS\system32\config\systemprofile\.m2\repository\com\madgag\animated-gif-lib\1.4\animated-gif-lib-1.4.jar;C:\WINDOWS\system32\config\systemprofile\.m2\repository\org\yaml\snakeyaml\2.0\snakeyaml-2.0.jar;C:\WINDOWS\system32\config\systemprofile\.m2\repository\tech\grasshopper\table-layout\1.5.1\table-layout-1.5.1.jar;C:\WINDOWS\system32\config\systemprofile\.m2\repository\tech\grasshopper\rest-assured-cucumber-pdf-report\1.5.0\rest-assured-cucumber-pdf-report-1.5.0.jar;C:\WINDOWS\system32\config\systemprofile\.m2\repository\org\jsoup\jsoup\1.15.3\jsoup-1.15.3.jar;C:\WINDOWS\system32\config\systemprofile\.m2\repository\com\aventstack\klov-reporter\5.1.0\klov-reporter-5.1.0.jar;C:\WINDOWS\system32\config\systemprofile\.m2\repository\org\mongodb\mongodb-driver\3.6.4\mongodb-driver-3.6.4.jar;C:\WINDOWS\system32\config\systemprofile\.m2\repository\org\mongodb\mongodb-driver-core\3.6.4\mongodb-driver-core-3.6.4.jar;C:\WINDOWS\system32\config\systemprofile\.m2\repository\org\mongodb\bson\3.6.4\bson-3.6.4.jar;C:\WINDOWS\system32\config\systemprofile\.m2\repository\org\apache\httpcomponents\httpclient\4.5.13\httpclient-4.5.13.jar;C:\WINDOWS\system32\config\systemprofile\.m2\repository\org\apache\httpcomponents\httpcore\4.4.13\httpcore-4.4.13.jar;C:\WINDOWS\system32\config\systemprofile\.m2\repository\commons-logging\commons-logging\1.2\commons-logging-1.2.jar;C:\WINDOWS\system32\config\systemprofile\.m2\repository\org\apache\httpcomponents\httpmime\4.5.13\httpmime-4.5.13.jar;C:\WINDOWS\system32\config\systemprofile\.m2\repository\tech\grasshopper\htmlextentreporter\1.1.0\htmlextentreporter-1.1.0.jar;C:\WINDOWS\system32\config\systemprofile\.m2\repository\tech\grasshopper\extent-excel-report\1.4.0\extent-excel-report-1.4.0.jar;"/>
    <property name="sun.awt.enableExtraMouseButtons" value="true"/>
    <property name="java.vm.vendor" value="Oracle Corporation"/>
    <property name="sun.arch.data.model" value="64"/>
    <property name="user.variant" value=""/>
    <property name="java.vendor.url" value="https://java.oracle.com/"/>
    <property name="user.timezone" value="Asia/Calcutta"/>
    <property name="os.name" value="Windows 11"/>
    <property name="java.vm.specification.version" value="21"/>
    <property name="sun.java.launcher" value="SUN_STANDARD"/>
    <property name="user.country" value="IN"/>
    <property name="sun.boot.library.path" value="C:\Program Files\Java\jdk-21\bin"/>
    <property name="sun.java.command" value="C:\Windows\Temp\surefire14260213712333237661\surefirebooter-20250226181441653_3.jar C:\Windows\Temp\surefire14260213712333237661 2025-02-26T18-14-41_268-jvmRun1 surefire-20250226181441653_1tmp surefire_0-20250226181441653_2tmp"/>
    <property name="jdk.debug" value="release"/>
    <property name="surefire.test.class.path" value="C:\Users\thirumaran\eclipse-workspace\NexTestify_Cucumber\target\test-classes;C:\Users\thirumaran\eclipse-workspace\NexTestify_Cucumber\target\classes;C:\WINDOWS\system32\config\systemprofile\.m2\repository\io\cucumber\cucumber-java\7.18.0\cucumber-java-7.18.0.jar;C:\WINDOWS\system32\config\systemprofile\.m2\repository\org\apiguardian\apiguardian-api\1.1.2\apiguardian-api-1.1.2.jar;C:\WINDOWS\system32\config\systemprofile\.m2\repository\io\cucumber\cucumber-junit\7.18.0\cucumber-junit-7.18.0.jar;C:\WINDOWS\system32\config\systemprofile\.m2\repository\io\cucumber\cucumber-core\7.18.0\cucumber-core-7.18.0.jar;C:\WINDOWS\system32\config\systemprofile\.m2\repository\io\cucumber\cucumber-gherkin\7.18.0\cucumber-gherkin-7.18.0.jar;C:\WINDOWS\system32\config\systemprofile\.m2\repository\io\cucumber\cucumber-gherkin-messages\7.18.0\cucumber-gherkin-messages-7.18.0.jar;C:\WINDOWS\system32\config\systemprofile\.m2\repository\io\cucumber\gherkin\28.0.0\gherkin-28.0.0.jar;C:\WINDOWS\system32\config\systemprofile\.m2\repository\io\cucumber\messages\24.1.0\messages-24.1.0.jar;C:\WINDOWS\system32\config\systemprofile\.m2\repository\io\cucumber\testng-xml-formatter\0.1.0\testng-xml-formatter-0.1.0.jar;C:\WINDOWS\system32\config\systemprofile\.m2\repository\io\cucumber\query\12.2.0\query-12.2.0.jar;C:\WINDOWS\system32\config\systemprofile\.m2\repository\io\cucumber\tag-expressions\6.1.0\tag-expressions-6.1.0.jar;C:\WINDOWS\system32\config\systemprofile\.m2\repository\io\cucumber\cucumber-expressions\17.1.0\cucumber-expressions-17.1.0.jar;C:\WINDOWS\system32\config\systemprofile\.m2\repository\io\cucumber\datatable\7.18.0\datatable-7.18.0.jar;C:\WINDOWS\system32\config\systemprofile\.m2\repository\io\cucumber\cucumber-plugin\7.18.0\cucumber-plugin-7.18.0.jar;C:\WINDOWS\system32\config\systemprofile\.m2\repository\io\cucumber\docstring\7.18.0\docstring-7.18.0.jar;C:\WINDOWS\system32\config\systemprofile\.m2\repository\io\cucumber\html-formatter\21.3.1\html-formatter-21.3.1.jar;C:\WINDOWS\system32\config\systemprofile\.m2\repository\io\cucumber\junit-xml-formatter\0.4.0\junit-xml-formatter-0.4.0.jar;C:\WINDOWS\system32\config\systemprofile\.m2\repository\io\cucumber\ci-environment\10.0.1\ci-environment-10.0.1.jar;C:\WINDOWS\system32\config\systemprofile\.m2\repository\io\github\bonigarcia\webdrivermanager\5.9.1\webdrivermanager-5.9.1.jar;C:\WINDOWS\system32\config\systemprofile\.m2\repository\org\slf4j\slf4j-api\2.0.13\slf4j-api-2.0.13.jar;C:\WINDOWS\system32\config\systemprofile\.m2\repository\com\google\code\gson\gson\2.11.0\gson-2.11.0.jar;C:\WINDOWS\system32\config\systemprofile\.m2\repository\com\google\errorprone\error_prone_annotations\2.27.0\error_prone_annotations-2.27.0.jar;C:\WINDOWS\system32\config\systemprofile\.m2\repository\com\github\docker-java\docker-java\3.3.6\docker-java-3.3.6.jar;C:\WINDOWS\system32\config\systemprofile\.m2\repository\com\github\docker-java\docker-java-core\3.3.6\docker-java-core-3.3.6.jar;C:\WINDOWS\system32\config\systemprofile\.m2\repository\com\github\docker-java\docker-java-api\3.3.6\docker-java-api-3.3.6.jar;C:\WINDOWS\system32\config\systemprofile\.m2\repository\com\fasterxml\jackson\core\jackson-annotations\2.10.3\jackson-annotations-2.10.3.jar;C:\WINDOWS\system32\config\systemprofile\.m2\repository\com\fasterxml\jackson\core\jackson-databind\2.10.3\jackson-databind-2.10.3.jar;C:\WINDOWS\system32\config\systemprofile\.m2\repository\com\fasterxml\jackson\core\jackson-core\2.10.3\jackson-core-2.10.3.jar;C:\WINDOWS\system32\config\systemprofile\.m2\repository\org\slf4j\jcl-over-slf4j\1.7.30\jcl-over-slf4j-1.7.30.jar;C:\WINDOWS\system32\config\systemprofile\.m2\repository\com\github\docker-java\docker-java-transport-httpclient5\3.3.6\docker-java-transport-httpclient5-3.3.6.jar;C:\WINDOWS\system32\config\systemprofile\.m2\repository\com\github\docker-java\docker-java-transport\3.3.6\docker-java-transport-3.3.6.jar;C:\WINDOWS\system32\config\systemprofile\.m2\repository\net\java\dev\jna\jna\5.13.0\jna-5.13.0.jar;C:\WINDOWS\system32\config\systemprofile\.m2\repository\org\brotli\dec\0.1.2\dec-0.1.2.jar;C:\WINDOWS\system32\config\systemprofile\.m2\repository\org\apache\commons\commons-lang3\3.14.0\commons-lang3-3.14.0.jar;C:\WINDOWS\system32\config\systemprofile\.m2\repository\org\apache\commons\commons-compress\1.26.2\commons-compress-1.26.2.jar;C:\WINDOWS\system32\config\systemprofile\.m2\repository\org\apache\httpcomponents\client5\httpclient5\5.2.1\httpclient5-5.2.1.jar;C:\WINDOWS\system32\config\systemprofile\.m2\repository\org\apache\httpcomponents\core5\httpcore5\5.2\httpcore5-5.2.jar;C:\WINDOWS\system32\config\systemprofile\.m2\repository\org\apache\httpcomponents\core5\httpcore5-h2\5.2\httpcore5-h2-5.2.jar;C:\WINDOWS\system32\config\systemprofile\.m2\repository\org\seleniumhq\selenium\selenium-java\4.29.0\selenium-java-4.29.0.jar;C:\WINDOWS\system32\config\systemprofile\.m2\repository\org\seleniumhq\selenium\selenium-api\4.29.0\selenium-api-4.29.0.jar;C:\WINDOWS\system32\config\systemprofile\.m2\repository\org\jspecify\jspecify\1.0.0\jspecify-1.0.0.jar;C:\WINDOWS\system32\config\systemprofile\.m2\repository\org\seleniumhq\selenium\selenium-chrome-driver\4.29.0\selenium-chrome-driver-4.29.0.jar;C:\WINDOWS\system32\config\systemprofile\.m2\repository\com\google\auto\service\auto-service-annotations\1.1.1\auto-service-annotations-1.1.1.jar;C:\WINDOWS\system32\config\systemprofile\.m2\repository\org\seleniumhq\selenium\selenium-chromium-driver\4.29.0\selenium-chromium-driver-4.29.0.jar;C:\WINDOWS\system32\config\systemprofile\.m2\repository\org\seleniumhq\selenium\selenium-json\4.29.0\selenium-json-4.29.0.jar;C:\WINDOWS\system32\config\systemprofile\.m2\repository\org\seleniumhq\selenium\selenium-manager\4.29.0\selenium-manager-4.29.0.jar;C:\WINDOWS\system32\config\systemprofile\.m2\repository\org\seleniumhq\selenium\selenium-devtools-v131\4.29.0\selenium-devtools-v131-4.29.0.jar;C:\WINDOWS\system32\config\systemprofile\.m2\repository\org\seleniumhq\selenium\selenium-devtools-v132\4.29.0\selenium-devtools-v132-4.29.0.jar;C:\WINDOWS\system32\config\systemprofile\.m2\repository\org\seleniumhq\selenium\selenium-devtools-v133\4.29.0\selenium-devtools-v133-4.29.0.jar;C:\WINDOWS\system32\config\systemprofile\.m2\repository\org\seleniumhq\selenium\selenium-devtools-v85\4.29.0\selenium-devtools-v85-4.29.0.jar;C:\WINDOWS\system32\config\systemprofile\.m2\repository\org\seleniumhq\selenium\selenium-edge-driver\4.29.0\selenium-edge-driver-4.29.0.jar;C:\WINDOWS\system32\config\systemprofile\.m2\repository\org\seleniumhq\selenium\selenium-firefox-driver\4.29.0\selenium-firefox-driver-4.29.0.jar;C:\WINDOWS\system32\config\systemprofile\.m2\repository\org\seleniumhq\selenium\selenium-http\4.29.0\selenium-http-4.29.0.jar;C:\WINDOWS\system32\config\systemprofile\.m2\repository\org\seleniumhq\selenium\selenium-ie-driver\4.29.0\selenium-ie-driver-4.29.0.jar;C:\WINDOWS\system32\config\systemprofile\.m2\repository\org\seleniumhq\selenium\selenium-remote-driver\4.29.0\selenium-remote-driver-4.29.0.jar;C:\WINDOWS\system32\config\systemprofile\.m2\repository\com\google\guava\guava\33.4.0-jre\guava-33.4.0-jre.jar;C:\WINDOWS\system32\config\systemprofile\.m2\repository\com\google\guava\failureaccess\1.0.2\failureaccess-1.0.2.jar;C:\WINDOWS\system32\config\systemprofile\.m2\repository\com\google\guava\listenablefuture\9999.0-empty-to-avoid-conflict-with-guava\listenablefuture-9999.0-empty-to-avoid-conflict-with-guava.jar;C:\WINDOWS\system32\config\systemprofile\.m2\repository\com\google\code\findbugs\jsr305\3.0.2\jsr305-3.0.2.jar;C:\WINDOWS\system32\config\systemprofile\.m2\repository\org\checkerframework\checker-qual\3.43.0\checker-qual-3.43.0.jar;C:\WINDOWS\system32\config\systemprofile\.m2\repository\com\google\j2objc\j2objc-annotations\3.0.0\j2objc-annotations-3.0.0.jar;C:\WINDOWS\system32\config\systemprofile\.m2\repository\io\opentelemetry\semconv\opentelemetry-semconv\1.28.0-alpha\opentelemetry-semconv-1.28.0-alpha.jar;C:\WINDOWS\system32\config\systemprofile\.m2\repository\io\opentelemetry\opentelemetry-api\1.46.0\opentelemetry-api-1.46.0.jar;C:\WINDOWS\system32\config\systemprofile\.m2\repository\io\opentelemetry\opentelemetry-context\1.46.0\opentelemetry-context-1.46.0.jar;C:\WINDOWS\system32\config\systemprofile\.m2\repository\io\opentelemetry\opentelemetry-exporter-logging\1.46.0\opentelemetry-exporter-logging-1.46.0.jar;C:\WINDOWS\system32\config\systemprofile\.m2\repository\io\opentelemetry\opentelemetry-sdk-common\1.46.0\opentelemetry-sdk-common-1.46.0.jar;C:\WINDOWS\system32\config\systemprofile\.m2\repository\io\opentelemetry\opentelemetry-sdk-extension-autoconfigure-spi\1.46.0\opentelemetry-sdk-extension-autoconfigure-spi-1.46.0.jar;C:\WINDOWS\system32\config\systemprofile\.m2\repository\io\opentelemetry\opentelemetry-sdk-extension-autoconfigure\1.46.0\opentelemetry-sdk-extension-autoconfigure-1.46.0.jar;C:\WINDOWS\system32\config\systemprofile\.m2\repository\io\opentelemetry\opentelemetry-api-incubator\1.46.0-alpha\opentelemetry-api-incubator-1.46.0-alpha.jar;C:\WINDOWS\system32\config\systemprofile\.m2\repository\io\opentelemetry\opentelemetry-sdk-trace\1.46.0\opentelemetry-sdk-trace-1.46.0.jar;C:\WINDOWS\system32\config\systemprofile\.m2\repository\io\opentelemetry\opentelemetry-sdk\1.46.0\opentelemetry-sdk-1.46.0.jar;C:\WINDOWS\system32\config\systemprofile\.m2\repository\io\opentelemetry\opentelemetry-sdk-metrics\1.46.0\opentelemetry-sdk-metrics-1.46.0.jar;C:\WINDOWS\system32\config\systemprofile\.m2\repository\io\opentelemetry\opentelemetry-sdk-logs\1.46.0\opentelemetry-sdk-logs-1.46.0.jar;C:\WINDOWS\system32\config\systemprofile\.m2\repository\net\bytebuddy\byte-buddy\1.15.11\byte-buddy-1.15.11.jar;C:\WINDOWS\system32\config\systemprofile\.m2\repository\org\seleniumhq\selenium\selenium-os\4.29.0\selenium-os-4.29.0.jar;C:\WINDOWS\system32\config\systemprofile\.m2\repository\org\apache\commons\commons-exec\1.4.0\commons-exec-1.4.0.jar;C:\WINDOWS\system32\config\systemprofile\.m2\repository\org\seleniumhq\selenium\selenium-safari-driver\4.29.0\selenium-safari-driver-4.29.0.jar;C:\WINDOWS\system32\config\systemprofile\.m2\repository\org\seleniumhq\selenium\selenium-support\4.29.0\selenium-support-4.29.0.jar;C:\WINDOWS\system32\config\systemprofile\.m2\repository\junit\junit\4.13.2\junit-4.13.2.jar;C:\WINDOWS\system32\config\systemprofile\.m2\repository\org\hamcrest\hamcrest-core\1.3\hamcrest-core-1.3.jar;C:\WINDOWS\system32\config\systemprofile\.m2\repository\org\junit\jupiter\junit-jupiter-engine\5.10.3\junit-jupiter-engine-5.10.3.jar;C:\WINDOWS\system32\config\systemprofile\.m2\repository\org\junit\platform\junit-platform-engine\1.10.3\junit-platform-engine-1.10.3.jar;C:\WINDOWS\system32\config\systemprofile\.m2\repository\org\opentest4j\opentest4j\1.3.0\opentest4j-1.3.0.jar;C:\WINDOWS\system32\config\systemprofile\.m2\repository\org\junit\platform\junit-platform-commons\1.10.3\junit-platform-commons-1.10.3.jar;C:\WINDOWS\system32\config\systemprofile\.m2\repository\org\junit\jupiter\junit-jupiter-api\5.10.3\junit-jupiter-api-5.10.3.jar;C:\WINDOWS\system32\config\systemprofile\.m2\repository\io\cucumber\cucumber-testng\7.18.0\cucumber-testng-7.18.0.jar;C:\WINDOWS\system32\config\systemprofile\.m2\repository\org\apache\poi\poi\5.3.0\poi-5.3.0.jar;C:\WINDOWS\system32\config\systemprofile\.m2\repository\commons-codec\commons-codec\1.17.0\commons-codec-1.17.0.jar;C:\WINDOWS\system32\config\systemprofile\.m2\repository\org\apache\commons\commons-collections4\4.4\commons-collections4-4.4.jar;C:\WINDOWS\system32\config\systemprofile\.m2\repository\org\apache\commons\commons-math3\3.6.1\commons-math3-3.6.1.jar;C:\WINDOWS\system32\config\systemprofile\.m2\repository\commons-io\commons-io\2.16.1\commons-io-2.16.1.jar;C:\WINDOWS\system32\config\systemprofile\.m2\repository\com\zaxxer\SparseBitSet\1.3\SparseBitSet-1.3.jar;C:\WINDOWS\system32\config\systemprofile\.m2\repository\org\apache\logging\log4j\log4j-api\2.23.1\log4j-api-2.23.1.jar;C:\WINDOWS\system32\config\systemprofile\.m2\repository\org\apache\poi\poi-ooxml\5.3.0\poi-ooxml-5.3.0.jar;C:\WINDOWS\system32\config\systemprofile\.m2\repository\org\apache\poi\poi-ooxml-lite\5.3.0\poi-ooxml-lite-5.3.0.jar;C:\WINDOWS\system32\config\systemprofile\.m2\repository\org\apache\xmlbeans\xmlbeans\5.2.1\xmlbeans-5.2.1.jar;C:\WINDOWS\system32\config\systemprofile\.m2\repository\com\github\virtuald\curvesapi\1.08\curvesapi-1.08.jar;C:\WINDOWS\system32\config\systemprofile\.m2\repository\org\junit\vintage\junit-vintage-engine\5.10.3\junit-vintage-engine-5.10.3.jar;C:\WINDOWS\system32\config\systemprofile\.m2\repository\org\testng\testng\7.10.2\testng-7.10.2.jar;C:\WINDOWS\system32\config\systemprofile\.m2\repository\com\beust\jcommander\1.82\jcommander-1.82.jar;C:\WINDOWS\system32\config\systemprofile\.m2\repository\org\webjars\jquery\3.7.1\jquery-3.7.1.jar;C:\WINDOWS\system32\config\systemprofile\.m2\repository\com\github\javafaker\javafaker\1.0.2\javafaker-1.0.2.jar;C:\WINDOWS\system32\config\systemprofile\.m2\repository\org\yaml\snakeyaml\1.23\snakeyaml-1.23-android.jar;C:\WINDOWS\system32\config\systemprofile\.m2\repository\com\github\mifmif\generex\1.0.2\generex-1.0.2.jar;C:\WINDOWS\system32\config\systemprofile\.m2\repository\dk\brics\automaton\automaton\1.11-8\automaton-1.11-8.jar;C:\WINDOWS\system32\config\systemprofile\.m2\repository\tech\grasshopper\extentreports-cucumber7-adapter\1.14.0\extentreports-cucumber7-adapter-1.14.0.jar;C:\WINDOWS\system32\config\systemprofile\.m2\repository\com\aventstack\extentreports\5.1.0\extentreports-5.1.0.jar;C:\WINDOWS\system32\config\systemprofile\.m2\repository\io\reactivex\rxjava3\rxjava\3.1.6\rxjava-3.1.6.jar;C:\WINDOWS\system32\config\systemprofile\.m2\repository\org\reactivestreams\reactive-streams\1.0.4\reactive-streams-1.0.4.jar;C:\WINDOWS\system32\config\systemprofile\.m2\repository\org\freemarker\freemarker\2.3.32\freemarker-2.3.32.jar;C:\WINDOWS\system32\config\systemprofile\.m2\repository\org\projectlombok\lombok\1.18.26\lombok-1.18.26.jar;C:\WINDOWS\system32\config\systemprofile\.m2\repository\tech\grasshopper\extent-pdf-report\2.12.0\extent-pdf-report-2.12.0.jar;C:\WINDOWS\system32\config\systemprofile\.m2\repository\tech\grasshopper\cucumber-pdf-report\2.14.0\cucumber-pdf-report-2.14.0.jar;C:\WINDOWS\system32\config\systemprofile\.m2\repository\org\apache\pdfbox\pdfbox\2.0.26\pdfbox-2.0.26.jar;C:\WINDOWS\system32\config\systemprofile\.m2\repository\org\apache\pdfbox\fontbox\2.0.26\fontbox-2.0.26.jar;C:\WINDOWS\system32\config\systemprofile\.m2\repository\org\knowm\xchart\xchart\3.8.0\xchart-3.8.0.jar;C:\WINDOWS\system32\config\systemprofile\.m2\repository\de\erichseifert\vectorgraphics2d\VectorGraphics2D\0.13\VectorGraphics2D-0.13.jar;C:\WINDOWS\system32\config\systemprofile\.m2\repository\de\rototor\pdfbox\graphics2d\0.30\graphics2d-0.30.jar;C:\WINDOWS\system32\config\systemprofile\.m2\repository\com\madgag\animated-gif-lib\1.4\animated-gif-lib-1.4.jar;C:\WINDOWS\system32\config\systemprofile\.m2\repository\org\yaml\snakeyaml\2.0\snakeyaml-2.0.jar;C:\WINDOWS\system32\config\systemprofile\.m2\repository\tech\grasshopper\table-layout\1.5.1\table-layout-1.5.1.jar;C:\WINDOWS\system32\config\systemprofile\.m2\repository\tech\grasshopper\rest-assured-cucumber-pdf-report\1.5.0\rest-assured-cucumber-pdf-report-1.5.0.jar;C:\WINDOWS\system32\config\systemprofile\.m2\repository\org\jsoup\jsoup\1.15.3\jsoup-1.15.3.jar;C:\WINDOWS\system32\config\systemprofile\.m2\repository\com\aventstack\klov-reporter\5.1.0\klov-reporter-5.1.0.jar;C:\WINDOWS\system32\config\systemprofile\.m2\repository\org\mongodb\mongodb-driver\3.6.4\mongodb-driver-3.6.4.jar;C:\WINDOWS\system32\config\systemprofile\.m2\repository\org\mongodb\mongodb-driver-core\3.6.4\mongodb-driver-core-3.6.4.jar;C:\WINDOWS\system32\config\systemprofile\.m2\repository\org\mongodb\bson\3.6.4\bson-3.6.4.jar;C:\WINDOWS\system32\config\systemprofile\.m2\repository\org\apache\httpcomponents\httpclient\4.5.13\httpclient-4.5.13.jar;C:\WINDOWS\system32\config\systemprofile\.m2\repository\org\apache\httpcomponents\httpcore\4.4.13\httpcore-4.4.13.jar;C:\WINDOWS\system32\config\systemprofile\.m2\repository\commons-logging\commons-logging\1.2\commons-logging-1.2.jar;C:\WINDOWS\system32\config\systemprofile\.m2\repository\org\apache\httpcomponents\httpmime\4.5.13\httpmime-4.5.13.jar;C:\WINDOWS\system32\config\systemprofile\.m2\repository\tech\grasshopper\htmlextentreporter\1.1.0\htmlextentreporter-1.1.0.jar;C:\WINDOWS\system32\config\systemprofile\.m2\repository\tech\grasshopper\extent-excel-report\1.4.0\extent-excel-report-1.4.0.jar;"/>
    <property name="sun.cpu.endian" value="little"/>
    <property name="user.home" value="C:\WINDOWS\system32\config\systemprofile"/>
    <property name="user.language" value="en"/>
    <property name="java.specification.vendor" value="Oracle Corporation"/>
    <property name="java.version.date" value="2024-01-16"/>
    <property name="java.home" value="C:\Program Files\Java\jdk-21"/>
    <property name="file.separator" value="\"/>
    <property name="basedir" value="C:\Users\thirumaran\eclipse-workspace\NexTestify_Cucumber"/>
    <property name="java.vm.compressedOopsMode" value="Zero based"/>
    <property name="line.separator" value="&#10;"/>
    <property name="java.vm.specification.vendor" value="Oracle Corporation"/>
    <property name="java.specification.name" value="Java Platform API Specification"/>
    <property name="surefire.real.class.path" value="C:\Windows\Temp\surefire14260213712333237661\surefirebooter-20250226181441653_3.jar"/>
    <property name="user.script" value=""/>
    <property name="sun.management.compiler" value="HotSpot 64-Bit Tiered Compilers"/>
    <property name="java.runtime.version" value="21.0.2+13-LTS-58"/>
    <property name="user.name" value="SSSLT025$"/>
    <property name="stdout.encoding" value="Cp1252"/>
    <property name="path.separator" value=";"/>
    <property name="os.version" value="10.0"/>
    <property name="java.runtime.name" value="Java(TM) SE Runtime Environment"/>
    <property name="file.encoding" value="UTF-8"/>
    <property name="java.vm.name" value="Java HotSpot(TM) 64-Bit Server VM"/>
    <property name="localRepository" value="C:\WINDOWS\system32\config\systemprofile\.m2\repository"/>
    <property name="java.vendor.url.bug" value="https://bugreport.java.com/bugreport/"/>
    <property name="java.io.tmpdir" value="C:\WINDOWS\TEMP\"/>
    <property name="java.version" value="21.0.2"/>
    <property name="user.dir" value="C:\Users\thirumaran\eclipse-workspace\NexTestify_Cucumber"/>
    <property name="os.arch" value="amd64"/>
    <property name="java.vm.specification.name" value="Java Virtual Machine Specification"/>
    <property name="sun.os.patch.level" value=""/>
    <property name="native.encoding" value="Cp1252"/>
    <property name="java.library.path" value="C:\Program Files\Java\jdk-21\bin;C:\WINDOWS\Sun\Java\bin;C:\WINDOWS\system32;C:\WINDOWS;C:\Maven\apache-maven-3.9.8-bin\apache-maven-3.9.8/bin;C:\Program Files\Java\jdk-21/bin;C:\ProgramData\Jenkins\.jenkins\tools\chromedriver;C:\Users\thirumaran\AppData\Roaming\npm\node_modules;."/>
    <property name="java.vm.info" value="mixed mode, sharing"/>
    <property name="stderr.encoding" value="Cp1252"/>
    <property name="java.vendor" value="Oracle Corporation"/>
    <property name="java.vm.version" value="21.0.2+13-LTS-58"/>
    <property name="sun.io.unicode.encoding" value="UnicodeLittle"/>
    <property name="java.class.version" value="65.0"/>
  </properties>
  <testcase name="Study Material:Back Check" classname="STUDY MATERIAL" time="20.785">
    <system-out><![CDATA[
@TC_01
Scenario: Study Material:Back Check                                                                                  # src/test/resources/FeatureFiles/3_OEP_StudyMaterial.feature:11
  Given To Check Study Material is navigating to OEP URL is "http://192.168.1.30/OEPADMIN/"                          # stepDefinition.OEP_3_StudyMaterial.to_check_study_material_is_navigating_to_oep_url_is(java.lang.String)
  When To Check Study Material Enter username and password are "thirumaran@sankarasoftware.com" and "Thirumaran@001" # stepDefinition.OEP_3_StudyMaterial.to_check_study_material_enter_username_and_password_are_and(java.lang.String,java.lang.String)
  And click the Signin button To Check Study Material                                                                # stepDefinition.OEP_3_StudyMaterial.click_the_signin_button_to_check_study_material()
  Then Click take picture button in Study Material                                                                   # stepDefinition.OEP_3_StudyMaterial.click_take_picture_button_in_Study_Material()
  Then Click Study Material button                                                                                   # stepDefinition.OEP_3_StudyMaterial.click_Study_Material_button()
  Given Click any subject name                                                                                       # stepDefinition.OEP_3_StudyMaterial.click_any_subject_name()
  When Click back button in study material page                                                                      # stepDefinition.OEP_3_StudyMaterial.click_back_button_in_study_material_page()
  Then Check landing page in study material page                                                                     # stepDefinition.OEP_3_StudyMaterial.check_landing_page_in_study_material_page()
Page is closed  Then Close Study Material button                                                                                   # stepDefinition.OEP_3_StudyMaterial.close_study_material_button()
]]></system-out>
  </testcase>
  <testcase name="Study Material:Topic Check" classname="STUDY MATERIAL" time="20.554">
    <system-out><![CDATA[
@TC_02
Scenario: Study Material:Topic Check                                                                                 # src/test/resources/FeatureFiles/3_OEP_StudyMaterial.feature:18
  Given To Check Study Material is navigating to OEP URL is "http://192.168.1.30/OEPADMIN/"                          # stepDefinition.OEP_3_StudyMaterial.to_check_study_material_is_navigating_to_oep_url_is(java.lang.String)
  When To Check Study Material Enter username and password are "thirumaran@sankarasoftware.com" and "Thirumaran@001" # stepDefinition.OEP_3_StudyMaterial.to_check_study_material_enter_username_and_password_are_and(java.lang.String,java.lang.String)
  And click the Signin button To Check Study Material                                                                # stepDefinition.OEP_3_StudyMaterial.click_the_signin_button_to_check_study_material()
  Then Click take picture button in Study Material                                                                   # stepDefinition.OEP_3_StudyMaterial.click_take_picture_button_in_Study_Material()
  Then Click Study Material button                                                                                   # stepDefinition.OEP_3_StudyMaterial.click_Study_Material_button()
  Given Click any subject name                                                                                       # stepDefinition.OEP_3_StudyMaterial.click_any_subject_name()
  When Click any topic button                                                                                        # stepDefinition.OEP_3_StudyMaterial.click_any_topic_button()
Page is closed  Then Close Study Material button                                                                                   # stepDefinition.OEP_3_StudyMaterial.close_study_material_button()
]]></system-out>
  </testcase>
  <testcase name="Study Material:Add Material" classname="STUDY MATERIAL" time="20.558">
    <system-out><![CDATA[
@TC_03
Scenario: Study Material:Add Material                                                                                # src/test/resources/FeatureFiles/3_OEP_StudyMaterial.feature:24
  Given To Check Study Material is navigating to OEP URL is "http://192.168.1.30/OEPADMIN/"                          # stepDefinition.OEP_3_StudyMaterial.to_check_study_material_is_navigating_to_oep_url_is(java.lang.String)
  When To Check Study Material Enter username and password are "thirumaran@sankarasoftware.com" and "Thirumaran@001" # stepDefinition.OEP_3_StudyMaterial.to_check_study_material_enter_username_and_password_are_and(java.lang.String,java.lang.String)
  And click the Signin button To Check Study Material                                                                # stepDefinition.OEP_3_StudyMaterial.click_the_signin_button_to_check_study_material()
  Then Click take picture button in Study Material                                                                   # stepDefinition.OEP_3_StudyMaterial.click_take_picture_button_in_Study_Material()
  Then Click Study Material button                                                                                   # stepDefinition.OEP_3_StudyMaterial.click_Study_Material_button()
  Given Click any subject name                                                                                       # stepDefinition.OEP_3_StudyMaterial.click_any_subject_name()
  When Click add material button                                                                                     # stepDefinition.OEP_3_StudyMaterial.click_add_material_button()
  And Click view material button                                                                                     # stepDefinition.OEP_3_StudyMaterial.click_view_material_button()
  Then Check page navigates to view material page or not                                                             # stepDefinition.OEP_3_StudyMaterial.check_page_navigates_to_view_material_page_or_not()
Page is closed  Then Close Study Material button                                                                                   # stepDefinition.OEP_3_StudyMaterial.close_study_material_button()
]]></system-out>
  </testcase>
  <testcase name="Add Material:Mandatory Check" classname="STUDY MATERIAL" time="25.703">
    <system-out><![CDATA[
@TC_04
Scenario: Add Material:Mandatory Check                                                                               # src/test/resources/FeatureFiles/3_OEP_StudyMaterial.feature:32
  Given To Check Study Material is navigating to OEP URL is "http://192.168.1.30/OEPADMIN/"                          # stepDefinition.OEP_3_StudyMaterial.to_check_study_material_is_navigating_to_oep_url_is(java.lang.String)
  When To Check Study Material Enter username and password are "thirumaran@sankarasoftware.com" and "Thirumaran@001" # stepDefinition.OEP_3_StudyMaterial.to_check_study_material_enter_username_and_password_are_and(java.lang.String,java.lang.String)
  And click the Signin button To Check Study Material                                                                # stepDefinition.OEP_3_StudyMaterial.click_the_signin_button_to_check_study_material()
  Then Click take picture button in Study Material                                                                   # stepDefinition.OEP_3_StudyMaterial.click_take_picture_button_in_Study_Material()
  Then Click Study Material button                                                                                   # stepDefinition.OEP_3_StudyMaterial.click_Study_Material_button()
  Given Click any subject name                                                                                       # stepDefinition.OEP_3_StudyMaterial.click_any_subject_name()
  When Click add material button                                                                                     # stepDefinition.OEP_3_StudyMaterial.click_add_material_button()
  And Click save button in add material                                                                              # stepDefinition.OEP_3_StudyMaterial.click_save_button_in_add_material()
Actual border color : rgb(78, 78, 78)
Actual border color : rgb(255, 0, 0)
2nd Tab border color is as expected as RED colour with color code : rgb(78, 78, 78)
3rd Tab border color is as expected as RED colour with color code : rgb(255, 0, 0)
  Then Check mandatory red border is displayed or not in add material page                                           # stepDefinition.OEP_3_StudyMaterial.check_mandatory_red_border_is_displayed_or_not_in_add_material_Page()
Page is closed  Then Close Study Material button                                                                                   # stepDefinition.OEP_3_StudyMaterial.close_study_material_button()
]]></system-out>
  </testcase>
  <testcase name="Add Material:Mandatory Clear Check" classname="STUDY MATERIAL" time="26.855">
    <system-out><![CDATA[
@TC_05
Scenario: Add Material:Mandatory Clear Check                                                                         # src/test/resources/FeatureFiles/3_OEP_StudyMaterial.feature:40
  Given To Check Study Material is navigating to OEP URL is "http://192.168.1.30/OEPADMIN/"                          # stepDefinition.OEP_3_StudyMaterial.to_check_study_material_is_navigating_to_oep_url_is(java.lang.String)
  When To Check Study Material Enter username and password are "thirumaran@sankarasoftware.com" and "Thirumaran@001" # stepDefinition.OEP_3_StudyMaterial.to_check_study_material_enter_username_and_password_are_and(java.lang.String,java.lang.String)
  And click the Signin button To Check Study Material                                                                # stepDefinition.OEP_3_StudyMaterial.click_the_signin_button_to_check_study_material()
  Then Click take picture button in Study Material                                                                   # stepDefinition.OEP_3_StudyMaterial.click_take_picture_button_in_Study_Material()
  Then Click Study Material button                                                                                   # stepDefinition.OEP_3_StudyMaterial.click_Study_Material_button()
  Given Click any subject name                                                                                       # stepDefinition.OEP_3_StudyMaterial.click_any_subject_name()
  When Click add material button                                                                                     # stepDefinition.OEP_3_StudyMaterial.click_add_material_button()
  And Click save button in add material                                                                              # stepDefinition.OEP_3_StudyMaterial.click_save_button_in_add_material()
  And Click clear button in add material                                                                             # stepDefinition.OEP_3_StudyMaterial.click_clear_button_in_add_material()
Actual border color : rgb(78, 78, 78)
Actual border color : rgb(255, 0, 0)
2nd Tab border color is as expected as RED colour with color code : rgb(78, 78, 78)
3rd Tab border color is as expected as RED colour with color code : rgb(255, 0, 0)
  Then Check mandatory red border is displayed or not in add material                                                # stepDefinition.OEP_3_StudyMaterial.check_mandatory_red_border_is_displayed_or_not_in_add_material()
Page is closed  Then Close Study Material button                                                                                   # stepDefinition.OEP_3_StudyMaterial.close_study_material_button()
]]></system-out>
  </testcase>
  <testcase name="Add Material:Clear Check" classname="STUDY MATERIAL" time="37.907">
    <system-out><![CDATA[
@TC_06
Scenario: Add Material:Clear Check                                                                                   # src/test/resources/FeatureFiles/3_OEP_StudyMaterial.feature:49
  Given To Check Study Material is navigating to OEP URL is "http://192.168.1.30/OEPADMIN/"                          # stepDefinition.OEP_3_StudyMaterial.to_check_study_material_is_navigating_to_oep_url_is(java.lang.String)
  When To Check Study Material Enter username and password are "thirumaran@sankarasoftware.com" and "Thirumaran@001" # stepDefinition.OEP_3_StudyMaterial.to_check_study_material_enter_username_and_password_are_and(java.lang.String,java.lang.String)
  And click the Signin button To Check Study Material                                                                # stepDefinition.OEP_3_StudyMaterial.click_the_signin_button_to_check_study_material()
  Then Click take picture button in Study Material                                                                   # stepDefinition.OEP_3_StudyMaterial.click_take_picture_button_in_Study_Material()
  Then Click Study Material button                                                                                   # stepDefinition.OEP_3_StudyMaterial.click_Study_Material_button()
  Given Click any subject name                                                                                       # stepDefinition.OEP_3_StudyMaterial.click_any_subject_name()
  When Click add material button                                                                                     # stepDefinition.OEP_3_StudyMaterial.click_add_material_button()
  And Select valid subject name in create material                                                                   # stepDefinition.OEP_3_StudyMaterial.select_valid_subject_name_in_create_material()
  Then Select valid topic name in create material                                                                    # stepDefinition.OEP_3_StudyMaterial.select_valid_topic_name_in_create_material()
  And Enter valid chapter name                                                                                       # stepDefinition.OEP_3_StudyMaterial.enter_valid_chapter_name()
  Then Enter valid synopsis                                                                                          # stepDefinition.OEP_3_StudyMaterial.enter_valid_synopsis()
  And Click clear button in add material                                                                             # stepDefinition.OEP_3_StudyMaterial.click_clear_button_in_add_material()
Chapter tab has: 
synopsisTab has: null
All tabs are cleared and clear button is working
  Then Check details are cleared or not in add material                                                              # stepDefinition.OEP_3_StudyMaterial.check_details_are_cleared_or_not_in_add_material()
Page is closed  Then Close Study Material button                                                                                   # stepDefinition.OEP_3_StudyMaterial.close_study_material_button()
]]></system-out>
  </testcase>
  <testcase name="Add Material:Valid Check #1" classname="STUDY MATERIAL" time="22.639">
    <system-out><![CDATA[
@TC_07
Scenario: Add Material:Valid Check                                                                                   # src/test/resources/FeatureFiles/3_OEP_StudyMaterial.feature:61
  Given To Check Study Material is navigating to OEP URL is "http://192.168.1.30/OEPADMIN/"                          # stepDefinition.OEP_3_StudyMaterial.to_check_study_material_is_navigating_to_oep_url_is(java.lang.String)
  When To Check Study Material Enter username and password are "thirumaran@sankarasoftware.com" and "Thirumaran@001" # stepDefinition.OEP_3_StudyMaterial.to_check_study_material_enter_username_and_password_are_and(java.lang.String,java.lang.String)
  And click the Signin button To Check Study Material                                                                # stepDefinition.OEP_3_StudyMaterial.click_the_signin_button_to_check_study_material()
  Then Click take picture button in Study Material                                                                   # stepDefinition.OEP_3_StudyMaterial.click_take_picture_button_in_Study_Material()
  Then Click Study Material button                                                                                   # stepDefinition.OEP_3_StudyMaterial.click_Study_Material_button()
  Given Click any subject name                                                                                       # stepDefinition.OEP_3_StudyMaterial.click_any_subject_name()
  When Click add material button                                                                                     # stepDefinition.OEP_3_StudyMaterial.click_add_material_button()
  Then Enter valid synopsis                                                                                          # stepDefinition.OEP_3_StudyMaterial.enter_valid_synopsis()
Page is closed  Then Close Study Material button                                                                                   # stepDefinition.OEP_3_StudyMaterial.close_study_material_button()
]]></system-out>
  </testcase>
  <testcase name="Add Subject:Close button Check" classname="STUDY MATERIAL" time="20.799">
    <system-out><![CDATA[
@TC_08
Scenario: Add Subject:Close button Check                                                                             # src/test/resources/FeatureFiles/3_OEP_StudyMaterial.feature:69
  Given To Check Study Material is navigating to OEP URL is "http://192.168.1.30/OEPADMIN/"                          # stepDefinition.OEP_3_StudyMaterial.to_check_study_material_is_navigating_to_oep_url_is(java.lang.String)
  When To Check Study Material Enter username and password are "thirumaran@sankarasoftware.com" and "Thirumaran@001" # stepDefinition.OEP_3_StudyMaterial.to_check_study_material_enter_username_and_password_are_and(java.lang.String,java.lang.String)
  And click the Signin button To Check Study Material                                                                # stepDefinition.OEP_3_StudyMaterial.click_the_signin_button_to_check_study_material()
  Then Click take picture button in Study Material                                                                   # stepDefinition.OEP_3_StudyMaterial.click_take_picture_button_in_Study_Material()
  Then Click Study Material button                                                                                   # stepDefinition.OEP_3_StudyMaterial.click_Study_Material_button()
  Given Click any subject name                                                                                       # stepDefinition.OEP_3_StudyMaterial.click_any_subject_name()
  When Click add material button                                                                                     # stepDefinition.OEP_3_StudyMaterial.click_add_material_button()
  And Click add button in the subject tab                                                                            # stepDefinition.OEP_3_StudyMaterial.click_add_button_in_the_subject_tab()
  Then Click close button in add subject                                                                             # stepDefinition.OEP_3_StudyMaterial.click_close_button_in_add_subject()
Page is closed  Then Close Study Material button                                                                                   # stepDefinition.OEP_3_StudyMaterial.close_study_material_button()
]]></system-out>
  </testcase>
  <testcase name="Add Subject:Mandatory Check" classname="STUDY MATERIAL" time="22.867">
    <system-out><![CDATA[
@TC_09
Scenario: Add Subject:Mandatory Check                                                                                # src/test/resources/FeatureFiles/3_OEP_StudyMaterial.feature:77
  Given To Check Study Material is navigating to OEP URL is "http://192.168.1.30/OEPADMIN/"                          # stepDefinition.OEP_3_StudyMaterial.to_check_study_material_is_navigating_to_oep_url_is(java.lang.String)
  When To Check Study Material Enter username and password are "thirumaran@sankarasoftware.com" and "Thirumaran@001" # stepDefinition.OEP_3_StudyMaterial.to_check_study_material_enter_username_and_password_are_and(java.lang.String,java.lang.String)
  And click the Signin button To Check Study Material                                                                # stepDefinition.OEP_3_StudyMaterial.click_the_signin_button_to_check_study_material()
  Then Click take picture button in Study Material                                                                   # stepDefinition.OEP_3_StudyMaterial.click_take_picture_button_in_Study_Material()
  Then Click Study Material button                                                                                   # stepDefinition.OEP_3_StudyMaterial.click_Study_Material_button()
  Given Click any subject name                                                                                       # stepDefinition.OEP_3_StudyMaterial.click_any_subject_name()
  When Click add material button                                                                                     # stepDefinition.OEP_3_StudyMaterial.click_add_material_button()
  And Click add button in the subject tab                                                                            # stepDefinition.OEP_3_StudyMaterial.click_add_button_in_the_subject_tab()
  Then Click save button in add subject                                                                              # stepDefinition.OEP_3_StudyMaterial.click_save_button_in_add_subject()
Actual border color : rgb(255, 0, 0)
Tab border color is as expected as RED colour with color code : rgb(255, 0, 0)
  Then Check mandatory red border is displayed or not in add subject                                                 # stepDefinition.OEP_3_StudyMaterial.check_mandatory_red_border_is_displayed_or_not_in_add_subject()
Page is closed  Then Close Study Material button                                                                                   # stepDefinition.OEP_3_StudyMaterial.close_study_material_button()
]]></system-out>
  </testcase>
  <testcase name="Add Subject:Add button Check" classname="STUDY MATERIAL" time="23.755">
    <system-out><![CDATA[
@TC_10
Scenario: Add Subject:Add button Check                                                                               # src/test/resources/FeatureFiles/3_OEP_StudyMaterial.feature:86
  Given To Check Study Material is navigating to OEP URL is "http://192.168.1.30/OEPADMIN/"                          # stepDefinition.OEP_3_StudyMaterial.to_check_study_material_is_navigating_to_oep_url_is(java.lang.String)
  When To Check Study Material Enter username and password are "thirumaran@sankarasoftware.com" and "Thirumaran@001" # stepDefinition.OEP_3_StudyMaterial.to_check_study_material_enter_username_and_password_are_and(java.lang.String,java.lang.String)
  And click the Signin button To Check Study Material                                                                # stepDefinition.OEP_3_StudyMaterial.click_the_signin_button_to_check_study_material()
  Then Click take picture button in Study Material                                                                   # stepDefinition.OEP_3_StudyMaterial.click_take_picture_button_in_Study_Material()
  Then Click Study Material button                                                                                   # stepDefinition.OEP_3_StudyMaterial.click_Study_Material_button()
  Given Click any subject name                                                                                       # stepDefinition.OEP_3_StudyMaterial.click_any_subject_name()
  When Click add material button                                                                                     # stepDefinition.OEP_3_StudyMaterial.click_add_material_button()
  And Click add button in the subject tab                                                                            # stepDefinition.OEP_3_StudyMaterial.click_add_button_in_the_subject_tab()
  Then Enter existing subject name in add subject                                                                    # stepDefinition.OEP_3_StudyMaterial.enter_existing_subject_name_in_add_subject()
  Then Click save button in add subject                                                                              # stepDefinition.OEP_3_StudyMaterial.click_save_button_in_add_subject()
Error message displayed like: Subject already exist!
  Then Check alert message is displayed or not in add subject in create material                                     # stepDefinition.OEP_3_StudyMaterial.check_alert_message_is_displayed_or_not_in_add_subject_in_create_material()
Page is closed  Then Close Study Material button                                                                                   # stepDefinition.OEP_3_StudyMaterial.close_study_material_button()
]]></system-out>
  </testcase>
  <testcase name="Edit Subject:Close button Check" classname="STUDY MATERIAL" time="24.998">
    <system-out><![CDATA[
@TC_12
Scenario: Edit Subject:Close button Check                                                                            # src/test/resources/FeatureFiles/3_OEP_StudyMaterial.feature:106
  Given To Check Study Material is navigating to OEP URL is "http://192.168.1.30/OEPADMIN/"                          # stepDefinition.OEP_3_StudyMaterial.to_check_study_material_is_navigating_to_oep_url_is(java.lang.String)
  When To Check Study Material Enter username and password are "thirumaran@sankarasoftware.com" and "Thirumaran@001" # stepDefinition.OEP_3_StudyMaterial.to_check_study_material_enter_username_and_password_are_and(java.lang.String,java.lang.String)
  And click the Signin button To Check Study Material                                                                # stepDefinition.OEP_3_StudyMaterial.click_the_signin_button_to_check_study_material()
  Then Click take picture button in Study Material                                                                   # stepDefinition.OEP_3_StudyMaterial.click_take_picture_button_in_Study_Material()
  Then Click Study Material button                                                                                   # stepDefinition.OEP_3_StudyMaterial.click_Study_Material_button()
  Given Click any subject name                                                                                       # stepDefinition.OEP_3_StudyMaterial.click_any_subject_name()
  When Click add material button                                                                                     # stepDefinition.OEP_3_StudyMaterial.click_add_material_button()
  And Select any subject from the dropdown in the subject tab                                                        # stepDefinition.OEP_3_StudyMaterial.select_any_subject_from_the_dropdown_in_the_subject_tab()
  Then Click edit button of the subject tab                                                                          # stepDefinition.OEP_3_StudyMaterial.click_edit_button_of_the_subject_tab()
  Then Click Close button in edit subject                                                                            # stepDefinition.OEP_3_StudyMaterial.click_close_button_in_edit_subject()
Page is closed  Then Close Study Material button                                                                                   # stepDefinition.OEP_3_StudyMaterial.close_study_material_button()
]]></system-out>
  </testcase>
  <testcase name="Edit Subject:Update button Check" classname="STUDY MATERIAL" time="56.198">
    <failure message="Update button is not working" type="java.lang.AssertionError"><![CDATA[java.lang.AssertionError: Update button is not working
	at stepDefinition.OEP_3_StudyMaterial.check_alert_message_is_displayed_or_not_in_edit_subject_in_create_material(OEP_3_StudyMaterial.java:423)
	at ✽.Check success message is displayed or not in edit subject in create material(file:///C:/Users/thirumaran/eclipse-workspace/NexTestify_Cucumber/src/test/resources/FeatureFiles/3_OEP_StudyMaterial.feature:122)
]]></failure>
    <system-out><![CDATA[
@TC_13
Scenario: Edit Subject:Update button Check                                                                           # src/test/resources/FeatureFiles/3_OEP_StudyMaterial.feature:115
  Given To Check Study Material is navigating to OEP URL is "http://192.168.1.30/OEPADMIN/"                          # stepDefinition.OEP_3_StudyMaterial.to_check_study_material_is_navigating_to_oep_url_is(java.lang.String)
  When To Check Study Material Enter username and password are "thirumaran@sankarasoftware.com" and "Thirumaran@001" # stepDefinition.OEP_3_StudyMaterial.to_check_study_material_enter_username_and_password_are_and(java.lang.String,java.lang.String)
  And click the Signin button To Check Study Material                                                                # stepDefinition.OEP_3_StudyMaterial.click_the_signin_button_to_check_study_material()
  Then Click take picture button in Study Material                                                                   # stepDefinition.OEP_3_StudyMaterial.click_take_picture_button_in_Study_Material()
  Then Click Study Material button                                                                                   # stepDefinition.OEP_3_StudyMaterial.click_Study_Material_button()
  Given Click any subject name                                                                                       # stepDefinition.OEP_3_StudyMaterial.click_any_subject_name()
  When Click add material button                                                                                     # stepDefinition.OEP_3_StudyMaterial.click_add_material_button()
  And Select any subject from the dropdown in the subject tab                                                        # stepDefinition.OEP_3_StudyMaterial.select_any_subject_from_the_dropdown_in_the_subject_tab()
  Then Click edit button of the subject tab                                                                          # stepDefinition.OEP_3_StudyMaterial.click_edit_button_of_the_subject_tab()
Subject name is: Artificial Intelligence
  Then Modify valid subject name in edit subject                                                                     # stepDefinition.OEP_3_StudyMaterial.modify_valid_subject_name_in_edit_subject()
  And Click Update button in edit subject                                                                            # stepDefinition.OEP_3_StudyMaterial.click_update_button_in_edit_subject()
Update button is not working
  Then Check success message is displayed or not in edit subject in create material                                  # stepDefinition.OEP_3_StudyMaterial.check_alert_message_is_displayed_or_not_in_edit_subject_in_create_material()
      java.lang.AssertionError: Update button is not working
	at org.junit.Assert.fail(Assert.java:89)
	at stepDefinition.OEP_3_StudyMaterial.check_alert_message_is_displayed_or_not_in_edit_subject_in_create_material(OEP_3_StudyMaterial.java:423)
	at ✽.Check success message is displayed or not in edit subject in create material(file:///C:/Users/thirumaran/eclipse-workspace/NexTestify_Cucumber/src/test/resources/FeatureFiles/3_OEP_StudyMaterial.feature:122)

  Then Close Study Material button                                                                                   # stepDefinition.OEP_3_StudyMaterial.close_study_material_button()
]]></system-out>
  </testcase>
  <testcase name="Delete Subject:Close button Check" classname="STUDY MATERIAL" time="25.106">
    <system-out><![CDATA[
@TC_14
Scenario: Delete Subject:Close button Check                                                                          # src/test/resources/FeatureFiles/3_OEP_StudyMaterial.feature:126
  Given To Check Study Material is navigating to OEP URL is "http://192.168.1.30/OEPADMIN/"                          # stepDefinition.OEP_3_StudyMaterial.to_check_study_material_is_navigating_to_oep_url_is(java.lang.String)
  When To Check Study Material Enter username and password are "thirumaran@sankarasoftware.com" and "Thirumaran@001" # stepDefinition.OEP_3_StudyMaterial.to_check_study_material_enter_username_and_password_are_and(java.lang.String,java.lang.String)
  And click the Signin button To Check Study Material                                                                # stepDefinition.OEP_3_StudyMaterial.click_the_signin_button_to_check_study_material()
  Then Click take picture button in Study Material                                                                   # stepDefinition.OEP_3_StudyMaterial.click_take_picture_button_in_Study_Material()
  Then Click Study Material button                                                                                   # stepDefinition.OEP_3_StudyMaterial.click_Study_Material_button()
  Given Click any subject name                                                                                       # stepDefinition.OEP_3_StudyMaterial.click_any_subject_name()
  When Click add material button                                                                                     # stepDefinition.OEP_3_StudyMaterial.click_add_material_button()
  And Select any subject from the dropdown in the subject tab                                                        # stepDefinition.OEP_3_StudyMaterial.select_any_subject_from_the_dropdown_in_the_subject_tab()
  Then Click delete button of the subject tab                                                                        # stepDefinition.OEP_3_StudyMaterial.click_delete_button_of_the_subject_tab()
  Then Click close button in delete popup                                                                            # stepDefinition.OEP_3_StudyMaterial.click_close_button_in_delete_popup()
Page is closed  Then Close Study Material button                                                                                   # stepDefinition.OEP_3_StudyMaterial.close_study_material_button()
]]></system-out>
  </testcase>
  <testcase name="Delete Subject:No button Check" classname="STUDY MATERIAL" time="24.896">
    <system-out><![CDATA[
@TC_15
Scenario: Delete Subject:No button Check                                                                             # src/test/resources/FeatureFiles/3_OEP_StudyMaterial.feature:135
  Given To Check Study Material is navigating to OEP URL is "http://192.168.1.30/OEPADMIN/"                          # stepDefinition.OEP_3_StudyMaterial.to_check_study_material_is_navigating_to_oep_url_is(java.lang.String)
  When To Check Study Material Enter username and password are "thirumaran@sankarasoftware.com" and "Thirumaran@001" # stepDefinition.OEP_3_StudyMaterial.to_check_study_material_enter_username_and_password_are_and(java.lang.String,java.lang.String)
  And click the Signin button To Check Study Material                                                                # stepDefinition.OEP_3_StudyMaterial.click_the_signin_button_to_check_study_material()
  Then Click take picture button in Study Material                                                                   # stepDefinition.OEP_3_StudyMaterial.click_take_picture_button_in_Study_Material()
  Then Click Study Material button                                                                                   # stepDefinition.OEP_3_StudyMaterial.click_Study_Material_button()
  Given Click any subject name                                                                                       # stepDefinition.OEP_3_StudyMaterial.click_any_subject_name()
  When Click add material button                                                                                     # stepDefinition.OEP_3_StudyMaterial.click_add_material_button()
  And Select any subject from the dropdown in the subject tab                                                        # stepDefinition.OEP_3_StudyMaterial.select_any_subject_from_the_dropdown_in_the_subject_tab()
  Then Click delete button of the subject tab                                                                        # stepDefinition.OEP_3_StudyMaterial.click_delete_button_of_the_subject_tab()
  Then Click No button in the delete subject popup                                                                   # stepDefinition.OEP_3_StudyMaterial.click_no_button_in_the_delete_subject_popup()
Page is closed  Then Close Study Material button                                                                                   # stepDefinition.OEP_3_StudyMaterial.close_study_material_button()
]]></system-out>
  </testcase>
  <testcase name="Add Topic:Close button Check" classname="STUDY MATERIAL" time="25.037">
    <system-out><![CDATA[
@TC_17
Scenario: Add Topic:Close button Check                                                                               # src/test/resources/FeatureFiles/3_OEP_StudyMaterial.feature:153
  Given To Check Study Material is navigating to OEP URL is "http://192.168.1.30/OEPADMIN/"                          # stepDefinition.OEP_3_StudyMaterial.to_check_study_material_is_navigating_to_oep_url_is(java.lang.String)
  When To Check Study Material Enter username and password are "thirumaran@sankarasoftware.com" and "Thirumaran@001" # stepDefinition.OEP_3_StudyMaterial.to_check_study_material_enter_username_and_password_are_and(java.lang.String,java.lang.String)
  And click the Signin button To Check Study Material                                                                # stepDefinition.OEP_3_StudyMaterial.click_the_signin_button_to_check_study_material()
  Then Click take picture button in Study Material                                                                   # stepDefinition.OEP_3_StudyMaterial.click_take_picture_button_in_Study_Material()
  Then Click Study Material button                                                                                   # stepDefinition.OEP_3_StudyMaterial.click_Study_Material_button()
  Given Click any subject name                                                                                       # stepDefinition.OEP_3_StudyMaterial.click_any_subject_name()
  When Click add material button                                                                                     # stepDefinition.OEP_3_StudyMaterial.click_add_material_button()
  And Select any subject from the dropdown in the subject tab                                                        # stepDefinition.OEP_3_StudyMaterial.select_any_subject_from_the_dropdown_in_the_subject_tab()
  Then Click add button in topic tab in create material page                                                         # stepDefinition.OEP_3_StudyMaterial.click_add_button_in_topic_tab_in_create_material_page()
  Then Click Close button in topic tab                                                                               # stepDefinition.OEP_3_StudyMaterial.click_close_button_in_topic_tab()
Page is closed  Then Close Study Material button                                                                                   # stepDefinition.OEP_3_StudyMaterial.close_study_material_button()
]]></system-out>
  </testcase>
  <testcase name="Add Topic:Mandatory Check" classname="STUDY MATERIAL" time="27.12">
    <system-out><![CDATA[
@TC_18
Scenario: Add Topic:Mandatory Check                                                                                  # src/test/resources/FeatureFiles/3_OEP_StudyMaterial.feature:162
  Given To Check Study Material is navigating to OEP URL is "http://192.168.1.30/OEPADMIN/"                          # stepDefinition.OEP_3_StudyMaterial.to_check_study_material_is_navigating_to_oep_url_is(java.lang.String)
  When To Check Study Material Enter username and password are "thirumaran@sankarasoftware.com" and "Thirumaran@001" # stepDefinition.OEP_3_StudyMaterial.to_check_study_material_enter_username_and_password_are_and(java.lang.String,java.lang.String)
  And click the Signin button To Check Study Material                                                                # stepDefinition.OEP_3_StudyMaterial.click_the_signin_button_to_check_study_material()
  Then Click take picture button in Study Material                                                                   # stepDefinition.OEP_3_StudyMaterial.click_take_picture_button_in_Study_Material()
  Then Click Study Material button                                                                                   # stepDefinition.OEP_3_StudyMaterial.click_Study_Material_button()
  Given Click any subject name                                                                                       # stepDefinition.OEP_3_StudyMaterial.click_any_subject_name()
  When Click add material button                                                                                     # stepDefinition.OEP_3_StudyMaterial.click_add_material_button()
  And Select any subject from the dropdown in the subject tab                                                        # stepDefinition.OEP_3_StudyMaterial.select_any_subject_from_the_dropdown_in_the_subject_tab()
  Then Click add button in topic tab in create material page                                                         # stepDefinition.OEP_3_StudyMaterial.click_add_button_in_topic_tab_in_create_material_page()
  Then Click add button in add topic tab                                                                             # stepDefinition.OEP_3_StudyMaterial.click_add_button_in_add_topic_tab()
Actual border color : rgb(255, 0, 0)
Tab border color is as expected as RED colour with color code : rgb(255, 0, 0)
  And Check mandatory message is displayed or not in topic tab                                                       # stepDefinition.OEP_3_StudyMaterial.check_mandatory_message_is_displayed_or_not_in_topic_tab()
Page is closed  Then Close Study Material button                                                                                   # stepDefinition.OEP_3_StudyMaterial.close_study_material_button()
]]></system-out>
  </testcase>
  <testcase name="Add Topic:Add button Check" classname="STUDY MATERIAL" time="24.226">
    <failure message="Success message is not displayed expected:&lt;Topic a[lready exist]!&gt; but was:&lt;Topic a[dded successfully]!&gt;" type="org.junit.ComparisonFailure"><![CDATA[org.junit.ComparisonFailure: Success message is not displayed expected:<Topic a[lready exist]!> but was:<Topic a[dded successfully]!>
	at stepDefinition.OEP_3_StudyMaterial.check_success_message_is_displayed_or_not_in_add_material_page(OEP_3_StudyMaterial.java:867)
	at ✽.Check success message is displayed or not in add material page(file:///C:/Users/thirumaran/eclipse-workspace/NexTestify_Cucumber/src/test/resources/FeatureFiles/3_OEP_StudyMaterial.feature:180)
]]></failure>
    <system-out><![CDATA[
@TC_19
Scenario: Add Topic:Add button Check                                                                                 # src/test/resources/FeatureFiles/3_OEP_StudyMaterial.feature:172
  Given To Check Study Material is navigating to OEP URL is "http://192.168.1.30/OEPADMIN/"                          # stepDefinition.OEP_3_StudyMaterial.to_check_study_material_is_navigating_to_oep_url_is(java.lang.String)
  When To Check Study Material Enter username and password are "thirumaran@sankarasoftware.com" and "Thirumaran@001" # stepDefinition.OEP_3_StudyMaterial.to_check_study_material_enter_username_and_password_are_and(java.lang.String,java.lang.String)
  And click the Signin button To Check Study Material                                                                # stepDefinition.OEP_3_StudyMaterial.click_the_signin_button_to_check_study_material()
  Then Click take picture button in Study Material                                                                   # stepDefinition.OEP_3_StudyMaterial.click_take_picture_button_in_Study_Material()
  Then Click Study Material button                                                                                   # stepDefinition.OEP_3_StudyMaterial.click_Study_Material_button()
  Given Click any subject name                                                                                       # stepDefinition.OEP_3_StudyMaterial.click_any_subject_name()
  When Click add material button                                                                                     # stepDefinition.OEP_3_StudyMaterial.click_add_material_button()
  And Select any subject from the dropdown in the subject tab                                                        # stepDefinition.OEP_3_StudyMaterial.select_any_subject_from_the_dropdown_in_the_subject_tab()
  Then Click add button in topic tab in create material page                                                         # stepDefinition.OEP_3_StudyMaterial.click_add_button_in_topic_tab_in_create_material_page()
  And Enter valid topic name in add topic tab                                                                        # stepDefinition.OEP_3_StudyMaterial.enter_valid_topic_name_in_add_topic_tab()
  Then Click add button in add topic tab                                                                             # stepDefinition.OEP_3_StudyMaterial.click_add_button_in_add_topic_tab()
Success message displayed like: Topic already exist!
  And Check success message is displayed or not in add material page                                                 # stepDefinition.OEP_3_StudyMaterial.check_success_message_is_displayed_or_not_in_add_material_page()
      org.junit.ComparisonFailure: Success message is not displayed expected:<Topic a[lready exist]!> but was:<Topic a[dded successfully]!>
	at org.junit.Assert.assertEquals(Assert.java:117)
	at stepDefinition.OEP_3_StudyMaterial.check_success_message_is_displayed_or_not_in_add_material_page(OEP_3_StudyMaterial.java:867)
	at ✽.Check success message is displayed or not in add material page(file:///C:/Users/thirumaran/eclipse-workspace/NexTestify_Cucumber/src/test/resources/FeatureFiles/3_OEP_StudyMaterial.feature:180)

  Then Close Study Material button                                                                                   # stepDefinition.OEP_3_StudyMaterial.close_study_material_button()
]]></system-out>
  </testcase>
  <testcase name="Edit Topic:Close button Check" classname="STUDY MATERIAL" time="29.174">
    <system-out><![CDATA[
@TC_20
Scenario: Edit Topic:Close button Check                                                                              # src/test/resources/FeatureFiles/3_OEP_StudyMaterial.feature:184
  Given To Check Study Material is navigating to OEP URL is "http://192.168.1.30/OEPADMIN/"                          # stepDefinition.OEP_3_StudyMaterial.to_check_study_material_is_navigating_to_oep_url_is(java.lang.String)
  When To Check Study Material Enter username and password are "thirumaran@sankarasoftware.com" and "Thirumaran@001" # stepDefinition.OEP_3_StudyMaterial.to_check_study_material_enter_username_and_password_are_and(java.lang.String,java.lang.String)
  And click the Signin button To Check Study Material                                                                # stepDefinition.OEP_3_StudyMaterial.click_the_signin_button_to_check_study_material()
  Then Click take picture button in Study Material                                                                   # stepDefinition.OEP_3_StudyMaterial.click_take_picture_button_in_Study_Material()
  Then Click Study Material button                                                                                   # stepDefinition.OEP_3_StudyMaterial.click_Study_Material_button()
  Given Click any subject name                                                                                       # stepDefinition.OEP_3_StudyMaterial.click_any_subject_name()
  When Click add material button                                                                                     # stepDefinition.OEP_3_StudyMaterial.click_add_material_button()
  And Select any subject from the dropdown in the subject tab                                                        # stepDefinition.OEP_3_StudyMaterial.select_any_subject_from_the_dropdown_in_the_subject_tab()
  Then Select any topic name from the dropdown in topic tab                                                          # stepDefinition.OEP_3_StudyMaterial.select_any_topic_name_from_the_dropdown_in_topic_tab()
  And Click edit button in topic tab in create material page                                                         # stepDefinition.OEP_3_StudyMaterial.click_edit_button_in_topic_tab_in_create_material_page()
  Then Click close button in edit topic tab                                                                          # stepDefinition.OEP_3_StudyMaterial.click_close_button_in_edit_topic_tab()
Page is closed  Then Close Study Material button                                                                                   # stepDefinition.OEP_3_StudyMaterial.close_study_material_button()
]]></system-out>
  </testcase>
  <testcase name="Edit Topic:Update button Check #1" classname="STUDY MATERIAL" time="29.48">
    <failure message="Success message is not displayed expected:&lt;Topic [already exist]!&gt; but was:&lt;Topic [updated successfully]!&gt;" type="org.junit.ComparisonFailure"><![CDATA[org.junit.ComparisonFailure: Success message is not displayed expected:<Topic [already exist]!> but was:<Topic [updated successfully]!>
	at stepDefinition.OEP_3_StudyMaterial.check_success_message_is_displayed_or_not_in_edit_topic_popup(OEP_3_StudyMaterial.java:891)
	at ✽.Check success message is displayed or not in edit topic popup(file:///C:/Users/thirumaran/eclipse-workspace/NexTestify_Cucumber/src/test/resources/FeatureFiles/3_OEP_StudyMaterial.feature:202)
]]></failure>
    <system-out><![CDATA[
@TC_21
Scenario: Edit Topic:Update button Check                                                                             # src/test/resources/FeatureFiles/3_OEP_StudyMaterial.feature:194
  Given To Check Study Material is navigating to OEP URL is "http://192.168.1.30/OEPADMIN/"                          # stepDefinition.OEP_3_StudyMaterial.to_check_study_material_is_navigating_to_oep_url_is(java.lang.String)
  When To Check Study Material Enter username and password are "thirumaran@sankarasoftware.com" and "Thirumaran@001" # stepDefinition.OEP_3_StudyMaterial.to_check_study_material_enter_username_and_password_are_and(java.lang.String,java.lang.String)
  And click the Signin button To Check Study Material                                                                # stepDefinition.OEP_3_StudyMaterial.click_the_signin_button_to_check_study_material()
  Then Click take picture button in Study Material                                                                   # stepDefinition.OEP_3_StudyMaterial.click_take_picture_button_in_Study_Material()
  Then Click Study Material button                                                                                   # stepDefinition.OEP_3_StudyMaterial.click_Study_Material_button()
  Given Click any subject name                                                                                       # stepDefinition.OEP_3_StudyMaterial.click_any_subject_name()
  When Click add material button                                                                                     # stepDefinition.OEP_3_StudyMaterial.click_add_material_button()
  And Select any subject from the dropdown in the subject tab                                                        # stepDefinition.OEP_3_StudyMaterial.select_any_subject_from_the_dropdown_in_the_subject_tab()
  Then Select any topic name from the dropdown in topic tab                                                          # stepDefinition.OEP_3_StudyMaterial.select_any_topic_name_from_the_dropdown_in_topic_tab()
  And Click edit button in topic tab in create material page                                                         # stepDefinition.OEP_3_StudyMaterial.click_edit_button_in_topic_tab_in_create_material_page()
Subject name is: Test Topic
  Then Modify valid topic details in edit topic tab                                                                  # stepDefinition.OEP_3_StudyMaterial.modify_valid_topic_details_in_edit_topic_tab()
  And Click update button in edit topic tab                                                                          # stepDefinition.OEP_3_StudyMaterial.click_update_button_in_edit_topic_tab()
Success message displayed like: Topic already exist!
  Then Check success message is displayed or not in edit topic popup                                                 # stepDefinition.OEP_3_StudyMaterial.check_success_message_is_displayed_or_not_in_edit_topic_popup()
      org.junit.ComparisonFailure: Success message is not displayed expected:<Topic [already exist]!> but was:<Topic [updated successfully]!>
	at org.junit.Assert.assertEquals(Assert.java:117)
	at stepDefinition.OEP_3_StudyMaterial.check_success_message_is_displayed_or_not_in_edit_topic_popup(OEP_3_StudyMaterial.java:891)
	at ✽.Check success message is displayed or not in edit topic popup(file:///C:/Users/thirumaran/eclipse-workspace/NexTestify_Cucumber/src/test/resources/FeatureFiles/3_OEP_StudyMaterial.feature:202)

  Then Close Study Material button                                                                                   # stepDefinition.OEP_3_StudyMaterial.close_study_material_button()
]]></system-out>
  </testcase>
  <testcase name="Edit Topic:Update button Check #2" classname="STUDY MATERIAL" time="29.642">
    <failure message="Success message is not displayed expected:&lt;Topic [already exist]!&gt; but was:&lt;Topic [updated successfully]!&gt;" type="org.junit.ComparisonFailure"><![CDATA[org.junit.ComparisonFailure: Success message is not displayed expected:<Topic [already exist]!> but was:<Topic [updated successfully]!>
	at stepDefinition.OEP_3_StudyMaterial.check_success_message_is_displayed_or_not_in_edit_topic_popup(OEP_3_StudyMaterial.java:891)
	at ✽.Check success message is displayed or not in edit topic popup(file:///C:/Users/thirumaran/eclipse-workspace/NexTestify_Cucumber/src/test/resources/FeatureFiles/3_OEP_StudyMaterial.feature:214)
]]></failure>
    <system-out><![CDATA[
@TC_21a
Scenario: Edit Topic:Update button Check                                                                             # src/test/resources/FeatureFiles/3_OEP_StudyMaterial.feature:206
  Given To Check Study Material is navigating to OEP URL is "http://192.168.1.30/OEPADMIN/"                          # stepDefinition.OEP_3_StudyMaterial.to_check_study_material_is_navigating_to_oep_url_is(java.lang.String)
  When To Check Study Material Enter username and password are "thirumaran@sankarasoftware.com" and "Thirumaran@001" # stepDefinition.OEP_3_StudyMaterial.to_check_study_material_enter_username_and_password_are_and(java.lang.String,java.lang.String)
  And click the Signin button To Check Study Material                                                                # stepDefinition.OEP_3_StudyMaterial.click_the_signin_button_to_check_study_material()
  Then Click take picture button in Study Material                                                                   # stepDefinition.OEP_3_StudyMaterial.click_take_picture_button_in_Study_Material()
  Then Click Study Material button                                                                                   # stepDefinition.OEP_3_StudyMaterial.click_Study_Material_button()
  Given Click any subject name                                                                                       # stepDefinition.OEP_3_StudyMaterial.click_any_subject_name()
  When Click add material button                                                                                     # stepDefinition.OEP_3_StudyMaterial.click_add_material_button()
  And Select any subject from the dropdown in the subject tab                                                        # stepDefinition.OEP_3_StudyMaterial.select_any_subject_from_the_dropdown_in_the_subject_tab()
  Then Select any topic name from the dropdown in topic                                                              # stepDefinition.OEP_3_StudyMaterial.select_any_topic_name_from_the_dropdown_in_topic()
  And Click edit button in topic tab in create material page                                                         # stepDefinition.OEP_3_StudyMaterial.click_edit_button_in_topic_tab_in_create_material_page()
Subject name is: Test Topics
  Then Modify valid topic details in edit topic                                                                      # stepDefinition.OEP_3_StudyMaterial.modify_valid_topic_details_in_edit_topic()
  And Click update button in edit topic tab                                                                          # stepDefinition.OEP_3_StudyMaterial.click_update_button_in_edit_topic_tab()
Success message displayed like: Topic already exist!
  Then Check success message is displayed or not in edit topic popup                                                 # stepDefinition.OEP_3_StudyMaterial.check_success_message_is_displayed_or_not_in_edit_topic_popup()
      org.junit.ComparisonFailure: Success message is not displayed expected:<Topic [already exist]!> but was:<Topic [updated successfully]!>
	at org.junit.Assert.assertEquals(Assert.java:117)
	at stepDefinition.OEP_3_StudyMaterial.check_success_message_is_displayed_or_not_in_edit_topic_popup(OEP_3_StudyMaterial.java:891)
	at ✽.Check success message is displayed or not in edit topic popup(file:///C:/Users/thirumaran/eclipse-workspace/NexTestify_Cucumber/src/test/resources/FeatureFiles/3_OEP_StudyMaterial.feature:214)

  Then Close Study Material button                                                                                   # stepDefinition.OEP_3_StudyMaterial.close_study_material_button()
]]></system-out>
  </testcase>
  <testcase name="Delete Topic:Close button Check" classname="STUDY MATERIAL" time="29.396">
    <system-out><![CDATA[
@TC_22
Scenario: Delete Topic:Close button Check                                                                            # src/test/resources/FeatureFiles/3_OEP_StudyMaterial.feature:218
  Given To Check Study Material is navigating to OEP URL is "http://192.168.1.30/OEPADMIN/"                          # stepDefinition.OEP_3_StudyMaterial.to_check_study_material_is_navigating_to_oep_url_is(java.lang.String)
  When To Check Study Material Enter username and password are "thirumaran@sankarasoftware.com" and "Thirumaran@001" # stepDefinition.OEP_3_StudyMaterial.to_check_study_material_enter_username_and_password_are_and(java.lang.String,java.lang.String)
  And click the Signin button To Check Study Material                                                                # stepDefinition.OEP_3_StudyMaterial.click_the_signin_button_to_check_study_material()
  Then Click take picture button in Study Material                                                                   # stepDefinition.OEP_3_StudyMaterial.click_take_picture_button_in_Study_Material()
  Then Click Study Material button                                                                                   # stepDefinition.OEP_3_StudyMaterial.click_Study_Material_button()
  Given Click any subject name                                                                                       # stepDefinition.OEP_3_StudyMaterial.click_any_subject_name()
  When Click add material button                                                                                     # stepDefinition.OEP_3_StudyMaterial.click_add_material_button()
  And Select any subject from the dropdown in the subject tab                                                        # stepDefinition.OEP_3_StudyMaterial.select_any_subject_from_the_dropdown_in_the_subject_tab()
  Then Select any topic name from the dropdown in topic tab                                                          # stepDefinition.OEP_3_StudyMaterial.select_any_topic_name_from_the_dropdown_in_topic_tab()
  And Click delete button in topic tab                                                                               # stepDefinition.OEP_3_StudyMaterial.click_delete_button_in_topic_tab()
  Then Click close button in delete topic                                                                            # stepDefinition.OEP_3_StudyMaterial.click_close_button_in_delete_topic()
Page is closed  Then Close Study Material button                                                                                   # stepDefinition.OEP_3_StudyMaterial.close_study_material_button()
]]></system-out>
  </testcase>
  <testcase name="Delete Topic:No button Check" classname="STUDY MATERIAL" time="29.388">
    <system-out><![CDATA[
@TC_23
Scenario: Delete Topic:No button Check                                                                               # src/test/resources/FeatureFiles/3_OEP_StudyMaterial.feature:228
  Given To Check Study Material is navigating to OEP URL is "http://192.168.1.30/OEPADMIN/"                          # stepDefinition.OEP_3_StudyMaterial.to_check_study_material_is_navigating_to_oep_url_is(java.lang.String)
  When To Check Study Material Enter username and password are "thirumaran@sankarasoftware.com" and "Thirumaran@001" # stepDefinition.OEP_3_StudyMaterial.to_check_study_material_enter_username_and_password_are_and(java.lang.String,java.lang.String)
  And click the Signin button To Check Study Material                                                                # stepDefinition.OEP_3_StudyMaterial.click_the_signin_button_to_check_study_material()
  Then Click take picture button in Study Material                                                                   # stepDefinition.OEP_3_StudyMaterial.click_take_picture_button_in_Study_Material()
  Then Click Study Material button                                                                                   # stepDefinition.OEP_3_StudyMaterial.click_Study_Material_button()
  Given Click any subject name                                                                                       # stepDefinition.OEP_3_StudyMaterial.click_any_subject_name()
  When Click add material button                                                                                     # stepDefinition.OEP_3_StudyMaterial.click_add_material_button()
  And Select any subject from the dropdown in the subject tab                                                        # stepDefinition.OEP_3_StudyMaterial.select_any_subject_from_the_dropdown_in_the_subject_tab()
  Then Select any topic name from the dropdown in topic tab                                                          # stepDefinition.OEP_3_StudyMaterial.select_any_topic_name_from_the_dropdown_in_topic_tab()
  And Click delete button in topic tab                                                                               # stepDefinition.OEP_3_StudyMaterial.click_delete_button_in_topic_tab()
  Then Click no button in delete topic                                                                               # stepDefinition.OEP_3_StudyMaterial.click_no_button_in_delete_topic()
Page is closed  Then Close Study Material button                                                                                   # stepDefinition.OEP_3_StudyMaterial.close_study_material_button()
]]></system-out>
  </testcase>
  <testcase name="Delete Topic:Yes button Check" classname="STUDY MATERIAL" time="29.089">
    <system-out><![CDATA[
@TC_24
Scenario: Delete Topic:Yes button Check                                                                              # src/test/resources/FeatureFiles/3_OEP_StudyMaterial.feature:238
  Given To Check Study Material is navigating to OEP URL is "http://192.168.1.30/OEPADMIN/"                          # stepDefinition.OEP_3_StudyMaterial.to_check_study_material_is_navigating_to_oep_url_is(java.lang.String)
  When To Check Study Material Enter username and password are "thirumaran@sankarasoftware.com" and "Thirumaran@001" # stepDefinition.OEP_3_StudyMaterial.to_check_study_material_enter_username_and_password_are_and(java.lang.String,java.lang.String)
  And click the Signin button To Check Study Material                                                                # stepDefinition.OEP_3_StudyMaterial.click_the_signin_button_to_check_study_material()
  Then Click take picture button in Study Material                                                                   # stepDefinition.OEP_3_StudyMaterial.click_take_picture_button_in_Study_Material()
  Then Click Study Material button                                                                                   # stepDefinition.OEP_3_StudyMaterial.click_Study_Material_button()
  Given Click any subject name                                                                                       # stepDefinition.OEP_3_StudyMaterial.click_any_subject_name()
  When Click add material button                                                                                     # stepDefinition.OEP_3_StudyMaterial.click_add_material_button()
  And Select any subject from the dropdown in the subject tab                                                        # stepDefinition.OEP_3_StudyMaterial.select_any_subject_from_the_dropdown_in_the_subject_tab()
  Then Select any topic name from the dropdown in topic tab                                                          # stepDefinition.OEP_3_StudyMaterial.select_any_topic_name_from_the_dropdown_in_topic_tab()
  And Click delete button in topic tab                                                                               # stepDefinition.OEP_3_StudyMaterial.click_delete_button_in_topic_tab()
Page is closed  Then Close Study Material button                                                                                   # stepDefinition.OEP_3_StudyMaterial.close_study_material_button()
]]></system-out>
  </testcase>
  <testcase name="Add Material:Valid Check #2" classname="STUDY MATERIAL" time="37.934">
    <system-out><![CDATA[
@TC_25
Scenario: Add Material:Valid Check                                                                                   # src/test/resources/FeatureFiles/3_OEP_StudyMaterial.feature:248
  Given To Check Study Material is navigating to OEP URL is "http://192.168.1.30/OEPADMIN/"                          # stepDefinition.OEP_3_StudyMaterial.to_check_study_material_is_navigating_to_oep_url_is(java.lang.String)
  When To Check Study Material Enter username and password are "thirumaran@sankarasoftware.com" and "Thirumaran@001" # stepDefinition.OEP_3_StudyMaterial.to_check_study_material_enter_username_and_password_are_and(java.lang.String,java.lang.String)
  And click the Signin button To Check Study Material                                                                # stepDefinition.OEP_3_StudyMaterial.click_the_signin_button_to_check_study_material()
  Then Click take picture button in Study Material                                                                   # stepDefinition.OEP_3_StudyMaterial.click_take_picture_button_in_Study_Material()
  Then Click Study Material button                                                                                   # stepDefinition.OEP_3_StudyMaterial.click_Study_Material_button()
  Given Click any subject name                                                                                       # stepDefinition.OEP_3_StudyMaterial.click_any_subject_name()
  When Click add material button                                                                                     # stepDefinition.OEP_3_StudyMaterial.click_add_material_button()
  And Select any subject from the dropdown in the subject tab                                                        # stepDefinition.OEP_3_StudyMaterial.select_any_subject_from_the_dropdown_in_the_subject_tab()
  Then Select any topic name from the dropdown in the topic tab                                                      # stepDefinition.OEP_3_StudyMaterial.select_any_topic_name_from_the_dropdown_in_the_topic_tab()
  And Enter valid chapter name                                                                                       # stepDefinition.OEP_3_StudyMaterial.enter_valid_chapter_name()
Radio button is already selected
  Then Click raw content radio button                                                                                # stepDefinition.OEP_3_StudyMaterial.click_raw_content_radio_button()
  And Enter valid details in the Synopsis box                                                                        # stepDefinition.OEP_3_StudyMaterial.enter_valid_details_in_the_synopsis_box()
  Then Upload valid files in appendices tab                                                                          # stepDefinition.OEP_3_StudyMaterial.upload_valid_files_in_appendices_tab()
  And Click save button in add material                                                                              # stepDefinition.OEP_3_StudyMaterial.click_save_button_in_add_material()
Page is closed  Then Close Study Material button                                                                                   # stepDefinition.OEP_3_StudyMaterial.close_study_material_button()
]]></system-out>
  </testcase>
  <testcase name="Edit Material:Clear check" classname="STUDY MATERIAL" time="26.668">
    <system-out><![CDATA[
@TC_26
Scenario: Edit Material:Clear check                                                                                  # src/test/resources/FeatureFiles/3_OEP_StudyMaterial.feature:262
  Given To Check Study Material is navigating to OEP URL is "http://192.168.1.30/OEPADMIN/"                          # stepDefinition.OEP_3_StudyMaterial.to_check_study_material_is_navigating_to_oep_url_is(java.lang.String)
  When To Check Study Material Enter username and password are "thirumaran@sankarasoftware.com" and "Thirumaran@001" # stepDefinition.OEP_3_StudyMaterial.to_check_study_material_enter_username_and_password_are_and(java.lang.String,java.lang.String)
  And click the Signin button To Check Study Material                                                                # stepDefinition.OEP_3_StudyMaterial.click_the_signin_button_to_check_study_material()
  Then Click take picture button in Study Material                                                                   # stepDefinition.OEP_3_StudyMaterial.click_take_picture_button_in_Study_Material()
  Then Click Study Material button                                                                                   # stepDefinition.OEP_3_StudyMaterial.click_Study_Material_button()
  Given Click any subject name                                                                                       # stepDefinition.OEP_3_StudyMaterial.click_any_subject_name()
  When Click any question and answer details                                                                         # stepDefinition.OEP_3_StudyMaterial.click_any_question_and_answer_details()
  And Click clear button in edit material page                                                                       # stepDefinition.OEP_3_StudyMaterial.click_clear_button_in_edit_material_page()
All tabs are cleared and clear button is working
  Then Check details gets cleared or not in edit material page                                                       # stepDefinition.OEP_3_StudyMaterial.check_details_gets_cleared_or_not_in_edit_material_page()
Page is closed  Then Close Study Material button                                                                                   # stepDefinition.OEP_3_StudyMaterial.close_study_material_button()
]]></system-out>
  </testcase>
  <testcase name="Edit Material:Delete check" classname="STUDY MATERIAL" time="26.992">
    <system-out><![CDATA[
@TC_27
Scenario: Edit Material:Delete check                                                                                 # src/test/resources/FeatureFiles/3_OEP_StudyMaterial.feature:270
  Given To Check Study Material is navigating to OEP URL is "http://192.168.1.30/OEPADMIN/"                          # stepDefinition.OEP_3_StudyMaterial.to_check_study_material_is_navigating_to_oep_url_is(java.lang.String)
  When To Check Study Material Enter username and password are "thirumaran@sankarasoftware.com" and "Thirumaran@001" # stepDefinition.OEP_3_StudyMaterial.to_check_study_material_enter_username_and_password_are_and(java.lang.String,java.lang.String)
  And click the Signin button To Check Study Material                                                                # stepDefinition.OEP_3_StudyMaterial.click_the_signin_button_to_check_study_material()
  Then Click take picture button in Study Material                                                                   # stepDefinition.OEP_3_StudyMaterial.click_take_picture_button_in_Study_Material()
  Then Click Study Material button                                                                                   # stepDefinition.OEP_3_StudyMaterial.click_Study_Material_button()
  Given Click any subject name                                                                                       # stepDefinition.OEP_3_StudyMaterial.click_any_subject_name()
  When Click any question and answer details                                                                         # stepDefinition.OEP_3_StudyMaterial.click_any_question_and_answer_details()
  And Click delete button in edit material page                                                                      # stepDefinition.OEP_3_StudyMaterial.click_delete_button_in_edit_material_page()
  Then Upload any material in edit material page                                                                     # stepDefinition.OEP_3_StudyMaterial.Upload_any_material_in_edit_material_page()
Page is closed  Then Close Study Material button                                                                                   # stepDefinition.OEP_3_StudyMaterial.close_study_material_button()
]]></system-out>
  </testcase>
  <testcase name="Edit Material:Modify check" classname="STUDY MATERIAL" time="27.492">
    <system-out><![CDATA[
@TC_28
Scenario: Edit Material:Modify check                                                                                 # src/test/resources/FeatureFiles/3_OEP_StudyMaterial.feature:278
  Given To Check Study Material is navigating to OEP URL is "http://192.168.1.30/OEPADMIN/"                          # stepDefinition.OEP_3_StudyMaterial.to_check_study_material_is_navigating_to_oep_url_is(java.lang.String)
  When To Check Study Material Enter username and password are "thirumaran@sankarasoftware.com" and "Thirumaran@001" # stepDefinition.OEP_3_StudyMaterial.to_check_study_material_enter_username_and_password_are_and(java.lang.String,java.lang.String)
  And click the Signin button To Check Study Material                                                                # stepDefinition.OEP_3_StudyMaterial.click_the_signin_button_to_check_study_material()
  Then Click take picture button in Study Material                                                                   # stepDefinition.OEP_3_StudyMaterial.click_take_picture_button_in_Study_Material()
  Then Click Study Material button                                                                                   # stepDefinition.OEP_3_StudyMaterial.click_Study_Material_button()
  Given Click any subject name                                                                                       # stepDefinition.OEP_3_StudyMaterial.click_any_subject_name()
  When Click any question and answer details                                                                         # stepDefinition.OEP_3_StudyMaterial.click_any_question_and_answer_details()
Subject name is: Smart Contracts
  And Modify any details in edit material page                                                                       # stepDefinition.OEP_3_StudyMaterial.modify_any_details_in_edit_material_page()
  Then Click update button in edit material page                                                                     # stepDefinition.OEP_3_StudyMaterial.click_update_button_in_edit_material_page()
Success message displayed like: Study Material updated successfully!
  Then Check success message is displayed or not in edit material page                                               # stepDefinition.OEP_3_StudyMaterial.check_success_message_is_displayed_or_not_in_edit_material_page()
Page is closed  Then Close Study Material button                                                                                   # stepDefinition.OEP_3_StudyMaterial.close_study_material_button()
]]></system-out>
  </testcase>
  <testcase name="Exercise:Back check #1" classname="STUDY MATERIAL" time="21.332">
    <system-out><![CDATA[
@TC_29
Scenario: Exercise:Back check                                                                                        # src/test/resources/FeatureFiles/3_OEP_StudyMaterial.feature:287
  Given To Check Study Material is navigating to OEP URL is "http://192.168.1.30/OEPADMIN/"                          # stepDefinition.OEP_3_StudyMaterial.to_check_study_material_is_navigating_to_oep_url_is(java.lang.String)
  When To Check Study Material Enter username and password are "thirumaran@sankarasoftware.com" and "Thirumaran@001" # stepDefinition.OEP_3_StudyMaterial.to_check_study_material_enter_username_and_password_are_and(java.lang.String,java.lang.String)
  And click the Signin button To Check Study Material                                                                # stepDefinition.OEP_3_StudyMaterial.click_the_signin_button_to_check_study_material()
  Then Click take picture button in Study Material                                                                   # stepDefinition.OEP_3_StudyMaterial.click_take_picture_button_in_Study_Material()
  Then Click Study Material button                                                                                   # stepDefinition.OEP_3_StudyMaterial.click_Study_Material_button()
  Given Click any subject name                                                                                       # stepDefinition.OEP_3_StudyMaterial.click_any_subject_name()
  When Click the exercise button                                                                                     # stepDefinition.OEP_3_StudyMaterial.click_the_exercise_button()
  And Click view material button in exercise                                                                         # stepDefinition.OEP_3_StudyMaterial.click_view_material_button_in_exercise()
  Then Check page navigates to view material page or not                                                             # stepDefinition.OEP_3_StudyMaterial.check_page_navigates_to_view_material_page_or_not()
Page is closed  Then Close Study Material button                                                                                   # stepDefinition.OEP_3_StudyMaterial.close_study_material_button()
]]></system-out>
  </testcase>
  <testcase name="Exercise:Back check #2" classname="STUDY MATERIAL" time="21.636">
    <system-out><![CDATA[
@TC_30
Scenario: Exercise:Back check                                                                                        # src/test/resources/FeatureFiles/3_OEP_StudyMaterial.feature:295
  Given To Check Study Material is navigating to OEP URL is "http://192.168.1.30/OEPADMIN/"                          # stepDefinition.OEP_3_StudyMaterial.to_check_study_material_is_navigating_to_oep_url_is(java.lang.String)
  When To Check Study Material Enter username and password are "thirumaran@sankarasoftware.com" and "Thirumaran@001" # stepDefinition.OEP_3_StudyMaterial.to_check_study_material_enter_username_and_password_are_and(java.lang.String,java.lang.String)
  And click the Signin button To Check Study Material                                                                # stepDefinition.OEP_3_StudyMaterial.click_the_signin_button_to_check_study_material()
  Then Click take picture button in Study Material                                                                   # stepDefinition.OEP_3_StudyMaterial.click_take_picture_button_in_Study_Material()
  Then Click Study Material button                                                                                   # stepDefinition.OEP_3_StudyMaterial.click_Study_Material_button()
  Given Click any subject name                                                                                       # stepDefinition.OEP_3_StudyMaterial.click_any_subject_name()
  When Click the exercise button                                                                                     # stepDefinition.OEP_3_StudyMaterial.click_the_exercise_button()
  And Click add material button in exercise                                                                          # stepDefinition.OEP_3_StudyMaterial.click_add_material_button_in_exercise()
  Then Check page navigates to add material page or not                                                              # stepDefinition.OEP_3_StudyMaterial.check_page_navigates_to_add_material_page_or_not()
Page is closed  Then Close Study Material button                                                                                   # stepDefinition.OEP_3_StudyMaterial.close_study_material_button()
]]></system-out>
  </testcase>
  <testcase name="Exercise:Back check #3" classname="STUDY MATERIAL" time="30.316">
    <system-out><![CDATA[
@TC_31
Scenario: Exercise:Back check                                                                                        # src/test/resources/FeatureFiles/3_OEP_StudyMaterial.feature:303
  Given To Check Study Material is navigating to OEP URL is "http://192.168.1.30/OEPADMIN/"                          # stepDefinition.OEP_3_StudyMaterial.to_check_study_material_is_navigating_to_oep_url_is(java.lang.String)
  When To Check Study Material Enter username and password are "thirumaran@sankarasoftware.com" and "Thirumaran@001" # stepDefinition.OEP_3_StudyMaterial.to_check_study_material_enter_username_and_password_are_and(java.lang.String,java.lang.String)
  And click the Signin button To Check Study Material                                                                # stepDefinition.OEP_3_StudyMaterial.click_the_signin_button_to_check_study_material()
  Then Click take picture button in Study Material                                                                   # stepDefinition.OEP_3_StudyMaterial.click_take_picture_button_in_Study_Material()
  Then Click Study Material button                                                                                   # stepDefinition.OEP_3_StudyMaterial.click_Study_Material_button()
  Given Click any subject name                                                                                       # stepDefinition.OEP_3_StudyMaterial.click_any_subject_name()
  When Click the exercise button                                                                                     # stepDefinition.OEP_3_StudyMaterial.click_the_exercise_button()
  And Click edit button of any exercise question                                                                     # stepDefinition.OEP_3_StudyMaterial.click_edit_button_of_any_exercise_question()
  Then Click clear button in edit question                                                                           # stepDefinition.OEP_3_StudyMaterial.click_clear_button_in_edit_question()
Chapter tab has: 
All tabs are cleared and clear button is working
  And Check details are cleared or not in edit question                                                              # stepDefinition.OEP_3_StudyMaterial.check_details_are_cleared_or_not_in_edit_material()
Page is closed  Then Close Study Material button                                                                                   # stepDefinition.OEP_3_StudyMaterial.close_study_material_button()
]]></system-out>
  </testcase>
  <testcase name="Exercise:Mandatory Check" classname="STUDY MATERIAL" time="30.005">
    <system-out><![CDATA[
@TC_32
Scenario: Exercise:Mandatory Check                                                                                   # src/test/resources/FeatureFiles/3_OEP_StudyMaterial.feature:312
  Given To Check Study Material is navigating to OEP URL is "http://192.168.1.30/OEPADMIN/"                          # stepDefinition.OEP_3_StudyMaterial.to_check_study_material_is_navigating_to_oep_url_is(java.lang.String)
  When To Check Study Material Enter username and password are "thirumaran@sankarasoftware.com" and "Thirumaran@001" # stepDefinition.OEP_3_StudyMaterial.to_check_study_material_enter_username_and_password_are_and(java.lang.String,java.lang.String)
  And click the Signin button To Check Study Material                                                                # stepDefinition.OEP_3_StudyMaterial.click_the_signin_button_to_check_study_material()
  Then Click take picture button in Study Material                                                                   # stepDefinition.OEP_3_StudyMaterial.click_take_picture_button_in_Study_Material()
  Then Click Study Material button                                                                                   # stepDefinition.OEP_3_StudyMaterial.click_Study_Material_button()
  Given Click any subject name                                                                                       # stepDefinition.OEP_3_StudyMaterial.click_any_subject_name()
  When Click the exercise button                                                                                     # stepDefinition.OEP_3_StudyMaterial.click_the_exercise_button()
  And Click edit button of any exercise question                                                                     # stepDefinition.OEP_3_StudyMaterial.click_edit_button_of_any_exercise_question()
  Then Click clear button in edit question                                                                           # stepDefinition.OEP_3_StudyMaterial.click_clear_button_in_edit_question()
  And Click update button in edit question                                                                           # stepDefinition.OEP_3_StudyMaterial.click_update_button_in_edit_question()
Error message displayed like: Question is required!
  And Check mandatory error message is displayed or not in edit question page                                        # stepDefinition.OEP_3_StudyMaterial.check_mandatory_error_message_is_displayed_or_not_in_edit_question_page()
Page is closed  Then Close Study Material button                                                                                   # stepDefinition.OEP_3_StudyMaterial.close_study_material_button()
]]></system-out>
  </testcase>
  <testcase name="Exercise:Features Check #1" classname="STUDY MATERIAL" time="24.412">
    <system-out><![CDATA[
@TC_33
Scenario: Exercise:Features Check                                                                                    # src/test/resources/FeatureFiles/3_OEP_StudyMaterial.feature:322
  Given To Check Study Material is navigating to OEP URL is "http://192.168.1.30/OEPADMIN/"                          # stepDefinition.OEP_3_StudyMaterial.to_check_study_material_is_navigating_to_oep_url_is(java.lang.String)
  When To Check Study Material Enter username and password are "thirumaran@sankarasoftware.com" and "Thirumaran@001" # stepDefinition.OEP_3_StudyMaterial.to_check_study_material_enter_username_and_password_are_and(java.lang.String,java.lang.String)
  And click the Signin button To Check Study Material                                                                # stepDefinition.OEP_3_StudyMaterial.click_the_signin_button_to_check_study_material()
  Then Click take picture button in Study Material                                                                   # stepDefinition.OEP_3_StudyMaterial.click_take_picture_button_in_Study_Material()
  Then Click Study Material button                                                                                   # stepDefinition.OEP_3_StudyMaterial.click_Study_Material_button()
  Given Click any subject name                                                                                       # stepDefinition.OEP_3_StudyMaterial.click_any_subject_name()
  When Click the exercise button                                                                                     # stepDefinition.OEP_3_StudyMaterial.click_the_exercise_button()
  And Click edit button of any exercise question                                                                     # stepDefinition.OEP_3_StudyMaterial.click_edit_button_of_any_exercise_question()
Page is closed  Then Close Study Material button                                                                                   # stepDefinition.OEP_3_StudyMaterial.close_study_material_button()
]]></system-out>
  </testcase>
  <testcase name="Exercise:Features Check #2" classname="STUDY MATERIAL" time="24.23">
    <system-out><![CDATA[
@TC_34
Scenario: Exercise:Features Check                                                                                    # src/test/resources/FeatureFiles/3_OEP_StudyMaterial.feature:330
  Given To Check Study Material is navigating to OEP URL is "http://192.168.1.30/OEPADMIN/"                          # stepDefinition.OEP_3_StudyMaterial.to_check_study_material_is_navigating_to_oep_url_is(java.lang.String)
  When To Check Study Material Enter username and password are "thirumaran@sankarasoftware.com" and "Thirumaran@001" # stepDefinition.OEP_3_StudyMaterial.to_check_study_material_enter_username_and_password_are_and(java.lang.String,java.lang.String)
  And click the Signin button To Check Study Material                                                                # stepDefinition.OEP_3_StudyMaterial.click_the_signin_button_to_check_study_material()
  Then Click take picture button in Study Material                                                                   # stepDefinition.OEP_3_StudyMaterial.click_take_picture_button_in_Study_Material()
  Then Click Study Material button                                                                                   # stepDefinition.OEP_3_StudyMaterial.click_Study_Material_button()
  Given Click any subject name                                                                                       # stepDefinition.OEP_3_StudyMaterial.click_any_subject_name()
  When Click the exercise button                                                                                     # stepDefinition.OEP_3_StudyMaterial.click_the_exercise_button()
  And Click edit button of any exercise question                                                                     # stepDefinition.OEP_3_StudyMaterial.click_edit_button_of_any_exercise_question()
Page is closed  Then Close Study Material button                                                                                   # stepDefinition.OEP_3_StudyMaterial.close_study_material_button()
]]></system-out>
  </testcase>
  <testcase name="Exercise:Update Check" classname="STUDY MATERIAL" time="32.519">
    <system-out><![CDATA[
@TC_35
Scenario: Exercise:Update Check                                                                                      # src/test/resources/FeatureFiles/3_OEP_StudyMaterial.feature:338
  Given To Check Study Material is navigating to OEP URL is "http://192.168.1.30/OEPADMIN/"                          # stepDefinition.OEP_3_StudyMaterial.to_check_study_material_is_navigating_to_oep_url_is(java.lang.String)
  When To Check Study Material Enter username and password are "thirumaran@sankarasoftware.com" and "Thirumaran@001" # stepDefinition.OEP_3_StudyMaterial.to_check_study_material_enter_username_and_password_are_and(java.lang.String,java.lang.String)
  And click the Signin button To Check Study Material                                                                # stepDefinition.OEP_3_StudyMaterial.click_the_signin_button_to_check_study_material()
  Then Click take picture button in Study Material                                                                   # stepDefinition.OEP_3_StudyMaterial.click_take_picture_button_in_Study_Material()
  Then Click Study Material button                                                                                   # stepDefinition.OEP_3_StudyMaterial.click_Study_Material_button()
  Given Click any subject name                                                                                       # stepDefinition.OEP_3_StudyMaterial.click_any_subject_name()
  When Click the exercise button                                                                                     # stepDefinition.OEP_3_StudyMaterial.click_the_exercise_button()
  And Click edit button of any exercise question                                                                     # stepDefinition.OEP_3_StudyMaterial.click_edit_button_of_any_exercise_question()
Subject name is: That means the transaction cannot be changed, and only parties who have been granted permission can see the _____
  Then Modify valid details in edit question page                                                                    # stepDefinition.OEP_3_StudyMaterial.modify_valid_details_in_edit_question_page()
  And Click update button in edit question                                                                           # stepDefinition.OEP_3_StudyMaterial.click_update_button_in_edit_question()
Success message displayed like: Question and answer updated successfully!
  And Check success message is displayed or not in edit question                                                     # stepDefinition.OEP_3_StudyMaterial.check_alert_message_is_displayed_or_not_in_edit_question()
Page is closed  Then Close Study Material button                                                                                   # stepDefinition.OEP_3_StudyMaterial.close_study_material_button()
]]></system-out>
  </testcase>
</testsuite>