<?xml version="1.0" encoding="UTF-8"?>
<testsuite xmlns:xsi="http://www.w3.org/2001/XMLSchema-instance" xsi:noNamespaceSchemaLocation="https://maven.apache.org/surefire/maven-surefire-plugin/xsd/surefire-test-report.xsd" version="3.0.1" name="runnerClass.OEP_5_AdminRunnerTest" time="937.253" tests="48" errors="2" skipped="0" failures="0">
  <properties>
    <property name="java.specification.version" value="21"/>
    <property name="webdriver.chrome.driver" value=".\Driver\chromedriver.exe"/>
    <property name="sun.cpu.isalist" value="amd64"/>
    <property name="sun.jnu.encoding" value="Cp1252"/>
    <property name="java.class.path" value="C:\Users\thirumaran\eclipse-workspace\NexTestify_Cucumber\target\test-classes;C:\Users\thirumaran\eclipse-workspace\NexTestify_Cucumber\target\classes;C:\WINDOWS\system32\config\systemprofile\.m2\repository\io\cucumber\cucumber-java\7.18.0\cucumber-java-7.18.0.jar;C:\WINDOWS\system32\config\systemprofile\.m2\repository\org\apiguardian\apiguardian-api\1.1.2\apiguardian-api-1.1.2.jar;C:\WINDOWS\system32\config\systemprofile\.m2\repository\io\cucumber\cucumber-junit\7.18.0\cucumber-junit-7.18.0.jar;C:\WINDOWS\system32\config\systemprofile\.m2\repository\io\cucumber\cucumber-core\7.18.0\cucumber-core-7.18.0.jar;C:\WINDOWS\system32\config\systemprofile\.m2\repository\io\cucumber\cucumber-gherkin\7.18.0\cucumber-gherkin-7.18.0.jar;C:\WINDOWS\system32\config\systemprofile\.m2\repository\io\cucumber\cucumber-gherkin-messages\7.18.0\cucumber-gherkin-messages-7.18.0.jar;C:\WINDOWS\system32\config\systemprofile\.m2\repository\io\cucumber\gherkin\28.0.0\gherkin-28.0.0.jar;C:\WINDOWS\system32\config\systemprofile\.m2\repository\io\cucumber\messages\24.1.0\messages-24.1.0.jar;C:\WINDOWS\system32\config\systemprofile\.m2\repository\io\cucumber\testng-xml-formatter\0.1.0\testng-xml-formatter-0.1.0.jar;C:\WINDOWS\system32\config\systemprofile\.m2\repository\io\cucumber\query\12.2.0\query-12.2.0.jar;C:\WINDOWS\system32\config\systemprofile\.m2\repository\io\cucumber\tag-expressions\6.1.0\tag-expressions-6.1.0.jar;C:\WINDOWS\system32\config\systemprofile\.m2\repository\io\cucumber\cucumber-expressions\17.1.0\cucumber-expressions-17.1.0.jar;C:\WINDOWS\system32\config\systemprofile\.m2\repository\io\cucumber\datatable\7.18.0\datatable-7.18.0.jar;C:\WINDOWS\system32\config\systemprofile\.m2\repository\io\cucumber\cucumber-plugin\7.18.0\cucumber-plugin-7.18.0.jar;C:\WINDOWS\system32\config\systemprofile\.m2\repository\io\cucumber\docstring\7.18.0\docstring-7.18.0.jar;C:\WINDOWS\system32\config\systemprofile\.m2\repository\io\cucumber\html-formatter\21.3.1\html-formatter-21.3.1.jar;C:\WINDOWS\system32\config\systemprofile\.m2\repository\io\cucumber\junit-xml-formatter\0.4.0\junit-xml-formatter-0.4.0.jar;C:\WINDOWS\system32\config\systemprofile\.m2\repository\io\cucumber\ci-environment\10.0.1\ci-environment-10.0.1.jar;C:\WINDOWS\system32\config\systemprofile\.m2\repository\io\github\bonigarcia\webdrivermanager\5.9.1\webdrivermanager-5.9.1.jar;C:\WINDOWS\system32\config\systemprofile\.m2\repository\org\slf4j\slf4j-api\2.0.13\slf4j-api-2.0.13.jar;C:\WINDOWS\system32\config\systemprofile\.m2\repository\com\google\code\gson\gson\2.11.0\gson-2.11.0.jar;C:\WINDOWS\system32\config\systemprofile\.m2\repository\com\google\errorprone\error_prone_annotations\2.27.0\error_prone_annotations-2.27.0.jar;C:\WINDOWS\system32\config\systemprofile\.m2\repository\com\github\docker-java\docker-java\3.3.6\docker-java-3.3.6.jar;C:\WINDOWS\system32\config\systemprofile\.m2\repository\com\github\docker-java\docker-java-core\3.3.6\docker-java-core-3.3.6.jar;C:\WINDOWS\system32\config\systemprofile\.m2\repository\com\github\docker-java\docker-java-api\3.3.6\docker-java-api-3.3.6.jar;C:\WINDOWS\system32\config\systemprofile\.m2\repository\com\fasterxml\jackson\core\jackson-annotations\2.10.3\jackson-annotations-2.10.3.jar;C:\WINDOWS\system32\config\systemprofile\.m2\repository\com\fasterxml\jackson\core\jackson-databind\2.10.3\jackson-databind-2.10.3.jar;C:\WINDOWS\system32\config\systemprofile\.m2\repository\com\fasterxml\jackson\core\jackson-core\2.10.3\jackson-core-2.10.3.jar;C:\WINDOWS\system32\config\systemprofile\.m2\repository\org\slf4j\jcl-over-slf4j\1.7.30\jcl-over-slf4j-1.7.30.jar;C:\WINDOWS\system32\config\systemprofile\.m2\repository\com\github\docker-java\docker-java-transport-httpclient5\3.3.6\docker-java-transport-httpclient5-3.3.6.jar;C:\WINDOWS\system32\config\systemprofile\.m2\repository\com\github\docker-java\docker-java-transport\3.3.6\docker-java-transport-3.3.6.jar;C:\WINDOWS\system32\config\systemprofile\.m2\repository\net\java\dev\jna\jna\5.13.0\jna-5.13.0.jar;C:\WINDOWS\system32\config\systemprofile\.m2\repository\org\brotli\dec\0.1.2\dec-0.1.2.jar;C:\WINDOWS\system32\config\systemprofile\.m2\repository\org\apache\commons\commons-lang3\3.14.0\commons-lang3-3.14.0.jar;C:\WINDOWS\system32\config\systemprofile\.m2\repository\org\apache\commons\commons-compress\1.26.2\commons-compress-1.26.2.jar;C:\WINDOWS\system32\config\systemprofile\.m2\repository\org\apache\httpcomponents\client5\httpclient5\5.2.1\httpclient5-5.2.1.jar;C:\WINDOWS\system32\config\systemprofile\.m2\repository\org\apache\httpcomponents\core5\httpcore5\5.2\httpcore5-5.2.jar;C:\WINDOWS\system32\config\systemprofile\.m2\repository\org\apache\httpcomponents\core5\httpcore5-h2\5.2\httpcore5-h2-5.2.jar;C:\WINDOWS\system32\config\systemprofile\.m2\repository\org\seleniumhq\selenium\selenium-java\4.29.0\selenium-java-4.29.0.jar;C:\WINDOWS\system32\config\systemprofile\.m2\repository\org\seleniumhq\selenium\selenium-api\4.29.0\selenium-api-4.29.0.jar;C:\WINDOWS\system32\config\systemprofile\.m2\repository\org\jspecify\jspecify\1.0.0\jspecify-1.0.0.jar;C:\WINDOWS\system32\config\systemprofile\.m2\repository\org\seleniumhq\selenium\selenium-chrome-driver\4.29.0\selenium-chrome-driver-4.29.0.jar;C:\WINDOWS\system32\config\systemprofile\.m2\repository\com\google\auto\service\auto-service-annotations\1.1.1\auto-service-annotations-1.1.1.jar;C:\WINDOWS\system32\config\systemprofile\.m2\repository\org\seleniumhq\selenium\selenium-chromium-driver\4.29.0\selenium-chromium-driver-4.29.0.jar;C:\WINDOWS\system32\config\systemprofile\.m2\repository\org\seleniumhq\selenium\selenium-json\4.29.0\selenium-json-4.29.0.jar;C:\WINDOWS\system32\config\systemprofile\.m2\repository\org\seleniumhq\selenium\selenium-manager\4.29.0\selenium-manager-4.29.0.jar;C:\WINDOWS\system32\config\systemprofile\.m2\repository\org\seleniumhq\selenium\selenium-devtools-v131\4.29.0\selenium-devtools-v131-4.29.0.jar;C:\WINDOWS\system32\config\systemprofile\.m2\repository\org\seleniumhq\selenium\selenium-devtools-v132\4.29.0\selenium-devtools-v132-4.29.0.jar;C:\WINDOWS\system32\config\systemprofile\.m2\repository\org\seleniumhq\selenium\selenium-devtools-v133\4.29.0\selenium-devtools-v133-4.29.0.jar;C:\WINDOWS\system32\config\systemprofile\.m2\repository\org\seleniumhq\selenium\selenium-devtools-v85\4.29.0\selenium-devtools-v85-4.29.0.jar;C:\WINDOWS\system32\config\systemprofile\.m2\repository\org\seleniumhq\selenium\selenium-edge-driver\4.29.0\selenium-edge-driver-4.29.0.jar;C:\WINDOWS\system32\config\systemprofile\.m2\repository\org\seleniumhq\selenium\selenium-firefox-driver\4.29.0\selenium-firefox-driver-4.29.0.jar;C:\WINDOWS\system32\config\systemprofile\.m2\repository\org\seleniumhq\selenium\selenium-http\4.29.0\selenium-http-4.29.0.jar;C:\WINDOWS\system32\config\systemprofile\.m2\repository\org\seleniumhq\selenium\selenium-ie-driver\4.29.0\selenium-ie-driver-4.29.0.jar;C:\WINDOWS\system32\config\systemprofile\.m2\repository\org\seleniumhq\selenium\selenium-remote-driver\4.29.0\selenium-remote-driver-4.29.0.jar;C:\WINDOWS\system32\config\systemprofile\.m2\repository\com\google\guava\guava\33.4.0-jre\guava-33.4.0-jre.jar;C:\WINDOWS\system32\config\systemprofile\.m2\repository\com\google\guava\failureaccess\1.0.2\failureaccess-1.0.2.jar;C:\WINDOWS\system32\config\systemprofile\.m2\repository\com\google\guava\listenablefuture\9999.0-empty-to-avoid-conflict-with-guava\listenablefuture-9999.0-empty-to-avoid-conflict-with-guava.jar;C:\WINDOWS\system32\config\systemprofile\.m2\repository\com\google\code\findbugs\jsr305\3.0.2\jsr305-3.0.2.jar;C:\WINDOWS\system32\config\systemprofile\.m2\repository\org\checkerframework\checker-qual\3.43.0\checker-qual-3.43.0.jar;C:\WINDOWS\system32\config\systemprofile\.m2\repository\com\google\j2objc\j2objc-annotations\3.0.0\j2objc-annotations-3.0.0.jar;C:\WINDOWS\system32\config\systemprofile\.m2\repository\io\opentelemetry\semconv\opentelemetry-semconv\1.28.0-alpha\opentelemetry-semconv-1.28.0-alpha.jar;C:\WINDOWS\system32\config\systemprofile\.m2\repository\io\opentelemetry\opentelemetry-api\1.46.0\opentelemetry-api-1.46.0.jar;C:\WINDOWS\system32\config\systemprofile\.m2\repository\io\opentelemetry\opentelemetry-context\1.46.0\opentelemetry-context-1.46.0.jar;C:\WINDOWS\system32\config\systemprofile\.m2\repository\io\opentelemetry\opentelemetry-exporter-logging\1.46.0\opentelemetry-exporter-logging-1.46.0.jar;C:\WINDOWS\system32\config\systemprofile\.m2\repository\io\opentelemetry\opentelemetry-sdk-common\1.46.0\opentelemetry-sdk-common-1.46.0.jar;C:\WINDOWS\system32\config\systemprofile\.m2\repository\io\opentelemetry\opentelemetry-sdk-extension-autoconfigure-spi\1.46.0\opentelemetry-sdk-extension-autoconfigure-spi-1.46.0.jar;C:\WINDOWS\system32\config\systemprofile\.m2\repository\io\opentelemetry\opentelemetry-sdk-extension-autoconfigure\1.46.0\opentelemetry-sdk-extension-autoconfigure-1.46.0.jar;C:\WINDOWS\system32\config\systemprofile\.m2\repository\io\opentelemetry\opentelemetry-api-incubator\1.46.0-alpha\opentelemetry-api-incubator-1.46.0-alpha.jar;C:\WINDOWS\system32\config\systemprofile\.m2\repository\io\opentelemetry\opentelemetry-sdk-trace\1.46.0\opentelemetry-sdk-trace-1.46.0.jar;C:\WINDOWS\system32\config\systemprofile\.m2\repository\io\opentelemetry\opentelemetry-sdk\1.46.0\opentelemetry-sdk-1.46.0.jar;C:\WINDOWS\system32\config\systemprofile\.m2\repository\io\opentelemetry\opentelemetry-sdk-metrics\1.46.0\opentelemetry-sdk-metrics-1.46.0.jar;C:\WINDOWS\system32\config\systemprofile\.m2\repository\io\opentelemetry\opentelemetry-sdk-logs\1.46.0\opentelemetry-sdk-logs-1.46.0.jar;C:\WINDOWS\system32\config\systemprofile\.m2\repository\net\bytebuddy\byte-buddy\1.15.11\byte-buddy-1.15.11.jar;C:\WINDOWS\system32\config\systemprofile\.m2\repository\org\seleniumhq\selenium\selenium-os\4.29.0\selenium-os-4.29.0.jar;C:\WINDOWS\system32\config\systemprofile\.m2\repository\org\apache\commons\commons-exec\1.4.0\commons-exec-1.4.0.jar;C:\WINDOWS\system32\config\systemprofile\.m2\repository\org\seleniumhq\selenium\selenium-safari-driver\4.29.0\selenium-safari-driver-4.29.0.jar;C:\WINDOWS\system32\config\systemprofile\.m2\repository\org\seleniumhq\selenium\selenium-support\4.29.0\selenium-support-4.29.0.jar;C:\WINDOWS\system32\config\systemprofile\.m2\repository\junit\junit\4.13.2\junit-4.13.2.jar;C:\WINDOWS\system32\config\systemprofile\.m2\repository\org\hamcrest\hamcrest-core\1.3\hamcrest-core-1.3.jar;C:\WINDOWS\system32\config\systemprofile\.m2\repository\org\junit\jupiter\junit-jupiter-engine\5.10.3\junit-jupiter-engine-5.10.3.jar;C:\WINDOWS\system32\config\systemprofile\.m2\repository\org\junit\platform\junit-platform-engine\1.10.3\junit-platform-engine-1.10.3.jar;C:\WINDOWS\system32\config\systemprofile\.m2\repository\org\opentest4j\opentest4j\1.3.0\opentest4j-1.3.0.jar;C:\WINDOWS\system32\config\systemprofile\.m2\repository\org\junit\platform\junit-platform-commons\1.10.3\junit-platform-commons-1.10.3.jar;C:\WINDOWS\system32\config\systemprofile\.m2\repository\org\junit\jupiter\junit-jupiter-api\5.10.3\junit-jupiter-api-5.10.3.jar;C:\WINDOWS\system32\config\systemprofile\.m2\repository\io\cucumber\cucumber-testng\7.18.0\cucumber-testng-7.18.0.jar;C:\WINDOWS\system32\config\systemprofile\.m2\repository\org\apache\poi\poi\5.3.0\poi-5.3.0.jar;C:\WINDOWS\system32\config\systemprofile\.m2\repository\commons-codec\commons-codec\1.17.0\commons-codec-1.17.0.jar;C:\WINDOWS\system32\config\systemprofile\.m2\repository\org\apache\commons\commons-collections4\4.4\commons-collections4-4.4.jar;C:\WINDOWS\system32\config\systemprofile\.m2\repository\org\apache\commons\commons-math3\3.6.1\commons-math3-3.6.1.jar;C:\WINDOWS\system32\config\systemprofile\.m2\repository\commons-io\commons-io\2.16.1\commons-io-2.16.1.jar;C:\WINDOWS\system32\config\systemprofile\.m2\repository\com\zaxxer\SparseBitSet\1.3\SparseBitSet-1.3.jar;C:\WINDOWS\system32\config\systemprofile\.m2\repository\org\apache\logging\log4j\log4j-api\2.23.1\log4j-api-2.23.1.jar;C:\WINDOWS\system32\config\systemprofile\.m2\repository\org\apache\poi\poi-ooxml\5.3.0\poi-ooxml-5.3.0.jar;C:\WINDOWS\system32\config\systemprofile\.m2\repository\org\apache\poi\poi-ooxml-lite\5.3.0\poi-ooxml-lite-5.3.0.jar;C:\WINDOWS\system32\config\systemprofile\.m2\repository\org\apache\xmlbeans\xmlbeans\5.2.1\xmlbeans-5.2.1.jar;C:\WINDOWS\system32\config\systemprofile\.m2\repository\com\github\virtuald\curvesapi\1.08\curvesapi-1.08.jar;C:\WINDOWS\system32\config\systemprofile\.m2\repository\org\junit\vintage\junit-vintage-engine\5.10.3\junit-vintage-engine-5.10.3.jar;C:\WINDOWS\system32\config\systemprofile\.m2\repository\org\testng\testng\7.10.2\testng-7.10.2.jar;C:\WINDOWS\system32\config\systemprofile\.m2\repository\com\beust\jcommander\1.82\jcommander-1.82.jar;C:\WINDOWS\system32\config\systemprofile\.m2\repository\org\webjars\jquery\3.7.1\jquery-3.7.1.jar;C:\WINDOWS\system32\config\systemprofile\.m2\repository\com\github\javafaker\javafaker\1.0.2\javafaker-1.0.2.jar;C:\WINDOWS\system32\config\systemprofile\.m2\repository\org\yaml\snakeyaml\1.23\snakeyaml-1.23-android.jar;C:\WINDOWS\system32\config\systemprofile\.m2\repository\com\github\mifmif\generex\1.0.2\generex-1.0.2.jar;C:\WINDOWS\system32\config\systemprofile\.m2\repository\dk\brics\automaton\automaton\1.11-8\automaton-1.11-8.jar;C:\WINDOWS\system32\config\systemprofile\.m2\repository\tech\grasshopper\extentreports-cucumber7-adapter\1.14.0\extentreports-cucumber7-adapter-1.14.0.jar;C:\WINDOWS\system32\config\systemprofile\.m2\repository\com\aventstack\extentreports\5.1.0\extentreports-5.1.0.jar;C:\WINDOWS\system32\config\systemprofile\.m2\repository\io\reactivex\rxjava3\rxjava\3.1.6\rxjava-3.1.6.jar;C:\WINDOWS\system32\config\systemprofile\.m2\repository\org\reactivestreams\reactive-streams\1.0.4\reactive-streams-1.0.4.jar;C:\WINDOWS\system32\config\systemprofile\.m2\repository\org\freemarker\freemarker\2.3.32\freemarker-2.3.32.jar;C:\WINDOWS\system32\config\systemprofile\.m2\repository\org\projectlombok\lombok\1.18.26\lombok-1.18.26.jar;C:\WINDOWS\system32\config\systemprofile\.m2\repository\tech\grasshopper\extent-pdf-report\2.12.0\extent-pdf-report-2.12.0.jar;C:\WINDOWS\system32\config\systemprofile\.m2\repository\tech\grasshopper\cucumber-pdf-report\2.14.0\cucumber-pdf-report-2.14.0.jar;C:\WINDOWS\system32\config\systemprofile\.m2\repository\org\apache\pdfbox\pdfbox\2.0.26\pdfbox-2.0.26.jar;C:\WINDOWS\system32\config\systemprofile\.m2\repository\org\apache\pdfbox\fontbox\2.0.26\fontbox-2.0.26.jar;C:\WINDOWS\system32\config\systemprofile\.m2\repository\org\knowm\xchart\xchart\3.8.0\xchart-3.8.0.jar;C:\WINDOWS\system32\config\systemprofile\.m2\repository\de\erichseifert\vectorgraphics2d\VectorGraphics2D\0.13\VectorGraphics2D-0.13.jar;C:\WINDOWS\system32\config\systemprofile\.m2\repository\de\rototor\pdfbox\graphics2d\0.30\graphics2d-0.30.jar;C:\WINDOWS\system32\config\systemprofile\.m2\repository\com\madgag\animated-gif-lib\1.4\animated-gif-lib-1.4.jar;C:\WINDOWS\system32\config\systemprofile\.m2\repository\org\yaml\snakeyaml\2.0\snakeyaml-2.0.jar;C:\WINDOWS\system32\config\systemprofile\.m2\repository\tech\grasshopper\table-layout\1.5.1\table-layout-1.5.1.jar;C:\WINDOWS\system32\config\systemprofile\.m2\repository\tech\grasshopper\rest-assured-cucumber-pdf-report\1.5.0\rest-assured-cucumber-pdf-report-1.5.0.jar;C:\WINDOWS\system32\config\systemprofile\.m2\repository\org\jsoup\jsoup\1.15.3\jsoup-1.15.3.jar;C:\WINDOWS\system32\config\systemprofile\.m2\repository\com\aventstack\klov-reporter\5.1.0\klov-reporter-5.1.0.jar;C:\WINDOWS\system32\config\systemprofile\.m2\repository\org\mongodb\mongodb-driver\3.6.4\mongodb-driver-3.6.4.jar;C:\WINDOWS\system32\config\systemprofile\.m2\repository\org\mongodb\mongodb-driver-core\3.6.4\mongodb-driver-core-3.6.4.jar;C:\WINDOWS\system32\config\systemprofile\.m2\repository\org\mongodb\bson\3.6.4\bson-3.6.4.jar;C:\WINDOWS\system32\config\systemprofile\.m2\repository\org\apache\httpcomponents\httpclient\4.5.13\httpclient-4.5.13.jar;C:\WINDOWS\system32\config\systemprofile\.m2\repository\org\apache\httpcomponents\httpcore\4.4.13\httpcore-4.4.13.jar;C:\WINDOWS\system32\config\systemprofile\.m2\repository\commons-logging\commons-logging\1.2\commons-logging-1.2.jar;C:\WINDOWS\system32\config\systemprofile\.m2\repository\org\apache\httpcomponents\httpmime\4.5.13\httpmime-4.5.13.jar;C:\WINDOWS\system32\config\systemprofile\.m2\repository\tech\grasshopper\htmlextentreporter\1.1.0\htmlextentreporter-1.1.0.jar;C:\WINDOWS\system32\config\systemprofile\.m2\repository\tech\grasshopper\extent-excel-report\1.4.0\extent-excel-report-1.4.0.jar;"/>
    <property name="sun.awt.enableExtraMouseButtons" value="true"/>
    <property name="java.vm.vendor" value="Oracle Corporation"/>
    <property name="sun.arch.data.model" value="64"/>
    <property name="user.variant" value=""/>
    <property name="java.vendor.url" value="https://java.oracle.com/"/>
    <property name="user.timezone" value="Asia/Calcutta"/>
    <property name="os.name" value="Windows 11"/>
    <property name="java.vm.specification.version" value="21"/>
    <property name="sun.java.launcher" value="SUN_STANDARD"/>
    <property name="user.country" value="IN"/>
    <property name="sun.boot.library.path" value="C:\Program Files\Java\jdk-21\bin"/>
    <property name="sun.java.command" value="C:\Windows\Temp\surefire14260213712333237661\surefirebooter-20250226181441653_3.jar C:\Windows\Temp\surefire14260213712333237661 2025-02-26T18-14-41_268-jvmRun1 surefire-20250226181441653_1tmp surefire_0-20250226181441653_2tmp"/>
    <property name="jdk.debug" value="release"/>
    <property name="surefire.test.class.path" value="C:\Users\thirumaran\eclipse-workspace\NexTestify_Cucumber\target\test-classes;C:\Users\thirumaran\eclipse-workspace\NexTestify_Cucumber\target\classes;C:\WINDOWS\system32\config\systemprofile\.m2\repository\io\cucumber\cucumber-java\7.18.0\cucumber-java-7.18.0.jar;C:\WINDOWS\system32\config\systemprofile\.m2\repository\org\apiguardian\apiguardian-api\1.1.2\apiguardian-api-1.1.2.jar;C:\WINDOWS\system32\config\systemprofile\.m2\repository\io\cucumber\cucumber-junit\7.18.0\cucumber-junit-7.18.0.jar;C:\WINDOWS\system32\config\systemprofile\.m2\repository\io\cucumber\cucumber-core\7.18.0\cucumber-core-7.18.0.jar;C:\WINDOWS\system32\config\systemprofile\.m2\repository\io\cucumber\cucumber-gherkin\7.18.0\cucumber-gherkin-7.18.0.jar;C:\WINDOWS\system32\config\systemprofile\.m2\repository\io\cucumber\cucumber-gherkin-messages\7.18.0\cucumber-gherkin-messages-7.18.0.jar;C:\WINDOWS\system32\config\systemprofile\.m2\repository\io\cucumber\gherkin\28.0.0\gherkin-28.0.0.jar;C:\WINDOWS\system32\config\systemprofile\.m2\repository\io\cucumber\messages\24.1.0\messages-24.1.0.jar;C:\WINDOWS\system32\config\systemprofile\.m2\repository\io\cucumber\testng-xml-formatter\0.1.0\testng-xml-formatter-0.1.0.jar;C:\WINDOWS\system32\config\systemprofile\.m2\repository\io\cucumber\query\12.2.0\query-12.2.0.jar;C:\WINDOWS\system32\config\systemprofile\.m2\repository\io\cucumber\tag-expressions\6.1.0\tag-expressions-6.1.0.jar;C:\WINDOWS\system32\config\systemprofile\.m2\repository\io\cucumber\cucumber-expressions\17.1.0\cucumber-expressions-17.1.0.jar;C:\WINDOWS\system32\config\systemprofile\.m2\repository\io\cucumber\datatable\7.18.0\datatable-7.18.0.jar;C:\WINDOWS\system32\config\systemprofile\.m2\repository\io\cucumber\cucumber-plugin\7.18.0\cucumber-plugin-7.18.0.jar;C:\WINDOWS\system32\config\systemprofile\.m2\repository\io\cucumber\docstring\7.18.0\docstring-7.18.0.jar;C:\WINDOWS\system32\config\systemprofile\.m2\repository\io\cucumber\html-formatter\21.3.1\html-formatter-21.3.1.jar;C:\WINDOWS\system32\config\systemprofile\.m2\repository\io\cucumber\junit-xml-formatter\0.4.0\junit-xml-formatter-0.4.0.jar;C:\WINDOWS\system32\config\systemprofile\.m2\repository\io\cucumber\ci-environment\10.0.1\ci-environment-10.0.1.jar;C:\WINDOWS\system32\config\systemprofile\.m2\repository\io\github\bonigarcia\webdrivermanager\5.9.1\webdrivermanager-5.9.1.jar;C:\WINDOWS\system32\config\systemprofile\.m2\repository\org\slf4j\slf4j-api\2.0.13\slf4j-api-2.0.13.jar;C:\WINDOWS\system32\config\systemprofile\.m2\repository\com\google\code\gson\gson\2.11.0\gson-2.11.0.jar;C:\WINDOWS\system32\config\systemprofile\.m2\repository\com\google\errorprone\error_prone_annotations\2.27.0\error_prone_annotations-2.27.0.jar;C:\WINDOWS\system32\config\systemprofile\.m2\repository\com\github\docker-java\docker-java\3.3.6\docker-java-3.3.6.jar;C:\WINDOWS\system32\config\systemprofile\.m2\repository\com\github\docker-java\docker-java-core\3.3.6\docker-java-core-3.3.6.jar;C:\WINDOWS\system32\config\systemprofile\.m2\repository\com\github\docker-java\docker-java-api\3.3.6\docker-java-api-3.3.6.jar;C:\WINDOWS\system32\config\systemprofile\.m2\repository\com\fasterxml\jackson\core\jackson-annotations\2.10.3\jackson-annotations-2.10.3.jar;C:\WINDOWS\system32\config\systemprofile\.m2\repository\com\fasterxml\jackson\core\jackson-databind\2.10.3\jackson-databind-2.10.3.jar;C:\WINDOWS\system32\config\systemprofile\.m2\repository\com\fasterxml\jackson\core\jackson-core\2.10.3\jackson-core-2.10.3.jar;C:\WINDOWS\system32\config\systemprofile\.m2\repository\org\slf4j\jcl-over-slf4j\1.7.30\jcl-over-slf4j-1.7.30.jar;C:\WINDOWS\system32\config\systemprofile\.m2\repository\com\github\docker-java\docker-java-transport-httpclient5\3.3.6\docker-java-transport-httpclient5-3.3.6.jar;C:\WINDOWS\system32\config\systemprofile\.m2\repository\com\github\docker-java\docker-java-transport\3.3.6\docker-java-transport-3.3.6.jar;C:\WINDOWS\system32\config\systemprofile\.m2\repository\net\java\dev\jna\jna\5.13.0\jna-5.13.0.jar;C:\WINDOWS\system32\config\systemprofile\.m2\repository\org\brotli\dec\0.1.2\dec-0.1.2.jar;C:\WINDOWS\system32\config\systemprofile\.m2\repository\org\apache\commons\commons-lang3\3.14.0\commons-lang3-3.14.0.jar;C:\WINDOWS\system32\config\systemprofile\.m2\repository\org\apache\commons\commons-compress\1.26.2\commons-compress-1.26.2.jar;C:\WINDOWS\system32\config\systemprofile\.m2\repository\org\apache\httpcomponents\client5\httpclient5\5.2.1\httpclient5-5.2.1.jar;C:\WINDOWS\system32\config\systemprofile\.m2\repository\org\apache\httpcomponents\core5\httpcore5\5.2\httpcore5-5.2.jar;C:\WINDOWS\system32\config\systemprofile\.m2\repository\org\apache\httpcomponents\core5\httpcore5-h2\5.2\httpcore5-h2-5.2.jar;C:\WINDOWS\system32\config\systemprofile\.m2\repository\org\seleniumhq\selenium\selenium-java\4.29.0\selenium-java-4.29.0.jar;C:\WINDOWS\system32\config\systemprofile\.m2\repository\org\seleniumhq\selenium\selenium-api\4.29.0\selenium-api-4.29.0.jar;C:\WINDOWS\system32\config\systemprofile\.m2\repository\org\jspecify\jspecify\1.0.0\jspecify-1.0.0.jar;C:\WINDOWS\system32\config\systemprofile\.m2\repository\org\seleniumhq\selenium\selenium-chrome-driver\4.29.0\selenium-chrome-driver-4.29.0.jar;C:\WINDOWS\system32\config\systemprofile\.m2\repository\com\google\auto\service\auto-service-annotations\1.1.1\auto-service-annotations-1.1.1.jar;C:\WINDOWS\system32\config\systemprofile\.m2\repository\org\seleniumhq\selenium\selenium-chromium-driver\4.29.0\selenium-chromium-driver-4.29.0.jar;C:\WINDOWS\system32\config\systemprofile\.m2\repository\org\seleniumhq\selenium\selenium-json\4.29.0\selenium-json-4.29.0.jar;C:\WINDOWS\system32\config\systemprofile\.m2\repository\org\seleniumhq\selenium\selenium-manager\4.29.0\selenium-manager-4.29.0.jar;C:\WINDOWS\system32\config\systemprofile\.m2\repository\org\seleniumhq\selenium\selenium-devtools-v131\4.29.0\selenium-devtools-v131-4.29.0.jar;C:\WINDOWS\system32\config\systemprofile\.m2\repository\org\seleniumhq\selenium\selenium-devtools-v132\4.29.0\selenium-devtools-v132-4.29.0.jar;C:\WINDOWS\system32\config\systemprofile\.m2\repository\org\seleniumhq\selenium\selenium-devtools-v133\4.29.0\selenium-devtools-v133-4.29.0.jar;C:\WINDOWS\system32\config\systemprofile\.m2\repository\org\seleniumhq\selenium\selenium-devtools-v85\4.29.0\selenium-devtools-v85-4.29.0.jar;C:\WINDOWS\system32\config\systemprofile\.m2\repository\org\seleniumhq\selenium\selenium-edge-driver\4.29.0\selenium-edge-driver-4.29.0.jar;C:\WINDOWS\system32\config\systemprofile\.m2\repository\org\seleniumhq\selenium\selenium-firefox-driver\4.29.0\selenium-firefox-driver-4.29.0.jar;C:\WINDOWS\system32\config\systemprofile\.m2\repository\org\seleniumhq\selenium\selenium-http\4.29.0\selenium-http-4.29.0.jar;C:\WINDOWS\system32\config\systemprofile\.m2\repository\org\seleniumhq\selenium\selenium-ie-driver\4.29.0\selenium-ie-driver-4.29.0.jar;C:\WINDOWS\system32\config\systemprofile\.m2\repository\org\seleniumhq\selenium\selenium-remote-driver\4.29.0\selenium-remote-driver-4.29.0.jar;C:\WINDOWS\system32\config\systemprofile\.m2\repository\com\google\guava\guava\33.4.0-jre\guava-33.4.0-jre.jar;C:\WINDOWS\system32\config\systemprofile\.m2\repository\com\google\guava\failureaccess\1.0.2\failureaccess-1.0.2.jar;C:\WINDOWS\system32\config\systemprofile\.m2\repository\com\google\guava\listenablefuture\9999.0-empty-to-avoid-conflict-with-guava\listenablefuture-9999.0-empty-to-avoid-conflict-with-guava.jar;C:\WINDOWS\system32\config\systemprofile\.m2\repository\com\google\code\findbugs\jsr305\3.0.2\jsr305-3.0.2.jar;C:\WINDOWS\system32\config\systemprofile\.m2\repository\org\checkerframework\checker-qual\3.43.0\checker-qual-3.43.0.jar;C:\WINDOWS\system32\config\systemprofile\.m2\repository\com\google\j2objc\j2objc-annotations\3.0.0\j2objc-annotations-3.0.0.jar;C:\WINDOWS\system32\config\systemprofile\.m2\repository\io\opentelemetry\semconv\opentelemetry-semconv\1.28.0-alpha\opentelemetry-semconv-1.28.0-alpha.jar;C:\WINDOWS\system32\config\systemprofile\.m2\repository\io\opentelemetry\opentelemetry-api\1.46.0\opentelemetry-api-1.46.0.jar;C:\WINDOWS\system32\config\systemprofile\.m2\repository\io\opentelemetry\opentelemetry-context\1.46.0\opentelemetry-context-1.46.0.jar;C:\WINDOWS\system32\config\systemprofile\.m2\repository\io\opentelemetry\opentelemetry-exporter-logging\1.46.0\opentelemetry-exporter-logging-1.46.0.jar;C:\WINDOWS\system32\config\systemprofile\.m2\repository\io\opentelemetry\opentelemetry-sdk-common\1.46.0\opentelemetry-sdk-common-1.46.0.jar;C:\WINDOWS\system32\config\systemprofile\.m2\repository\io\opentelemetry\opentelemetry-sdk-extension-autoconfigure-spi\1.46.0\opentelemetry-sdk-extension-autoconfigure-spi-1.46.0.jar;C:\WINDOWS\system32\config\systemprofile\.m2\repository\io\opentelemetry\opentelemetry-sdk-extension-autoconfigure\1.46.0\opentelemetry-sdk-extension-autoconfigure-1.46.0.jar;C:\WINDOWS\system32\config\systemprofile\.m2\repository\io\opentelemetry\opentelemetry-api-incubator\1.46.0-alpha\opentelemetry-api-incubator-1.46.0-alpha.jar;C:\WINDOWS\system32\config\systemprofile\.m2\repository\io\opentelemetry\opentelemetry-sdk-trace\1.46.0\opentelemetry-sdk-trace-1.46.0.jar;C:\WINDOWS\system32\config\systemprofile\.m2\repository\io\opentelemetry\opentelemetry-sdk\1.46.0\opentelemetry-sdk-1.46.0.jar;C:\WINDOWS\system32\config\systemprofile\.m2\repository\io\opentelemetry\opentelemetry-sdk-metrics\1.46.0\opentelemetry-sdk-metrics-1.46.0.jar;C:\WINDOWS\system32\config\systemprofile\.m2\repository\io\opentelemetry\opentelemetry-sdk-logs\1.46.0\opentelemetry-sdk-logs-1.46.0.jar;C:\WINDOWS\system32\config\systemprofile\.m2\repository\net\bytebuddy\byte-buddy\1.15.11\byte-buddy-1.15.11.jar;C:\WINDOWS\system32\config\systemprofile\.m2\repository\org\seleniumhq\selenium\selenium-os\4.29.0\selenium-os-4.29.0.jar;C:\WINDOWS\system32\config\systemprofile\.m2\repository\org\apache\commons\commons-exec\1.4.0\commons-exec-1.4.0.jar;C:\WINDOWS\system32\config\systemprofile\.m2\repository\org\seleniumhq\selenium\selenium-safari-driver\4.29.0\selenium-safari-driver-4.29.0.jar;C:\WINDOWS\system32\config\systemprofile\.m2\repository\org\seleniumhq\selenium\selenium-support\4.29.0\selenium-support-4.29.0.jar;C:\WINDOWS\system32\config\systemprofile\.m2\repository\junit\junit\4.13.2\junit-4.13.2.jar;C:\WINDOWS\system32\config\systemprofile\.m2\repository\org\hamcrest\hamcrest-core\1.3\hamcrest-core-1.3.jar;C:\WINDOWS\system32\config\systemprofile\.m2\repository\org\junit\jupiter\junit-jupiter-engine\5.10.3\junit-jupiter-engine-5.10.3.jar;C:\WINDOWS\system32\config\systemprofile\.m2\repository\org\junit\platform\junit-platform-engine\1.10.3\junit-platform-engine-1.10.3.jar;C:\WINDOWS\system32\config\systemprofile\.m2\repository\org\opentest4j\opentest4j\1.3.0\opentest4j-1.3.0.jar;C:\WINDOWS\system32\config\systemprofile\.m2\repository\org\junit\platform\junit-platform-commons\1.10.3\junit-platform-commons-1.10.3.jar;C:\WINDOWS\system32\config\systemprofile\.m2\repository\org\junit\jupiter\junit-jupiter-api\5.10.3\junit-jupiter-api-5.10.3.jar;C:\WINDOWS\system32\config\systemprofile\.m2\repository\io\cucumber\cucumber-testng\7.18.0\cucumber-testng-7.18.0.jar;C:\WINDOWS\system32\config\systemprofile\.m2\repository\org\apache\poi\poi\5.3.0\poi-5.3.0.jar;C:\WINDOWS\system32\config\systemprofile\.m2\repository\commons-codec\commons-codec\1.17.0\commons-codec-1.17.0.jar;C:\WINDOWS\system32\config\systemprofile\.m2\repository\org\apache\commons\commons-collections4\4.4\commons-collections4-4.4.jar;C:\WINDOWS\system32\config\systemprofile\.m2\repository\org\apache\commons\commons-math3\3.6.1\commons-math3-3.6.1.jar;C:\WINDOWS\system32\config\systemprofile\.m2\repository\commons-io\commons-io\2.16.1\commons-io-2.16.1.jar;C:\WINDOWS\system32\config\systemprofile\.m2\repository\com\zaxxer\SparseBitSet\1.3\SparseBitSet-1.3.jar;C:\WINDOWS\system32\config\systemprofile\.m2\repository\org\apache\logging\log4j\log4j-api\2.23.1\log4j-api-2.23.1.jar;C:\WINDOWS\system32\config\systemprofile\.m2\repository\org\apache\poi\poi-ooxml\5.3.0\poi-ooxml-5.3.0.jar;C:\WINDOWS\system32\config\systemprofile\.m2\repository\org\apache\poi\poi-ooxml-lite\5.3.0\poi-ooxml-lite-5.3.0.jar;C:\WINDOWS\system32\config\systemprofile\.m2\repository\org\apache\xmlbeans\xmlbeans\5.2.1\xmlbeans-5.2.1.jar;C:\WINDOWS\system32\config\systemprofile\.m2\repository\com\github\virtuald\curvesapi\1.08\curvesapi-1.08.jar;C:\WINDOWS\system32\config\systemprofile\.m2\repository\org\junit\vintage\junit-vintage-engine\5.10.3\junit-vintage-engine-5.10.3.jar;C:\WINDOWS\system32\config\systemprofile\.m2\repository\org\testng\testng\7.10.2\testng-7.10.2.jar;C:\WINDOWS\system32\config\systemprofile\.m2\repository\com\beust\jcommander\1.82\jcommander-1.82.jar;C:\WINDOWS\system32\config\systemprofile\.m2\repository\org\webjars\jquery\3.7.1\jquery-3.7.1.jar;C:\WINDOWS\system32\config\systemprofile\.m2\repository\com\github\javafaker\javafaker\1.0.2\javafaker-1.0.2.jar;C:\WINDOWS\system32\config\systemprofile\.m2\repository\org\yaml\snakeyaml\1.23\snakeyaml-1.23-android.jar;C:\WINDOWS\system32\config\systemprofile\.m2\repository\com\github\mifmif\generex\1.0.2\generex-1.0.2.jar;C:\WINDOWS\system32\config\systemprofile\.m2\repository\dk\brics\automaton\automaton\1.11-8\automaton-1.11-8.jar;C:\WINDOWS\system32\config\systemprofile\.m2\repository\tech\grasshopper\extentreports-cucumber7-adapter\1.14.0\extentreports-cucumber7-adapter-1.14.0.jar;C:\WINDOWS\system32\config\systemprofile\.m2\repository\com\aventstack\extentreports\5.1.0\extentreports-5.1.0.jar;C:\WINDOWS\system32\config\systemprofile\.m2\repository\io\reactivex\rxjava3\rxjava\3.1.6\rxjava-3.1.6.jar;C:\WINDOWS\system32\config\systemprofile\.m2\repository\org\reactivestreams\reactive-streams\1.0.4\reactive-streams-1.0.4.jar;C:\WINDOWS\system32\config\systemprofile\.m2\repository\org\freemarker\freemarker\2.3.32\freemarker-2.3.32.jar;C:\WINDOWS\system32\config\systemprofile\.m2\repository\org\projectlombok\lombok\1.18.26\lombok-1.18.26.jar;C:\WINDOWS\system32\config\systemprofile\.m2\repository\tech\grasshopper\extent-pdf-report\2.12.0\extent-pdf-report-2.12.0.jar;C:\WINDOWS\system32\config\systemprofile\.m2\repository\tech\grasshopper\cucumber-pdf-report\2.14.0\cucumber-pdf-report-2.14.0.jar;C:\WINDOWS\system32\config\systemprofile\.m2\repository\org\apache\pdfbox\pdfbox\2.0.26\pdfbox-2.0.26.jar;C:\WINDOWS\system32\config\systemprofile\.m2\repository\org\apache\pdfbox\fontbox\2.0.26\fontbox-2.0.26.jar;C:\WINDOWS\system32\config\systemprofile\.m2\repository\org\knowm\xchart\xchart\3.8.0\xchart-3.8.0.jar;C:\WINDOWS\system32\config\systemprofile\.m2\repository\de\erichseifert\vectorgraphics2d\VectorGraphics2D\0.13\VectorGraphics2D-0.13.jar;C:\WINDOWS\system32\config\systemprofile\.m2\repository\de\rototor\pdfbox\graphics2d\0.30\graphics2d-0.30.jar;C:\WINDOWS\system32\config\systemprofile\.m2\repository\com\madgag\animated-gif-lib\1.4\animated-gif-lib-1.4.jar;C:\WINDOWS\system32\config\systemprofile\.m2\repository\org\yaml\snakeyaml\2.0\snakeyaml-2.0.jar;C:\WINDOWS\system32\config\systemprofile\.m2\repository\tech\grasshopper\table-layout\1.5.1\table-layout-1.5.1.jar;C:\WINDOWS\system32\config\systemprofile\.m2\repository\tech\grasshopper\rest-assured-cucumber-pdf-report\1.5.0\rest-assured-cucumber-pdf-report-1.5.0.jar;C:\WINDOWS\system32\config\systemprofile\.m2\repository\org\jsoup\jsoup\1.15.3\jsoup-1.15.3.jar;C:\WINDOWS\system32\config\systemprofile\.m2\repository\com\aventstack\klov-reporter\5.1.0\klov-reporter-5.1.0.jar;C:\WINDOWS\system32\config\systemprofile\.m2\repository\org\mongodb\mongodb-driver\3.6.4\mongodb-driver-3.6.4.jar;C:\WINDOWS\system32\config\systemprofile\.m2\repository\org\mongodb\mongodb-driver-core\3.6.4\mongodb-driver-core-3.6.4.jar;C:\WINDOWS\system32\config\systemprofile\.m2\repository\org\mongodb\bson\3.6.4\bson-3.6.4.jar;C:\WINDOWS\system32\config\systemprofile\.m2\repository\org\apache\httpcomponents\httpclient\4.5.13\httpclient-4.5.13.jar;C:\WINDOWS\system32\config\systemprofile\.m2\repository\org\apache\httpcomponents\httpcore\4.4.13\httpcore-4.4.13.jar;C:\WINDOWS\system32\config\systemprofile\.m2\repository\commons-logging\commons-logging\1.2\commons-logging-1.2.jar;C:\WINDOWS\system32\config\systemprofile\.m2\repository\org\apache\httpcomponents\httpmime\4.5.13\httpmime-4.5.13.jar;C:\WINDOWS\system32\config\systemprofile\.m2\repository\tech\grasshopper\htmlextentreporter\1.1.0\htmlextentreporter-1.1.0.jar;C:\WINDOWS\system32\config\systemprofile\.m2\repository\tech\grasshopper\extent-excel-report\1.4.0\extent-excel-report-1.4.0.jar;"/>
    <property name="sun.cpu.endian" value="little"/>
    <property name="user.home" value="C:\WINDOWS\system32\config\systemprofile"/>
    <property name="user.language" value="en"/>
    <property name="java.specification.vendor" value="Oracle Corporation"/>
    <property name="java.version.date" value="2024-01-16"/>
    <property name="java.home" value="C:\Program Files\Java\jdk-21"/>
    <property name="file.separator" value="\"/>
    <property name="basedir" value="C:\Users\thirumaran\eclipse-workspace\NexTestify_Cucumber"/>
    <property name="java.vm.compressedOopsMode" value="Zero based"/>
    <property name="line.separator" value="&#10;"/>
    <property name="java.vm.specification.vendor" value="Oracle Corporation"/>
    <property name="java.specification.name" value="Java Platform API Specification"/>
    <property name="surefire.real.class.path" value="C:\Windows\Temp\surefire14260213712333237661\surefirebooter-20250226181441653_3.jar"/>
    <property name="user.script" value=""/>
    <property name="sun.management.compiler" value="HotSpot 64-Bit Tiered Compilers"/>
    <property name="java.runtime.version" value="21.0.2+13-LTS-58"/>
    <property name="user.name" value="SSSLT025$"/>
    <property name="stdout.encoding" value="Cp1252"/>
    <property name="path.separator" value=";"/>
    <property name="os.version" value="10.0"/>
    <property name="java.runtime.name" value="Java(TM) SE Runtime Environment"/>
    <property name="file.encoding" value="UTF-8"/>
    <property name="java.vm.name" value="Java HotSpot(TM) 64-Bit Server VM"/>
    <property name="localRepository" value="C:\WINDOWS\system32\config\systemprofile\.m2\repository"/>
    <property name="java.vendor.url.bug" value="https://bugreport.java.com/bugreport/"/>
    <property name="java.io.tmpdir" value="C:\WINDOWS\TEMP\"/>
    <property name="java.version" value="21.0.2"/>
    <property name="user.dir" value="C:\Users\thirumaran\eclipse-workspace\NexTestify_Cucumber"/>
    <property name="os.arch" value="amd64"/>
    <property name="java.vm.specification.name" value="Java Virtual Machine Specification"/>
    <property name="sun.os.patch.level" value=""/>
    <property name="native.encoding" value="Cp1252"/>
    <property name="java.library.path" value="C:\Program Files\Java\jdk-21\bin;C:\WINDOWS\Sun\Java\bin;C:\WINDOWS\system32;C:\WINDOWS;C:\Maven\apache-maven-3.9.8-bin\apache-maven-3.9.8/bin;C:\Program Files\Java\jdk-21/bin;C:\ProgramData\Jenkins\.jenkins\tools\chromedriver;C:\Users\thirumaran\AppData\Roaming\npm\node_modules;."/>
    <property name="java.vm.info" value="mixed mode, sharing"/>
    <property name="stderr.encoding" value="Cp1252"/>
    <property name="java.vendor" value="Oracle Corporation"/>
    <property name="java.vm.version" value="21.0.2+13-LTS-58"/>
    <property name="sun.io.unicode.encoding" value="UnicodeLittle"/>
    <property name="java.class.version" value="65.0"/>
  </properties>
  <testcase name="Admin:Search Check" classname="ADMIN" time="27.116">
    <system-out><![CDATA[
@TC_01
Scenario: Admin:Search Check                                                                                # src/test/resources/FeatureFiles/5_OEP_ADMIN.feature:11
  Given To Check Admin is navigating to OEP URL is "http://192.168.1.30/OEPADMIN/"                          # stepDefinition.OEP_5_Admin.to_check_admin_is_navigating_to_oep_url_is(java.lang.String)
  When To Check Admin Enter username and password are "thirumaran@sankarasoftware.com" and "Thirumaran@001" # stepDefinition.OEP_5_Admin.to_check_admin_enter_username_and_password_are_and(java.lang.String,java.lang.String)
  And click the Signin button To Check Admin                                                                # stepDefinition.OEP_5_Admin.click_the_signin_button_to_check_admin()
  Then Click take picture button in admin                                                                   # stepDefinition.OEP_5_Admin.click_take_picture_button_in_admin()
  Then Click admin button                                                                                   # stepDefinition.OEP_5_Admin.click_admin_button()
  Given Enter valid username "Thirumaran R" in the searchbox                                                # stepDefinition.OEP_5_Admin.enter_valid_username_in_the_searchbox(java.lang.String)
  When Check entered username "Thirumaran R" is displayed or not in create admin page                       # stepDefinition.OEP_5_Admin.check_entered_username_is_displayed_or_not_in_create_admin_page(java.lang.String)
  And Enter valid email id "thirumaran@sankarasoftware.com" in the searchbox                                # stepDefinition.OEP_5_Admin.enter_valid_email_id_in_the_searchbox(java.lang.String)
  Then Check entered emailid "thirumaran@sankarasoftware.com" is displayed or not in create admin page      # stepDefinition.OEP_5_Admin.check_entered_emailid_is_displayed_or_not_in_create_admin_page(java.lang.String)
  And Enter valid phone number "+91-7305118794" in the searchbox                                            # stepDefinition.OEP_5_Admin.enter_valid_phone_number_in_the_searchbox(java.lang.String)
  Then Check entered phone number "+91-7305118794" is displayed or not in create admin page                 # stepDefinition.OEP_5_Admin.check_entered_phone_number_is_displayed_or_not_in_create_admin_page(java.lang.String)
Page is closed  Then Close Admin button                                                                                   # stepDefinition.OEP_5_Admin.close_admin_button()
]]></system-out>
  </testcase>
  <testcase name="Admin:Filter Check" classname="ADMIN" time="32.125">
    <system-out><![CDATA[
@TC_02
Scenario: Admin:Filter Check                                                                                # src/test/resources/FeatureFiles/5_OEP_ADMIN.feature:21
  Given To Check Admin is navigating to OEP URL is "http://192.168.1.30/OEPADMIN/"                          # stepDefinition.OEP_5_Admin.to_check_admin_is_navigating_to_oep_url_is(java.lang.String)
  When To Check Admin Enter username and password are "thirumaran@sankarasoftware.com" and "Thirumaran@001" # stepDefinition.OEP_5_Admin.to_check_admin_enter_username_and_password_are_and(java.lang.String,java.lang.String)
  And click the Signin button To Check Admin                                                                # stepDefinition.OEP_5_Admin.click_the_signin_button_to_check_admin()
  Then Click take picture button in admin                                                                   # stepDefinition.OEP_5_Admin.click_take_picture_button_in_admin()
  Then Click admin button                                                                                   # stepDefinition.OEP_5_Admin.click_admin_button()
  Given Select "All" 1st Option in status dropdown                                                          # stepDefinition.OEP_5_Admin.select_1st_option_in_status_dropdown(java.lang.String)
  When Select "Active" 2nd Option in status dropdown                                                        # stepDefinition.OEP_5_Admin.select_2nd_option_in_status_dropdown(java.lang.String)
Status displayed as: Active
  Then Check Selected "Active" status is displayed or not                                                   # stepDefinition.OEP_5_Admin.Check_selected_status_is_displayed_or_not(java.lang.String)
  And Select "Inactive" 3rd Option in status dropdown                                                       # stepDefinition.OEP_5_Admin.select_3rd_option_in_status_dropdown(java.lang.String)
Status displayed as: Inactive
  Then Check Selected "Inactive" status is displayed or not                                                 # stepDefinition.OEP_5_Admin.Check_selected_status_is_displayed_or_not(java.lang.String)
Page is closed  Then Close Admin button                                                                                   # stepDefinition.OEP_5_Admin.close_admin_button()
]]></system-out>
  </testcase>
  <testcase name="Admin:User Type Check" classname="ADMIN" time="36.286">
    <system-out><![CDATA[
@TC_03
Scenario: Admin:User Type Check                                                                             # src/test/resources/FeatureFiles/5_OEP_ADMIN.feature:30
  Given To Check Admin is navigating to OEP URL is "http://192.168.1.30/OEPADMIN/"                          # stepDefinition.OEP_5_Admin.to_check_admin_is_navigating_to_oep_url_is(java.lang.String)
  When To Check Admin Enter username and password are "thirumaran@sankarasoftware.com" and "Thirumaran@001" # stepDefinition.OEP_5_Admin.to_check_admin_enter_username_and_password_are_and(java.lang.String,java.lang.String)
  And click the Signin button To Check Admin                                                                # stepDefinition.OEP_5_Admin.click_the_signin_button_to_check_admin()
  Then Click take picture button in admin                                                                   # stepDefinition.OEP_5_Admin.click_take_picture_button_in_admin()
  Then Click admin button                                                                                   # stepDefinition.OEP_5_Admin.click_admin_button()
  Given Select "All Admins" 1st Option in user type dropdown                                                # stepDefinition.OEP_5_Admin.select_1st_option_in_user_type_dropdown(java.lang.String)
  When Select "Super Admin" 2nd Option in user type dropdown                                                # stepDefinition.OEP_5_Admin.select_2nd_option_in_user_type_dropdown(java.lang.String)
Status displayed as: Super Admin
  Then Check Selected "Super Admin" user type is displayed or not                                           # stepDefinition.OEP_5_Admin.check_selected_user_type_is_displayed_or_not(java.lang.String)
  And Select "Proctor" 3rd Option in user type dropdown                                                     # stepDefinition.OEP_5_Admin.select_3rd_option_in_user_type_dropdown(java.lang.String)
Status displayed as: Proctor
  Then Check Selected "Proctor" user type is displayed or not                                               # stepDefinition.OEP_5_Admin.check_selected_user_type_is_displayed_or_not(java.lang.String)
  And Select "Question Manager" 4th Option in user type dropdown                                            # stepDefinition.OEP_5_Admin.select_4th_option_in_user_type_dropdown(java.lang.String)
Status displayed as: Question Manager
  Then Check Selected "Question Manager" user type is displayed or not                                      # stepDefinition.OEP_5_Admin.check_selected_user_type_is_displayed_or_not(java.lang.String)
Page is closed  Then Close Admin button                                                                                   # stepDefinition.OEP_5_Admin.close_admin_button()
]]></system-out>
  </testcase>
  <testcase name="Admin:Pagination Check" classname="ADMIN" time="33.062">
    <system-out><![CDATA[
@TC_04
Scenario: Admin:Pagination Check                                                                            # src/test/resources/FeatureFiles/5_OEP_ADMIN.feature:41
  Given To Check Admin is navigating to OEP URL is "http://192.168.1.30/OEPADMIN/"                          # stepDefinition.OEP_5_Admin.to_check_admin_is_navigating_to_oep_url_is(java.lang.String)
  When To Check Admin Enter username and password are "thirumaran@sankarasoftware.com" and "Thirumaran@001" # stepDefinition.OEP_5_Admin.to_check_admin_enter_username_and_password_are_and(java.lang.String,java.lang.String)
  And click the Signin button To Check Admin                                                                # stepDefinition.OEP_5_Admin.click_the_signin_button_to_check_admin()
  Then Click take picture button in admin                                                                   # stepDefinition.OEP_5_Admin.click_take_picture_button_in_admin()
  Then Click admin button                                                                                   # stepDefinition.OEP_5_Admin.click_admin_button()
  Given Click Last page button in below of the grid                                                         # stepDefinition.OEP_5_Admin.click_last_page_button_in_below_of_the_grid()
  When Click First page button in below of the grid                                                         # stepDefinition.OEP_5_Admin.click_first_page_button_in_below_of_the_grid()
  And Click next page button in below of the grid                                                           # stepDefinition.OEP_5_Admin.click_next_page_button_in_below_of_the_grid()
  Then Click previous page button in below of the grid                                                      # stepDefinition.OEP_5_Admin.click_previous_page_button_in_below_of_the_grid()
  And Click the number button in below of the grid                                                          # stepDefinition.OEP_5_Admin.click_the_number_button_in_below_of_the_grid()
Page is closed  Then Close Admin button                                                                                   # stepDefinition.OEP_5_Admin.close_admin_button()
]]></system-out>
  </testcase>
  <testcase name="ADD USER:Back button Check" classname="ADMIN" time="13.967">
    <system-out><![CDATA[
@TC_05
Scenario: ADD USER:Back button Check                                                                        # src/test/resources/FeatureFiles/5_OEP_ADMIN.feature:50
  Given To Check Admin is navigating to OEP URL is "http://192.168.1.30/OEPADMIN/"                          # stepDefinition.OEP_5_Admin.to_check_admin_is_navigating_to_oep_url_is(java.lang.String)
  When To Check Admin Enter username and password are "thirumaran@sankarasoftware.com" and "Thirumaran@001" # stepDefinition.OEP_5_Admin.to_check_admin_enter_username_and_password_are_and(java.lang.String,java.lang.String)
  And click the Signin button To Check Admin                                                                # stepDefinition.OEP_5_Admin.click_the_signin_button_to_check_admin()
  Then Click take picture button in admin                                                                   # stepDefinition.OEP_5_Admin.click_take_picture_button_in_admin()
  Then Click admin button                                                                                   # stepDefinition.OEP_5_Admin.click_admin_button()
  Given Click Add User button in create admin page                                                          # stepDefinition.OEP_5_Admin.click_add_user_button_in_create_admin_page()
  And Click back button in create admin page                                                                # stepDefinition.OEP_5_Admin.click_back_button_in_create_admin_page()
  Then Check page navigates to create admin page or not                                                     # stepDefinition.OEP_5_Admin.check_page_navigates_to_create_admin_page_or_not()
Page is closed  Then Close Admin button                                                                                   # stepDefinition.OEP_5_Admin.close_admin_button()
]]></system-out>
  </testcase>
  <testcase name="ADD USER:Save button Check" classname="ADMIN" time="17.964">
    <system-out><![CDATA[
@TC_06
Scenario: ADD USER:Save button Check                                                                        # src/test/resources/FeatureFiles/5_OEP_ADMIN.feature:57
  Given To Check Admin is navigating to OEP URL is "http://192.168.1.30/OEPADMIN/"                          # stepDefinition.OEP_5_Admin.to_check_admin_is_navigating_to_oep_url_is(java.lang.String)
  When To Check Admin Enter username and password are "thirumaran@sankarasoftware.com" and "Thirumaran@001" # stepDefinition.OEP_5_Admin.to_check_admin_enter_username_and_password_are_and(java.lang.String,java.lang.String)
  And click the Signin button To Check Admin                                                                # stepDefinition.OEP_5_Admin.click_the_signin_button_to_check_admin()
  Then Click take picture button in admin                                                                   # stepDefinition.OEP_5_Admin.click_take_picture_button_in_admin()
  Then Click admin button                                                                                   # stepDefinition.OEP_5_Admin.click_admin_button()
  Given Click Add User button in create admin page                                                          # stepDefinition.OEP_5_Admin.click_add_user_button_in_create_admin_page()
  And Click save button in create admin page                                                                # stepDefinition.OEP_5_Admin.click_save_button_in_create_admin_page()
1st tab color is: rgb(255, 0, 0)
2nd tab color is: rgb(255, 0, 0)
3rd tab color is: rgb(255, 0, 0)
4th tab color is: rgb(78, 78, 78)
5th tab color is: rgb(78, 78, 78)
6th tab color is: rgb(78, 78, 78)
  Then Check mandatory red border is displayed or not in mandatory tabs                                     # stepDefinition.OEP_5_Admin.check_mandatory_red_border_is_displayed_or_not_in_mandatory_tabs()
Page is closed  Then Close Admin button                                                                                   # stepDefinition.OEP_5_Admin.close_admin_button()
]]></system-out>
  </testcase>
  <testcase name="ADD USER:First Name Tab Check #1" classname="ADMIN" time="13.992">
    <system-out><![CDATA[
@TC_07
Scenario: ADD USER:First Name Tab Check                                                                     # src/test/resources/FeatureFiles/5_OEP_ADMIN.feature:64
  Given To Check Admin is navigating to OEP URL is "http://192.168.1.30/OEPADMIN/"                          # stepDefinition.OEP_5_Admin.to_check_admin_is_navigating_to_oep_url_is(java.lang.String)
  When To Check Admin Enter username and password are "thirumaran@sankarasoftware.com" and "Thirumaran@001" # stepDefinition.OEP_5_Admin.to_check_admin_enter_username_and_password_are_and(java.lang.String,java.lang.String)
  And click the Signin button To Check Admin                                                                # stepDefinition.OEP_5_Admin.click_the_signin_button_to_check_admin()
  Then Click take picture button in admin                                                                   # stepDefinition.OEP_5_Admin.click_take_picture_button_in_admin()
  Then Click admin button                                                                                   # stepDefinition.OEP_5_Admin.click_admin_button()
  Given Click Add User button in create admin page                                                          # stepDefinition.OEP_5_Admin.click_add_user_button_in_create_admin_page()
  And Enter numerical characters "12345" in first name tab                                                  # stepDefinition.OEP_5_Admin.enter_numerical_characters_in_first_name_tab(java.lang.String)
Firstname tab value is: 
  Then Check tab is empty or not in first name tab                                                          # stepDefinition.OEP_5_Admin.check_tab_is_empty_or_not_in_first_name_tab()
  And Enter special characters "!@#$%^" in first name tab                                                   # stepDefinition.OEP_5_Admin.enter_special_characters_in_first_name_tab(java.lang.String)
Firstname tab value is: 
  Then Check tab is empty or not in first name tab                                                          # stepDefinition.OEP_5_Admin.check_tab_is_empty_or_not_in_first_name_tab()
Page is closed  Then Close Admin button                                                                                   # stepDefinition.OEP_5_Admin.close_admin_button()
]]></system-out>
  </testcase>
  <testcase name="ADD USER:First Name Tab Check #2" classname="ADMIN" time="14.149">
    <system-out><![CDATA[
@TC_08
Scenario: ADD USER:First Name Tab Check                                                                     # src/test/resources/FeatureFiles/5_OEP_ADMIN.feature:73
  Given To Check Admin is navigating to OEP URL is "http://192.168.1.30/OEPADMIN/"                          # stepDefinition.OEP_5_Admin.to_check_admin_is_navigating_to_oep_url_is(java.lang.String)
  When To Check Admin Enter username and password are "thirumaran@sankarasoftware.com" and "Thirumaran@001" # stepDefinition.OEP_5_Admin.to_check_admin_enter_username_and_password_are_and(java.lang.String,java.lang.String)
  And click the Signin button To Check Admin                                                                # stepDefinition.OEP_5_Admin.click_the_signin_button_to_check_admin()
  Then Click take picture button in admin                                                                   # stepDefinition.OEP_5_Admin.click_take_picture_button_in_admin()
  Then Click admin button                                                                                   # stepDefinition.OEP_5_Admin.click_admin_button()
  Given Click Add User button in create admin page                                                          # stepDefinition.OEP_5_Admin.click_add_user_button_in_create_admin_page()
  And Enter alphabetical characters "Testname" in first name tab                                            # stepDefinition.OEP_5_Admin.enter_alphabetical_characters_in_first_name_tab(java.lang.String)
Firstname tab value is: Testname
  Then Check tab is empty or not in first name                                                              # stepDefinition.OEP_5_Admin.check_tab_is_empty_or_not_in_first_name()
Page is closed  Then Close Admin button                                                                                   # stepDefinition.OEP_5_Admin.close_admin_button()
]]></system-out>
  </testcase>
  <testcase name="ADD USER:Last Name Tab Check #1" classname="ADMIN" time="13.876">
    <system-out><![CDATA[
@TC_09
Scenario: ADD USER:Last Name Tab Check                                                                      # src/test/resources/FeatureFiles/5_OEP_ADMIN.feature:80
  Given To Check Admin is navigating to OEP URL is "http://192.168.1.30/OEPADMIN/"                          # stepDefinition.OEP_5_Admin.to_check_admin_is_navigating_to_oep_url_is(java.lang.String)
  When To Check Admin Enter username and password are "thirumaran@sankarasoftware.com" and "Thirumaran@001" # stepDefinition.OEP_5_Admin.to_check_admin_enter_username_and_password_are_and(java.lang.String,java.lang.String)
  And click the Signin button To Check Admin                                                                # stepDefinition.OEP_5_Admin.click_the_signin_button_to_check_admin()
  Then Click take picture button in admin                                                                   # stepDefinition.OEP_5_Admin.click_take_picture_button_in_admin()
  Then Click admin button                                                                                   # stepDefinition.OEP_5_Admin.click_admin_button()
  Given Click Add User button in create admin page                                                          # stepDefinition.OEP_5_Admin.click_add_user_button_in_create_admin_page()
  And Enter numerical characters "12345" in last name tab                                                   # stepDefinition.OEP_5_Admin.enter_numerical_characters_in_last_name_tab(java.lang.String)
Lastname tab value is: 
  Then Check tab is empty or not in last name tab                                                           # stepDefinition.OEP_5_Admin.check_tab_is_empty_or_not_in_last_name_tab()
Page is closed  Then Close Admin button                                                                                   # stepDefinition.OEP_5_Admin.close_admin_button()
]]></system-out>
  </testcase>
  <testcase name="ADD USER:Last Name Tab Check #2" classname="ADMIN" time="14.319">
    <system-out><![CDATA[
@TC_10
Scenario: ADD USER:Last Name Tab Check                                                                      # src/test/resources/FeatureFiles/5_OEP_ADMIN.feature:87
  Given To Check Admin is navigating to OEP URL is "http://192.168.1.30/OEPADMIN/"                          # stepDefinition.OEP_5_Admin.to_check_admin_is_navigating_to_oep_url_is(java.lang.String)
  When To Check Admin Enter username and password are "thirumaran@sankarasoftware.com" and "Thirumaran@001" # stepDefinition.OEP_5_Admin.to_check_admin_enter_username_and_password_are_and(java.lang.String,java.lang.String)
  And click the Signin button To Check Admin                                                                # stepDefinition.OEP_5_Admin.click_the_signin_button_to_check_admin()
  Then Click take picture button in admin                                                                   # stepDefinition.OEP_5_Admin.click_take_picture_button_in_admin()
  Then Click admin button                                                                                   # stepDefinition.OEP_5_Admin.click_admin_button()
  Given Click Add User button in create admin page                                                          # stepDefinition.OEP_5_Admin.click_add_user_button_in_create_admin_page()
  And Enter special characters "!@#$%^" in last name tab                                                    # stepDefinition.OEP_5_Admin.enter_special_characters_in_last_name_tab(java.lang.String)
Lastname tab value is: 
  Then Check tab is empty or not in last name tab                                                           # stepDefinition.OEP_5_Admin.check_tab_is_empty_or_not_in_last_name_tab()
Page is closed  Then Close Admin button                                                                                   # stepDefinition.OEP_5_Admin.close_admin_button()
]]></system-out>
  </testcase>
  <testcase name="ADD USER:Last Name Tab Check #3" classname="ADMIN" time="14.037">
    <system-out><![CDATA[
@TC_11
Scenario: ADD USER:Last Name Tab Check                                                                      # src/test/resources/FeatureFiles/5_OEP_ADMIN.feature:94
  Given To Check Admin is navigating to OEP URL is "http://192.168.1.30/OEPADMIN/"                          # stepDefinition.OEP_5_Admin.to_check_admin_is_navigating_to_oep_url_is(java.lang.String)
  When To Check Admin Enter username and password are "thirumaran@sankarasoftware.com" and "Thirumaran@001" # stepDefinition.OEP_5_Admin.to_check_admin_enter_username_and_password_are_and(java.lang.String,java.lang.String)
  And click the Signin button To Check Admin                                                                # stepDefinition.OEP_5_Admin.click_the_signin_button_to_check_admin()
  Then Click take picture button in admin                                                                   # stepDefinition.OEP_5_Admin.click_take_picture_button_in_admin()
  Then Click admin button                                                                                   # stepDefinition.OEP_5_Admin.click_admin_button()
  Given Click Add User button in create admin page                                                          # stepDefinition.OEP_5_Admin.click_add_user_button_in_create_admin_page()
  And Enter alphabetical characters "Testname" in last name tab                                             # stepDefinition.OEP_5_Admin.enter_alphabetical_characters_in_last_name_tab(java.lang.String)
Lastname tab value is: Testname
  Then Check tab is empty or not in last name                                                               # stepDefinition.OEP_5_Admin.check_tab_is_empty_or_not_in_last_name()
Page is closed  Then Close Admin button                                                                                   # stepDefinition.OEP_5_Admin.close_admin_button()
]]></system-out>
  </testcase>
  <testcase name="ADD USER:Email Tab Check #1" classname="ADMIN" time="14.259">
    <system-out><![CDATA[
@TC_12
Scenario: ADD USER:Email Tab Check                                                                          # src/test/resources/FeatureFiles/5_OEP_ADMIN.feature:101
  Given To Check Admin is navigating to OEP URL is "http://192.168.1.30/OEPADMIN/"                          # stepDefinition.OEP_5_Admin.to_check_admin_is_navigating_to_oep_url_is(java.lang.String)
  When To Check Admin Enter username and password are "thirumaran@sankarasoftware.com" and "Thirumaran@001" # stepDefinition.OEP_5_Admin.to_check_admin_enter_username_and_password_are_and(java.lang.String,java.lang.String)
  And click the Signin button To Check Admin                                                                # stepDefinition.OEP_5_Admin.click_the_signin_button_to_check_admin()
  Then Click take picture button in admin                                                                   # stepDefinition.OEP_5_Admin.click_take_picture_button_in_admin()
  Then Click admin button                                                                                   # stepDefinition.OEP_5_Admin.click_admin_button()
  Given Click Add User button in create admin page                                                          # stepDefinition.OEP_5_Admin.click_add_user_button_in_create_admin_page()
  And Enter valid email id "sankara@yopmail.com" in email tab                                               # stepDefinition.OEP_5_Admin.enter_valid_email_id_in_email_tab(java.lang.String)
Email tab value is: sankara@yopmail.com
  Then Check tab is empty or not in email tab                                                               # stepDefinition.OEP_5_Admin.check_tab_is_empty_or_not_in_email_tab()
Page is closed  Then Close Admin button                                                                                   # stepDefinition.OEP_5_Admin.close_admin_button()
]]></system-out>
  </testcase>
  <testcase name="ADD USER:Email Tab Check #2" classname="ADMIN" time="16.551">
    <system-out><![CDATA[
@TC_13
Scenario: ADD USER:Email Tab Check                                                                          # src/test/resources/FeatureFiles/5_OEP_ADMIN.feature:108
  Given To Check Admin is navigating to OEP URL is "http://192.168.1.30/OEPADMIN/"                          # stepDefinition.OEP_5_Admin.to_check_admin_is_navigating_to_oep_url_is(java.lang.String)
  When To Check Admin Enter username and password are "thirumaran@sankarasoftware.com" and "Thirumaran@001" # stepDefinition.OEP_5_Admin.to_check_admin_enter_username_and_password_are_and(java.lang.String,java.lang.String)
  And click the Signin button To Check Admin                                                                # stepDefinition.OEP_5_Admin.click_the_signin_button_to_check_admin()
  Then Click take picture button in admin                                                                   # stepDefinition.OEP_5_Admin.click_take_picture_button_in_admin()
  Then Click admin button                                                                                   # stepDefinition.OEP_5_Admin.click_admin_button()
  Given Click Add User button in create admin page                                                          # stepDefinition.OEP_5_Admin.click_add_user_button_in_create_admin_page()
  And Enter valid email id "sankarayopmail.com" in email tab                                                # stepDefinition.OEP_5_Admin.enter_valid_email_id_in_email_tab(java.lang.String)
  Then Click save button in create admin page                                                               # stepDefinition.OEP_5_Admin.click_save_button_in_create_admin_page()
Error message is displayed like: Email must be valid.
  And Check alert message is displayed or not in email tab                                                  # stepDefinition.OEP_5_Admin.check_alert_message_is_displayed_or_not_in_email_tab()
Page is closed  Then Close Admin button                                                                                   # stepDefinition.OEP_5_Admin.close_admin_button()
]]></system-out>
  </testcase>
  <testcase name="ADD USER:Email Tab Check #3" classname="ADMIN" time="14.167">
    <system-out><![CDATA[
@TC_14
Scenario: ADD USER:Email Tab Check                                                                          # src/test/resources/FeatureFiles/5_OEP_ADMIN.feature:116
  Given To Check Admin is navigating to OEP URL is "http://192.168.1.30/OEPADMIN/"                          # stepDefinition.OEP_5_Admin.to_check_admin_is_navigating_to_oep_url_is(java.lang.String)
  When To Check Admin Enter username and password are "thirumaran@sankarasoftware.com" and "Thirumaran@001" # stepDefinition.OEP_5_Admin.to_check_admin_enter_username_and_password_are_and(java.lang.String,java.lang.String)
  And click the Signin button To Check Admin                                                                # stepDefinition.OEP_5_Admin.click_the_signin_button_to_check_admin()
  Then Click take picture button in admin                                                                   # stepDefinition.OEP_5_Admin.click_take_picture_button_in_admin()
  Then Click admin button                                                                                   # stepDefinition.OEP_5_Admin.click_admin_button()
  Given Click Add User button in create admin page                                                          # stepDefinition.OEP_5_Admin.click_add_user_button_in_create_admin_page()
  And Enter valid email id "sankara@yopmailcom" in email tab                                                # stepDefinition.OEP_5_Admin.enter_valid_email_id_in_email_tab(java.lang.String)
Email tab value is: sankara@yopmailcom
  Then Check tab is empty or not in email tab                                                               # stepDefinition.OEP_5_Admin.check_tab_is_empty_or_not_in_email_tab()
Page is closed  Then Close Admin button                                                                                   # stepDefinition.OEP_5_Admin.close_admin_button()
]]></system-out>
  </testcase>
  <testcase name="ADD USER:Email Tab Check #4" classname="ADMIN" time="14.434">
    <system-out><![CDATA[
@TC_15
Scenario: ADD USER:Email Tab Check                                                                          # src/test/resources/FeatureFiles/5_OEP_ADMIN.feature:123
  Given To Check Admin is navigating to OEP URL is "http://192.168.1.30/OEPADMIN/"                          # stepDefinition.OEP_5_Admin.to_check_admin_is_navigating_to_oep_url_is(java.lang.String)
  When To Check Admin Enter username and password are "thirumaran@sankarasoftware.com" and "Thirumaran@001" # stepDefinition.OEP_5_Admin.to_check_admin_enter_username_and_password_are_and(java.lang.String,java.lang.String)
  And click the Signin button To Check Admin                                                                # stepDefinition.OEP_5_Admin.click_the_signin_button_to_check_admin()
  Then Click take picture button in admin                                                                   # stepDefinition.OEP_5_Admin.click_take_picture_button_in_admin()
  Then Click admin button                                                                                   # stepDefinition.OEP_5_Admin.click_admin_button()
  Given Click Add User button in create admin page                                                          # stepDefinition.OEP_5_Admin.click_add_user_button_in_create_admin_page()
  And Enter valid email id "sankara@yopmail" in email tab                                                   # stepDefinition.OEP_5_Admin.enter_valid_email_id_in_email_tab(java.lang.String)
Email tab value is: sankara@yopmail
  Then Check tab is empty or not in email tab                                                               # stepDefinition.OEP_5_Admin.check_tab_is_empty_or_not_in_email_tab()
Page is closed  Then Close Admin button                                                                                   # stepDefinition.OEP_5_Admin.close_admin_button()
]]></system-out>
  </testcase>
  <testcase name="ADD USER:Email Tab Check #5" classname="ADMIN" time="14.872">
    <system-out><![CDATA[
@TC_16
Scenario: ADD USER:Email Tab Check                                                                          # src/test/resources/FeatureFiles/5_OEP_ADMIN.feature:130
  Given To Check Admin is navigating to OEP URL is "http://192.168.1.30/OEPADMIN/"                          # stepDefinition.OEP_5_Admin.to_check_admin_is_navigating_to_oep_url_is(java.lang.String)
  When To Check Admin Enter username and password are "thirumaran@sankarasoftware.com" and "Thirumaran@001" # stepDefinition.OEP_5_Admin.to_check_admin_enter_username_and_password_are_and(java.lang.String,java.lang.String)
  And click the Signin button To Check Admin                                                                # stepDefinition.OEP_5_Admin.click_the_signin_button_to_check_admin()
  Then Click take picture button in admin                                                                   # stepDefinition.OEP_5_Admin.click_take_picture_button_in_admin()
  Then Click admin button                                                                                   # stepDefinition.OEP_5_Admin.click_admin_button()
  Given Click Add User button in create admin page                                                          # stepDefinition.OEP_5_Admin.click_add_user_button_in_create_admin_page()
  And Enter valid email id "sankara@yopmail.com" in email tab                                               # stepDefinition.OEP_5_Admin.enter_valid_email_id_in_email_tab(java.lang.String)
Email tab value is: sankara@yopmail.com
  Then Check tab is empty or not in email tab                                                               # stepDefinition.OEP_5_Admin.check_tab_is_empty_or_not_in_email_tab()
Page is closed  Then Close Admin button                                                                                   # stepDefinition.OEP_5_Admin.close_admin_button()
]]></system-out>
  </testcase>
  <testcase name="ADD USER:User Type Check #1" classname="ADMIN" time="14.705">
    <system-out><![CDATA[
@TC_17
Scenario: ADD USER:User Type Check                                                                          # src/test/resources/FeatureFiles/5_OEP_ADMIN.feature:137
  Given To Check Admin is navigating to OEP URL is "http://192.168.1.30/OEPADMIN/"                          # stepDefinition.OEP_5_Admin.to_check_admin_is_navigating_to_oep_url_is(java.lang.String)
  When To Check Admin Enter username and password are "thirumaran@sankarasoftware.com" and "Thirumaran@001" # stepDefinition.OEP_5_Admin.to_check_admin_enter_username_and_password_are_and(java.lang.String,java.lang.String)
  And click the Signin button To Check Admin                                                                # stepDefinition.OEP_5_Admin.click_the_signin_button_to_check_admin()
  Then Click take picture button in admin                                                                   # stepDefinition.OEP_5_Admin.click_take_picture_button_in_admin()
  Then Click admin button                                                                                   # stepDefinition.OEP_5_Admin.click_admin_button()
  Given Click Add User button in create admin page                                                          # stepDefinition.OEP_5_Admin.click_add_user_button_in_create_admin_page()
  And Enter valid user type "Super Admin" in the dropdown                                                   # stepDefinition.OEP_5_Admin.enter_valid_user_type_in_the_dropdown(java.lang.String)
  Then Check entered user type "Super Admin" is displayed or not in create admin                            # stepDefinition.OEP_5_Admin.check_entered_user_type_is_displayed_or_not_in_create_admin(java.lang.String)
Page is closed  Then Close Admin button                                                                                   # stepDefinition.OEP_5_Admin.close_admin_button()
]]></system-out>
  </testcase>
  <testcase name="ADD USER:User Type Check #2" classname="ADMIN" time="13.987">
    <system-out><![CDATA[
@TC_18
Scenario: ADD USER:User Type Check                                                                          # src/test/resources/FeatureFiles/5_OEP_ADMIN.feature:144
  Given To Check Admin is navigating to OEP URL is "http://192.168.1.30/OEPADMIN/"                          # stepDefinition.OEP_5_Admin.to_check_admin_is_navigating_to_oep_url_is(java.lang.String)
  When To Check Admin Enter username and password are "thirumaran@sankarasoftware.com" and "Thirumaran@001" # stepDefinition.OEP_5_Admin.to_check_admin_enter_username_and_password_are_and(java.lang.String,java.lang.String)
  And click the Signin button To Check Admin                                                                # stepDefinition.OEP_5_Admin.click_the_signin_button_to_check_admin()
  Then Click take picture button in admin                                                                   # stepDefinition.OEP_5_Admin.click_take_picture_button_in_admin()
  Then Click admin button                                                                                   # stepDefinition.OEP_5_Admin.click_admin_button()
  Given Click Add User button in create admin page                                                          # stepDefinition.OEP_5_Admin.click_add_user_button_in_create_admin_page()
  And Select valid user type "Super Admin" in the dropdown                                                  # stepDefinition.OEP_5_Admin.select_valid_user_type_in_the_dropdown(java.lang.String)
  Then Check entered user type "Super Admin" is displayed or not in create admin                            # stepDefinition.OEP_5_Admin.check_entered_user_type_is_displayed_or_not_in_create_admin(java.lang.String)
Page is closed  Then Close Admin button                                                                                   # stepDefinition.OEP_5_Admin.close_admin_button()
]]></system-out>
  </testcase>
  <testcase name="ADD USER:Phone Number Check #1" classname="ADMIN" time="13.874">
    <system-out><![CDATA[
@TC_19
Scenario: ADD USER:Phone Number Check                                                                       # src/test/resources/FeatureFiles/5_OEP_ADMIN.feature:151
  Given To Check Admin is navigating to OEP URL is "http://192.168.1.30/OEPADMIN/"                          # stepDefinition.OEP_5_Admin.to_check_admin_is_navigating_to_oep_url_is(java.lang.String)
  When To Check Admin Enter username and password are "thirumaran@sankarasoftware.com" and "Thirumaran@001" # stepDefinition.OEP_5_Admin.to_check_admin_enter_username_and_password_are_and(java.lang.String,java.lang.String)
  And click the Signin button To Check Admin                                                                # stepDefinition.OEP_5_Admin.click_the_signin_button_to_check_admin()
  Then Click take picture button in admin                                                                   # stepDefinition.OEP_5_Admin.click_take_picture_button_in_admin()
  Then Click admin button                                                                                   # stepDefinition.OEP_5_Admin.click_admin_button()
  Given Click Add User button in create admin page                                                          # stepDefinition.OEP_5_Admin.click_add_user_button_in_create_admin_page()
  And Enter alphabetical characters "phone" in phone number tab                                             # stepDefinition.OEP_5_Admin.enter_alphabetical_characters_in_phone_number_tab(java.lang.String)
Lastname tab value is: 
  Then Check tab is empty or not in phone number tab                                                        # stepDefinition.OEP_5_Admin.check_tab_is_empty_or_not_in_phone_number_tab()
Page is closed  Then Close Admin button                                                                                   # stepDefinition.OEP_5_Admin.close_admin_button()
]]></system-out>
  </testcase>
  <testcase name="ADD USER:Phone Number Check #2" classname="ADMIN" time="13.878">
    <system-out><![CDATA[
@TC_20
Scenario: ADD USER:Phone Number Check                                                                       # src/test/resources/FeatureFiles/5_OEP_ADMIN.feature:158
  Given To Check Admin is navigating to OEP URL is "http://192.168.1.30/OEPADMIN/"                          # stepDefinition.OEP_5_Admin.to_check_admin_is_navigating_to_oep_url_is(java.lang.String)
  When To Check Admin Enter username and password are "thirumaran@sankarasoftware.com" and "Thirumaran@001" # stepDefinition.OEP_5_Admin.to_check_admin_enter_username_and_password_are_and(java.lang.String,java.lang.String)
  And click the Signin button To Check Admin                                                                # stepDefinition.OEP_5_Admin.click_the_signin_button_to_check_admin()
  Then Click take picture button in admin                                                                   # stepDefinition.OEP_5_Admin.click_take_picture_button_in_admin()
  Then Click admin button                                                                                   # stepDefinition.OEP_5_Admin.click_admin_button()
  Given Click Add User button in create admin page                                                          # stepDefinition.OEP_5_Admin.click_add_user_button_in_create_admin_page()
  And Enter special characters "!@#$%^" in phone number tab                                                 # stepDefinition.OEP_5_Admin.enter_special_characters_in_phone_number_tab(java.lang.String)
Lastname tab value is: 
  Then Check tab is empty or not in phone number tab                                                        # stepDefinition.OEP_5_Admin.check_tab_is_empty_or_not_in_phone_number_tab()
Page is closed  Then Close Admin button                                                                                   # stepDefinition.OEP_5_Admin.close_admin_button()
]]></system-out>
  </testcase>
  <testcase name="ADD USER:Phone Number Check #3" classname="ADMIN" time="14.093">
    <system-out><![CDATA[
@TC_21
Scenario: ADD USER:Phone Number Check                                                                       # src/test/resources/FeatureFiles/5_OEP_ADMIN.feature:165
  Given To Check Admin is navigating to OEP URL is "http://192.168.1.30/OEPADMIN/"                          # stepDefinition.OEP_5_Admin.to_check_admin_is_navigating_to_oep_url_is(java.lang.String)
  When To Check Admin Enter username and password are "thirumaran@sankarasoftware.com" and "Thirumaran@001" # stepDefinition.OEP_5_Admin.to_check_admin_enter_username_and_password_are_and(java.lang.String,java.lang.String)
  And click the Signin button To Check Admin                                                                # stepDefinition.OEP_5_Admin.click_the_signin_button_to_check_admin()
  Then Click take picture button in admin                                                                   # stepDefinition.OEP_5_Admin.click_take_picture_button_in_admin()
  Then Click admin button                                                                                   # stepDefinition.OEP_5_Admin.click_admin_button()
  Given Click Add User button in create admin page                                                          # stepDefinition.OEP_5_Admin.click_add_user_button_in_create_admin_page()
  And Enter numerical "1234567890" characters in phone number tab                                           # stepDefinition.OEP_5_Admin.enter_numerical_characters_in_phone_number_tab(java.lang.String)
Phone number tab has: 1234567890
  Then Check entered phone number "1234567890" is displayed or not in phone number tab in create admin      # stepDefinition.OEP_5_Admin.check_entered_phone_number_is_displayed_or_not_in_phone_number_tab_in_create_admin(java.lang.String)
Page is closed  Then Close Admin button                                                                                   # stepDefinition.OEP_5_Admin.close_admin_button()
]]></system-out>
  </testcase>
  <testcase name="ADD USER:Phone Number Check #4" classname="ADMIN" time="20.213">
    <system-out><![CDATA[
@TC_22
Scenario: ADD USER:Phone Number Check                                                                       # src/test/resources/FeatureFiles/5_OEP_ADMIN.feature:172
  Given To Check Admin is navigating to OEP URL is "http://192.168.1.30/OEPADMIN/"                          # stepDefinition.OEP_5_Admin.to_check_admin_is_navigating_to_oep_url_is(java.lang.String)
  When To Check Admin Enter username and password are "thirumaran@sankarasoftware.com" and "Thirumaran@001" # stepDefinition.OEP_5_Admin.to_check_admin_enter_username_and_password_are_and(java.lang.String,java.lang.String)
  And click the Signin button To Check Admin                                                                # stepDefinition.OEP_5_Admin.click_the_signin_button_to_check_admin()
  Then Click take picture button in admin                                                                   # stepDefinition.OEP_5_Admin.click_take_picture_button_in_admin()
  Then Click admin button                                                                                   # stepDefinition.OEP_5_Admin.click_admin_button()
  Given Click Add User button in create admin page                                                          # stepDefinition.OEP_5_Admin.click_add_user_button_in_create_admin_page()
  Then Select valid country code "+91"                                                                      # stepDefinition.OEP_5_Admin.select_valid_country_code(java.lang.String)
  And Enter valid phone number "1234567890"                                                                 # stepDefinition.OEP_5_Admin.enter_valid_phone_number(java.lang.String)
Phone number tab has: 1234567890
  Then Check entered phone number "1234567890" is displayed or not in phone number tab in create admin      # stepDefinition.OEP_5_Admin.check_entered_phone_number_is_displayed_or_not_in_phone_number_tab_in_create_admin(java.lang.String)
Page is closed  Then Close Admin button                                                                                   # stepDefinition.OEP_5_Admin.close_admin_button()
]]></system-out>
  </testcase>
  <testcase name="ADD USER:Status Check #1" classname="ADMIN" time="16.543">
    <system-out><![CDATA[
@TC_23
Scenario: ADD USER:Status Check                                                                             # src/test/resources/FeatureFiles/5_OEP_ADMIN.feature:180
  Given To Check Admin is navigating to OEP URL is "http://192.168.1.30/OEPADMIN/"                          # stepDefinition.OEP_5_Admin.to_check_admin_is_navigating_to_oep_url_is(java.lang.String)
  When To Check Admin Enter username and password are "thirumaran@sankarasoftware.com" and "Thirumaran@001" # stepDefinition.OEP_5_Admin.to_check_admin_enter_username_and_password_are_and(java.lang.String,java.lang.String)
  And click the Signin button To Check Admin                                                                # stepDefinition.OEP_5_Admin.click_the_signin_button_to_check_admin()
  Then Click take picture button in admin                                                                   # stepDefinition.OEP_5_Admin.click_take_picture_button_in_admin()
  Then Click admin button                                                                                   # stepDefinition.OEP_5_Admin.click_admin_button()
  Given Click Add User button in create admin page                                                          # stepDefinition.OEP_5_Admin.click_add_user_button_in_create_admin_page()
  Then Click the toggle button                                                                              # stepDefinition.OEP_5_Admin.click_the_toggle_button()
Toggle button status is: No
  And Check the status changed to No-option in the toggle button                                            # stepDefinition.OEP_5_Admin.check_the_status_changed_to_no_option_in_the_toggle_button()
Page is closed  Then Close Admin button                                                                                   # stepDefinition.OEP_5_Admin.close_admin_button()
]]></system-out>
  </testcase>
  <testcase name="ADD USER:Status Check #2" classname="ADMIN" time="20.17">
    <system-out><![CDATA[
@TC_24
Scenario: ADD USER:Status Check                                                                             # src/test/resources/FeatureFiles/5_OEP_ADMIN.feature:187
  Given To Check Admin is navigating to OEP URL is "http://192.168.1.30/OEPADMIN/"                          # stepDefinition.OEP_5_Admin.to_check_admin_is_navigating_to_oep_url_is(java.lang.String)
  When To Check Admin Enter username and password are "thirumaran@sankarasoftware.com" and "Thirumaran@001" # stepDefinition.OEP_5_Admin.to_check_admin_enter_username_and_password_are_and(java.lang.String,java.lang.String)
  And click the Signin button To Check Admin                                                                # stepDefinition.OEP_5_Admin.click_the_signin_button_to_check_admin()
  Then Click take picture button in admin                                                                   # stepDefinition.OEP_5_Admin.click_take_picture_button_in_admin()
  Then Click admin button                                                                                   # stepDefinition.OEP_5_Admin.click_admin_button()
  Given Click Add User button in create admin page                                                          # stepDefinition.OEP_5_Admin.click_add_user_button_in_create_admin_page()
  Then Click the toggle button                                                                              # stepDefinition.OEP_5_Admin.click_the_toggle_button()
Toggle button status is: No
  And Check the status changed to No-option in the toggle button                                            # stepDefinition.OEP_5_Admin.check_the_status_changed_to_no_option_in_the_toggle_button()
  And Click the toggle button                                                                               # stepDefinition.OEP_5_Admin.click_the_toggle_button()
Toggle button status is: Yes
  And Check the status changed to Yes-option in the toggle button                                           # stepDefinition.OEP_5_Admin.check_the_status_changed_to_yes_option_in_the_toggle_button()
Page is closed  Then Close Admin button                                                                                   # stepDefinition.OEP_5_Admin.close_admin_button()
]]></system-out>
  </testcase>
  <testcase name="ADD USER:Address1 Check" classname="ADMIN" time="14.141">
    <system-out><![CDATA[
@TC_25
Scenario: ADD USER:Address1 Check                                                                           # src/test/resources/FeatureFiles/5_OEP_ADMIN.feature:196
  Given To Check Admin is navigating to OEP URL is "http://192.168.1.30/OEPADMIN/"                          # stepDefinition.OEP_5_Admin.to_check_admin_is_navigating_to_oep_url_is(java.lang.String)
  When To Check Admin Enter username and password are "thirumaran@sankarasoftware.com" and "Thirumaran@001" # stepDefinition.OEP_5_Admin.to_check_admin_enter_username_and_password_are_and(java.lang.String,java.lang.String)
  And click the Signin button To Check Admin                                                                # stepDefinition.OEP_5_Admin.click_the_signin_button_to_check_admin()
  Then Click take picture button in admin                                                                   # stepDefinition.OEP_5_Admin.click_take_picture_button_in_admin()
  Then Click admin button                                                                                   # stepDefinition.OEP_5_Admin.click_admin_button()
  Given Click Add User button in create admin page                                                          # stepDefinition.OEP_5_Admin.click_add_user_button_in_create_admin_page()
  And Enter valid "Test Street @ 1" in address1 tab                                                         # stepDefinition.OEP_5_Admin.enter_valid_in_address1_tab(java.lang.String)
  Then Check entered details "Test Street @ 1" are displayed or not in address1 tab                         # stepDefinition.OEP_5_Admin.check_entered_details_are_displayed_or_not_in_address1_tab(java.lang.String)
Page is closed  Then Close Admin button                                                                                   # stepDefinition.OEP_5_Admin.close_admin_button()
]]></system-out>
  </testcase>
  <testcase name="ADD USER:Address2 Check" classname="ADMIN" time="14.14">
    <system-out><![CDATA[
@TC_26
Scenario: ADD USER:Address2 Check                                                                           # src/test/resources/FeatureFiles/5_OEP_ADMIN.feature:203
  Given To Check Admin is navigating to OEP URL is "http://192.168.1.30/OEPADMIN/"                          # stepDefinition.OEP_5_Admin.to_check_admin_is_navigating_to_oep_url_is(java.lang.String)
  When To Check Admin Enter username and password are "thirumaran@sankarasoftware.com" and "Thirumaran@001" # stepDefinition.OEP_5_Admin.to_check_admin_enter_username_and_password_are_and(java.lang.String,java.lang.String)
  And click the Signin button To Check Admin                                                                # stepDefinition.OEP_5_Admin.click_the_signin_button_to_check_admin()
  Then Click take picture button in admin                                                                   # stepDefinition.OEP_5_Admin.click_take_picture_button_in_admin()
  Then Click admin button                                                                                   # stepDefinition.OEP_5_Admin.click_admin_button()
  Given Click Add User button in create admin page                                                          # stepDefinition.OEP_5_Admin.click_add_user_button_in_create_admin_page()
  And Enter valid "Test Street @ 2" in address2 tab                                                         # stepDefinition.OEP_5_Admin.enter_valid_in_address2_tab(java.lang.String)
  Then Check entered details "Test Street @ 2" are displayed or not in address2 tab                         # stepDefinition.OEP_5_Admin.check_entered_details_are_displayed_or_not_in_address2_tab(java.lang.String)
Page is closed  Then Close Admin button                                                                                   # stepDefinition.OEP_5_Admin.close_admin_button()
]]></system-out>
  </testcase>
  <testcase name="ADD USER:City Check #1" classname="ADMIN" time="15.983">
    <system-out><![CDATA[
@TC_27
Scenario: ADD USER:City Check                                                                               # src/test/resources/FeatureFiles/5_OEP_ADMIN.feature:210
  Given To Check Admin is navigating to OEP URL is "http://192.168.1.30/OEPADMIN/"                          # stepDefinition.OEP_5_Admin.to_check_admin_is_navigating_to_oep_url_is(java.lang.String)
  When To Check Admin Enter username and password are "thirumaran@sankarasoftware.com" and "Thirumaran@001" # stepDefinition.OEP_5_Admin.to_check_admin_enter_username_and_password_are_and(java.lang.String,java.lang.String)
  And click the Signin button To Check Admin                                                                # stepDefinition.OEP_5_Admin.click_the_signin_button_to_check_admin()
  Then Click take picture button in admin                                                                   # stepDefinition.OEP_5_Admin.click_take_picture_button_in_admin()
  Then Click admin button                                                                                   # stepDefinition.OEP_5_Admin.click_admin_button()
  Given Click Add User button in create admin page                                                          # stepDefinition.OEP_5_Admin.click_add_user_button_in_create_admin_page()
  And Enter numerical characters "1234567" in city tab                                                      # stepDefinition.OEP_5_Admin.enter_numerical_characters_in_city_tab(java.lang.String)
  Then Check tab is empty or not in city tab                                                                # stepDefinition.OEP_5_Admin.check_tab_is_empty_or_not_in_city_tab()
Page is closed  Then Close Admin button                                                                                   # stepDefinition.OEP_5_Admin.close_admin_button()
]]></system-out>
  </testcase>
  <testcase name="ADD USER:City Check #2" classname="ADMIN" time="15.909">
    <system-out><![CDATA[
@TC_28
Scenario: ADD USER:City Check                                                                               # src/test/resources/FeatureFiles/5_OEP_ADMIN.feature:217
  Given To Check Admin is navigating to OEP URL is "http://192.168.1.30/OEPADMIN/"                          # stepDefinition.OEP_5_Admin.to_check_admin_is_navigating_to_oep_url_is(java.lang.String)
  When To Check Admin Enter username and password are "thirumaran@sankarasoftware.com" and "Thirumaran@001" # stepDefinition.OEP_5_Admin.to_check_admin_enter_username_and_password_are_and(java.lang.String,java.lang.String)
  And click the Signin button To Check Admin                                                                # stepDefinition.OEP_5_Admin.click_the_signin_button_to_check_admin()
  Then Click take picture button in admin                                                                   # stepDefinition.OEP_5_Admin.click_take_picture_button_in_admin()
  Then Click admin button                                                                                   # stepDefinition.OEP_5_Admin.click_admin_button()
  Given Click Add User button in create admin page                                                          # stepDefinition.OEP_5_Admin.click_add_user_button_in_create_admin_page()
  And Enter special characters "!@#$%^" in city tab                                                         # stepDefinition.OEP_5_Admin.enter_special_characters_in_city_tab(java.lang.String)
  Then Check tab is empty or not in city tab                                                                # stepDefinition.OEP_5_Admin.check_tab_is_empty_or_not_in_city_tab()
Page is closed  Then Close Admin button                                                                                   # stepDefinition.OEP_5_Admin.close_admin_button()
]]></system-out>
  </testcase>
  <testcase name="ADD USER:City Check #3" classname="ADMIN" time="16.1">
    <system-out><![CDATA[
@TC_29
Scenario: ADD USER:City Check                                                                               # src/test/resources/FeatureFiles/5_OEP_ADMIN.feature:224
  Given To Check Admin is navigating to OEP URL is "http://192.168.1.30/OEPADMIN/"                          # stepDefinition.OEP_5_Admin.to_check_admin_is_navigating_to_oep_url_is(java.lang.String)
  When To Check Admin Enter username and password are "thirumaran@sankarasoftware.com" and "Thirumaran@001" # stepDefinition.OEP_5_Admin.to_check_admin_enter_username_and_password_are_and(java.lang.String,java.lang.String)
  And click the Signin button To Check Admin                                                                # stepDefinition.OEP_5_Admin.click_the_signin_button_to_check_admin()
  Then Click take picture button in admin                                                                   # stepDefinition.OEP_5_Admin.click_take_picture_button_in_admin()
  Then Click admin button                                                                                   # stepDefinition.OEP_5_Admin.click_admin_button()
  Given Click Add User button in create admin page                                                          # stepDefinition.OEP_5_Admin.click_add_user_button_in_create_admin_page()
  And Enter alphabetical characters "Test City" in city tab                                                 # stepDefinition.OEP_5_Admin.enter_alphabetical_characters_in_city_tab(java.lang.String)
City tab value is: Test City
  Then Check tab is empty or not in city                                                                    # stepDefinition.OEP_5_Admin.check_tab_is_empty_or_not_in_city()
Page is closed  Then Close Admin button                                                                                   # stepDefinition.OEP_5_Admin.close_admin_button()
]]></system-out>
  </testcase>
  <testcase name="ADD USER:Country Check #1" classname="ADMIN" time="22.703">
    <system-out><![CDATA[
@TC_30
Scenario: ADD USER:Country Check                                                                            # src/test/resources/FeatureFiles/5_OEP_ADMIN.feature:231
  Given To Check Admin is navigating to OEP URL is "http://192.168.1.30/OEPADMIN/"                          # stepDefinition.OEP_5_Admin.to_check_admin_is_navigating_to_oep_url_is(java.lang.String)
  When To Check Admin Enter username and password are "thirumaran@sankarasoftware.com" and "Thirumaran@001" # stepDefinition.OEP_5_Admin.to_check_admin_enter_username_and_password_are_and(java.lang.String,java.lang.String)
  And click the Signin button To Check Admin                                                                # stepDefinition.OEP_5_Admin.click_the_signin_button_to_check_admin()
  Then Click take picture button in admin                                                                   # stepDefinition.OEP_5_Admin.click_take_picture_button_in_admin()
  Then Click admin button                                                                                   # stepDefinition.OEP_5_Admin.click_admin_button()
  Given Click Add User button in create admin page                                                          # stepDefinition.OEP_5_Admin.click_add_user_button_in_create_admin_page()
  And Enter country name "India" in country tab                                                             # stepDefinition.OEP_5_Admin.enter_country_name_in_country_tab(java.lang.String)
  Then Check entered country name "India" is displayed or not in country tab                                # stepDefinition.OEP_5_Admin.check_entered_country_name_is_displayed_or_not_in_country_tab(java.lang.String)
Page is closed  Then Close Admin button                                                                                   # stepDefinition.OEP_5_Admin.close_admin_button()
]]></system-out>
  </testcase>
  <testcase name="ADD USER:Country Check #2" classname="ADMIN" time="22.327">
    <system-out><![CDATA[
@TC_31
Scenario: ADD USER:Country Check                                                                            # src/test/resources/FeatureFiles/5_OEP_ADMIN.feature:238
  Given To Check Admin is navigating to OEP URL is "http://192.168.1.30/OEPADMIN/"                          # stepDefinition.OEP_5_Admin.to_check_admin_is_navigating_to_oep_url_is(java.lang.String)
  When To Check Admin Enter username and password are "thirumaran@sankarasoftware.com" and "Thirumaran@001" # stepDefinition.OEP_5_Admin.to_check_admin_enter_username_and_password_are_and(java.lang.String,java.lang.String)
  And click the Signin button To Check Admin                                                                # stepDefinition.OEP_5_Admin.click_the_signin_button_to_check_admin()
  Then Click take picture button in admin                                                                   # stepDefinition.OEP_5_Admin.click_take_picture_button_in_admin()
  Then Click admin button                                                                                   # stepDefinition.OEP_5_Admin.click_admin_button()
  Given Click Add User button in create admin page                                                          # stepDefinition.OEP_5_Admin.click_add_user_button_in_create_admin_page()
  And Select country name "India" in country tab                                                            # stepDefinition.OEP_5_Admin.select_country_name_in_country_tab(java.lang.String)
  Then Check entered country name "India" is displayed or not in country tab                                # stepDefinition.OEP_5_Admin.check_entered_country_name_is_displayed_or_not_in_country_tab(java.lang.String)
Page is closed  Then Close Admin button                                                                                   # stepDefinition.OEP_5_Admin.close_admin_button()
]]></system-out>
  </testcase>
  <testcase name="ADD USER:State Check #1" classname="ADMIN" time="22.529">
    <system-out><![CDATA[
@TC_32
Scenario: ADD USER:State Check                                                                              # src/test/resources/FeatureFiles/5_OEP_ADMIN.feature:245
  Given To Check Admin is navigating to OEP URL is "http://192.168.1.30/OEPADMIN/"                          # stepDefinition.OEP_5_Admin.to_check_admin_is_navigating_to_oep_url_is(java.lang.String)
  When To Check Admin Enter username and password are "thirumaran@sankarasoftware.com" and "Thirumaran@001" # stepDefinition.OEP_5_Admin.to_check_admin_enter_username_and_password_are_and(java.lang.String,java.lang.String)
  And click the Signin button To Check Admin                                                                # stepDefinition.OEP_5_Admin.click_the_signin_button_to_check_admin()
  Then Click take picture button in admin                                                                   # stepDefinition.OEP_5_Admin.click_take_picture_button_in_admin()
  Then Click admin button                                                                                   # stepDefinition.OEP_5_Admin.click_admin_button()
  Given Click Add User button in create admin page                                                          # stepDefinition.OEP_5_Admin.click_add_user_button_in_create_admin_page()
  And Enter state name "Tamil Nadu" in state tab                                                            # stepDefinition.OEP_5_Admin.enter_state_name_in_state_tab(java.lang.String)
  Then Check entered state name "Tamil Nadu" is displayed or not in country tab                             # stepDefinition.OEP_5_Admin.check_entered_state_name_is_displayed_or_not_in_country_tab(java.lang.String)
Page is closed  Then Close Admin button                                                                                   # stepDefinition.OEP_5_Admin.close_admin_button()
]]></system-out>
  </testcase>
  <testcase name="ADD USER:State Check #2" classname="ADMIN" time="22.636">
    <system-out><![CDATA[
@TC_33
Scenario: ADD USER:State Check                                                                              # src/test/resources/FeatureFiles/5_OEP_ADMIN.feature:252
  Given To Check Admin is navigating to OEP URL is "http://192.168.1.30/OEPADMIN/"                          # stepDefinition.OEP_5_Admin.to_check_admin_is_navigating_to_oep_url_is(java.lang.String)
  When To Check Admin Enter username and password are "thirumaran@sankarasoftware.com" and "Thirumaran@001" # stepDefinition.OEP_5_Admin.to_check_admin_enter_username_and_password_are_and(java.lang.String,java.lang.String)
  And click the Signin button To Check Admin                                                                # stepDefinition.OEP_5_Admin.click_the_signin_button_to_check_admin()
  Then Click take picture button in admin                                                                   # stepDefinition.OEP_5_Admin.click_take_picture_button_in_admin()
  Then Click admin button                                                                                   # stepDefinition.OEP_5_Admin.click_admin_button()
  Given Click Add User button in create admin page                                                          # stepDefinition.OEP_5_Admin.click_add_user_button_in_create_admin_page()
  And Select state name "Tamil Nadu" in state tab                                                           # stepDefinition.OEP_5_Admin.select_state_name_in_state_tab(java.lang.String)
  Then Check entered state name "Tamil Nadu" is displayed or not in country tab                             # stepDefinition.OEP_5_Admin.check_entered_state_name_is_displayed_or_not_in_country_tab(java.lang.String)
Page is closed  Then Close Admin button                                                                                   # stepDefinition.OEP_5_Admin.close_admin_button()
]]></system-out>
  </testcase>
  <testcase name="ADD USER:Time Zone Check #1" classname="ADMIN" time="22.795">
    <system-out><![CDATA[
@TC_34
Scenario: ADD USER:Time Zone Check                                                                          # src/test/resources/FeatureFiles/5_OEP_ADMIN.feature:259
  Given To Check Admin is navigating to OEP URL is "http://192.168.1.30/OEPADMIN/"                          # stepDefinition.OEP_5_Admin.to_check_admin_is_navigating_to_oep_url_is(java.lang.String)
  When To Check Admin Enter username and password are "thirumaran@sankarasoftware.com" and "Thirumaran@001" # stepDefinition.OEP_5_Admin.to_check_admin_enter_username_and_password_are_and(java.lang.String,java.lang.String)
  And click the Signin button To Check Admin                                                                # stepDefinition.OEP_5_Admin.click_the_signin_button_to_check_admin()
  Then Click take picture button in admin                                                                   # stepDefinition.OEP_5_Admin.click_take_picture_button_in_admin()
  Then Click admin button                                                                                   # stepDefinition.OEP_5_Admin.click_admin_button()
  Given Click Add User button in create admin page                                                          # stepDefinition.OEP_5_Admin.click_add_user_button_in_create_admin_page()
  And Enter Time Zone name "Asia/Kolkata" in Time Zone tab                                                  # stepDefinition.OEP_5_Admin.enter_time_zone_name_in_time_zone_tab(java.lang.String)
  Then Check entered Time Zone name "Asia/Kolkata" is displayed or not in Time Zone tab                     # stepDefinition.OEP_5_Admin.check_entered_time_zone_name_is_displayed_or_not_in_time_zone_tab(java.lang.String)
Page is closed  Then Close Admin button                                                                                   # stepDefinition.OEP_5_Admin.close_admin_button()
]]></system-out>
  </testcase>
  <testcase name="ADD USER:Time Zone Check #2" classname="ADMIN" time="21.988">
    <system-out><![CDATA[
@TC_35
Scenario: ADD USER:Time Zone Check                                                                          # src/test/resources/FeatureFiles/5_OEP_ADMIN.feature:266
  Given To Check Admin is navigating to OEP URL is "http://192.168.1.30/OEPADMIN/"                          # stepDefinition.OEP_5_Admin.to_check_admin_is_navigating_to_oep_url_is(java.lang.String)
  When To Check Admin Enter username and password are "thirumaran@sankarasoftware.com" and "Thirumaran@001" # stepDefinition.OEP_5_Admin.to_check_admin_enter_username_and_password_are_and(java.lang.String,java.lang.String)
  And click the Signin button To Check Admin                                                                # stepDefinition.OEP_5_Admin.click_the_signin_button_to_check_admin()
  Then Click take picture button in admin                                                                   # stepDefinition.OEP_5_Admin.click_take_picture_button_in_admin()
  Then Click admin button                                                                                   # stepDefinition.OEP_5_Admin.click_admin_button()
  Given Click Add User button in create admin page                                                          # stepDefinition.OEP_5_Admin.click_add_user_button_in_create_admin_page()
  And Select valid "Asia/Kolkata" in timezone tab                                                           # stepDefinition.OEP_5_Admin.select_valid_in_timezone_tab(java.lang.String)
  Then Check entered Time Zone name "Asia/Kolkata" is displayed or not in Time Zone tab                     # stepDefinition.OEP_5_Admin.check_entered_time_zone_name_is_displayed_or_not_in_time_zone_tab(java.lang.String)
Page is closed  Then Close Admin button                                                                                   # stepDefinition.OEP_5_Admin.close_admin_button()
]]></system-out>
  </testcase>
  <testcase name="ADD USER:Zip Code Check #1" classname="ADMIN" time="16.034">
    <system-out><![CDATA[
@TC_36
Scenario: ADD USER:Zip Code Check                                                                           # src/test/resources/FeatureFiles/5_OEP_ADMIN.feature:273
  Given To Check Admin is navigating to OEP URL is "http://192.168.1.30/OEPADMIN/"                          # stepDefinition.OEP_5_Admin.to_check_admin_is_navigating_to_oep_url_is(java.lang.String)
  When To Check Admin Enter username and password are "thirumaran@sankarasoftware.com" and "Thirumaran@001" # stepDefinition.OEP_5_Admin.to_check_admin_enter_username_and_password_are_and(java.lang.String,java.lang.String)
  And click the Signin button To Check Admin                                                                # stepDefinition.OEP_5_Admin.click_the_signin_button_to_check_admin()
  Then Click take picture button in admin                                                                   # stepDefinition.OEP_5_Admin.click_take_picture_button_in_admin()
  Then Click admin button                                                                                   # stepDefinition.OEP_5_Admin.click_admin_button()
  Given Click Add User button in create admin page                                                          # stepDefinition.OEP_5_Admin.click_add_user_button_in_create_admin_page()
  And Enter alphabetical characters "test" in Zip Code tab                                                  # stepDefinition.OEP_5_Admin.enter_alphabetical_characters_in_zip_code_tab(java.lang.String)
  Then Check tab is empty or not in Zip Code tab                                                            # stepDefinition.OEP_5_Admin.check_tab_is_empty_or_not_in_zip_code_tab()
Page is closed  Then Close Admin button                                                                                   # stepDefinition.OEP_5_Admin.close_admin_button()
]]></system-out>
  </testcase>
  <testcase name="ADD USER:Zip Code Check #2" classname="ADMIN" time="15.867">
    <system-out><![CDATA[
@TC_37
Scenario: ADD USER:Zip Code Check                                                                           # src/test/resources/FeatureFiles/5_OEP_ADMIN.feature:280
  Given To Check Admin is navigating to OEP URL is "http://192.168.1.30/OEPADMIN/"                          # stepDefinition.OEP_5_Admin.to_check_admin_is_navigating_to_oep_url_is(java.lang.String)
  When To Check Admin Enter username and password are "thirumaran@sankarasoftware.com" and "Thirumaran@001" # stepDefinition.OEP_5_Admin.to_check_admin_enter_username_and_password_are_and(java.lang.String,java.lang.String)
  And click the Signin button To Check Admin                                                                # stepDefinition.OEP_5_Admin.click_the_signin_button_to_check_admin()
  Then Click take picture button in admin                                                                   # stepDefinition.OEP_5_Admin.click_take_picture_button_in_admin()
  Then Click admin button                                                                                   # stepDefinition.OEP_5_Admin.click_admin_button()
  Given Click Add User button in create admin page                                                          # stepDefinition.OEP_5_Admin.click_add_user_button_in_create_admin_page()
  And Enter special characters "!@#$%^" in Zip Code tab                                                     # stepDefinition.OEP_5_Admin.enter_special_characters_in_zip_code_tab(java.lang.String)
  Then Check tab is empty or not in Zip Code tab                                                            # stepDefinition.OEP_5_Admin.check_tab_is_empty_or_not_in_zip_code_tab()
Page is closed  Then Close Admin button                                                                                   # stepDefinition.OEP_5_Admin.close_admin_button()
]]></system-out>
  </testcase>
  <testcase name="ADD USER:Zip Code Check #3" classname="ADMIN" time="13.93">
    <system-out><![CDATA[
@TC_38
Scenario: ADD USER:Zip Code Check                                                                           # src/test/resources/FeatureFiles/5_OEP_ADMIN.feature:287
  Given To Check Admin is navigating to OEP URL is "http://192.168.1.30/OEPADMIN/"                          # stepDefinition.OEP_5_Admin.to_check_admin_is_navigating_to_oep_url_is(java.lang.String)
  When To Check Admin Enter username and password are "thirumaran@sankarasoftware.com" and "Thirumaran@001" # stepDefinition.OEP_5_Admin.to_check_admin_enter_username_and_password_are_and(java.lang.String,java.lang.String)
  And click the Signin button To Check Admin                                                                # stepDefinition.OEP_5_Admin.click_the_signin_button_to_check_admin()
  Then Click take picture button in admin                                                                   # stepDefinition.OEP_5_Admin.click_take_picture_button_in_admin()
  Then Click admin button                                                                                   # stepDefinition.OEP_5_Admin.click_admin_button()
  Given Click Add User button in create admin page                                                          # stepDefinition.OEP_5_Admin.click_add_user_button_in_create_admin_page()
  And Enter valid characters "123456" in Zip Code tab                                                       # stepDefinition.OEP_5_Admin.enter_valid_characters_in_zip_code_tab(java.lang.String)
  Then Check tab is empty or not in Zip Code                                                                # stepDefinition.OEP_5_Admin.check_tab_is_empty_or_not_in_zip_code()
Page is closed  Then Close Admin button                                                                                   # stepDefinition.OEP_5_Admin.close_admin_button()
]]></system-out>
  </testcase>
  <testcase name="ADD USER:2FA Check #1" classname="ADMIN" time="13.988">
    <system-out><![CDATA[
@TC_41
Scenario: ADD USER:2FA Check                                                                                # src/test/resources/FeatureFiles/5_OEP_ADMIN.feature:305
  Given To Check Admin is navigating to OEP URL is "http://192.168.1.30/OEPADMIN/"                          # stepDefinition.OEP_5_Admin.to_check_admin_is_navigating_to_oep_url_is(java.lang.String)
  When To Check Admin Enter username and password are "thirumaran@sankarasoftware.com" and "Thirumaran@001" # stepDefinition.OEP_5_Admin.to_check_admin_enter_username_and_password_are_and(java.lang.String,java.lang.String)
  And click the Signin button To Check Admin                                                                # stepDefinition.OEP_5_Admin.click_the_signin_button_to_check_admin()
  Then Click take picture button in admin                                                                   # stepDefinition.OEP_5_Admin.click_take_picture_button_in_admin()
  Then Click admin button                                                                                   # stepDefinition.OEP_5_Admin.click_admin_button()
  Given Click Add User button in create admin page                                                          # stepDefinition.OEP_5_Admin.click_add_user_button_in_create_admin_page()
  Then Click No radio button in 2FA Details tab                                                             # stepDefinition.OEP_5_Admin.click_no_radio_button_in_2fa_details_tab()
  And Click Yes radio button in 2FA Details tab                                                             # stepDefinition.OEP_5_Admin.click_yes_radio_button_in_2fa_details_tab()
Page is closed  Then Close Admin button                                                                                   # stepDefinition.OEP_5_Admin.close_admin_button()
]]></system-out>
  </testcase>
  <testcase name="ADD USER:2FA Check #2" classname="ADMIN" time="14.369">
    <system-out><![CDATA[
@TC_42
Scenario: ADD USER:2FA Check                                                                                # src/test/resources/FeatureFiles/5_OEP_ADMIN.feature:312
  Given To Check Admin is navigating to OEP URL is "http://192.168.1.30/OEPADMIN/"                          # stepDefinition.OEP_5_Admin.to_check_admin_is_navigating_to_oep_url_is(java.lang.String)
  When To Check Admin Enter username and password are "thirumaran@sankarasoftware.com" and "Thirumaran@001" # stepDefinition.OEP_5_Admin.to_check_admin_enter_username_and_password_are_and(java.lang.String,java.lang.String)
  And click the Signin button To Check Admin                                                                # stepDefinition.OEP_5_Admin.click_the_signin_button_to_check_admin()
  Then Click take picture button in admin                                                                   # stepDefinition.OEP_5_Admin.click_take_picture_button_in_admin()
  Then Click admin button                                                                                   # stepDefinition.OEP_5_Admin.click_admin_button()
  Given Click Add User button in create admin page                                                          # stepDefinition.OEP_5_Admin.click_add_user_button_in_create_admin_page()
  And Click Yes radio button in 2FA Details tab                                                             # stepDefinition.OEP_5_Admin.click_yes_radio_button_in_2fa_details_tab()
  Then Click Email radio button in 2FA Details tab                                                          # stepDefinition.OEP_5_Admin.click_email_radio_button_in_2fa_details_tab()
  And Click SMS radio button in 2FA Details tab                                                             # stepDefinition.OEP_5_Admin.click_sms_radio_button_in_2fa_details_tab()
Page is closed  Then Close Admin button                                                                                   # stepDefinition.OEP_5_Admin.close_admin_button()
]]></system-out>
  </testcase>
  <testcase name="Admin:Invalid Check" classname="ADMIN" time="19.366">
    <error message="element click intercepted: Element &lt;div class=&quot;react-select__value-container react-select__value-container--has-value css-1hwfws3&quot;&gt;...&lt;/div&gt; is not clickable at point (263, 455). Other element would receive the click: &lt;svg xmlns=&quot;http://www.w3.org/2000/svg&quot; width=&quot;20&quot; height=&quot;20&quot; viewBox=&quot;0 0 20 20&quot; title=&quot;&quot; fill=&quot;none&quot; stroke=&quot;currentColor&quot; stroke-width=&quot;1.5&quot; stroke-linecap=&quot;round&quot; stroke-linejoin=&quot;round&quot; class=&quot;cs-icon radio &quot;&gt;...&lt;/svg&gt;&#10;  (Session info: chrome=133.0.6943.127)&#10;Build info: version: &apos;4.29.0&apos;, revision: &apos;5fc1ec94cb&apos;&#10;System info: os.name: &apos;Windows 11&apos;, os.arch: &apos;amd64&apos;, os.version: &apos;10.0&apos;, java.version: &apos;21.0.2&apos;&#10;Driver info: org.openqa.selenium.chrome.ChromeDriver&#10;Command: [eaaff766266ce3160fec8b9c20725fe6, clickElement {id=f.DBF1AD4E339B098AB4894EE3A9205936.d.77B20AB2E9186D65C5E41831BA2843CD.e.137}]&#10;Capabilities {acceptInsecureCerts: false, browserName: chrome, browserVersion: 133.0.6943.127, chrome: {chromedriverVersion: 133.0.6943.126 (cffa127ce7b..., userDataDir: C:\WINDOWS\SystemTemp\scope...}, fedcm:accounts: true, goog:chromeOptions: {debuggerAddress: localhost:61983}, networkConnectionEnabled: false, pageLoadStrategy: normal, platformName: windows, proxy: Proxy(), se:cdp: ws://localhost:61983/devtoo..., se:cdpVersion: 133.0.6943.127, setWindowRect: true, strictFileInteractability: false, timeouts: {implicit: 0, pageLoad: 300000, script: 30000}, unhandledPromptBehavior: dismiss and notify, webauthn:extension:credBlob: true, webauthn:extension:largeBlob: true, webauthn:extension:minPinLength: true, webauthn:extension:prf: true, webauthn:virtualAuthenticators: true}&#10;Element: [[ChromeDriver: chrome on windows (eaaff766266ce3160fec8b9c20725fe6)] -&gt; xpath: (//div[@class=&apos;react-select__value-container react-select__value-container--has-value css-1hwfws3&apos;])[2]]&#10;Session ID: eaaff766266ce3160fec8b9c20725fe6" type="org.openqa.selenium.ElementClickInterceptedException"><![CDATA[org.openqa.selenium.ElementClickInterceptedException: 
element click intercepted: Element <div class="react-select__value-container react-select__value-container--has-value css-1hwfws3">...</div> is not clickable at point (263, 455). Other element would receive the click: <svg xmlns="http://www.w3.org/2000/svg" width="20" height="20" viewBox="0 0 20 20" title="" fill="none" stroke="currentColor" stroke-width="1.5" stroke-linecap="round" stroke-linejoin="round" class="cs-icon radio ">...</svg>
  (Session info: chrome=133.0.6943.127)
Build info: version: '4.29.0', revision: '5fc1ec94cb'
System info: os.name: 'Windows 11', os.arch: 'amd64', os.version: '10.0', java.version: '21.0.2'
Driver info: org.openqa.selenium.chrome.ChromeDriver
Command: [eaaff766266ce3160fec8b9c20725fe6, clickElement {id=f.DBF1AD4E339B098AB4894EE3A9205936.d.77B20AB2E9186D65C5E41831BA2843CD.e.137}]
Capabilities {acceptInsecureCerts: false, browserName: chrome, browserVersion: 133.0.6943.127, chrome: {chromedriverVersion: 133.0.6943.126 (cffa127ce7b..., userDataDir: C:\WINDOWS\SystemTemp\scope...}, fedcm:accounts: true, goog:chromeOptions: {debuggerAddress: localhost:61983}, networkConnectionEnabled: false, pageLoadStrategy: normal, platformName: windows, proxy: Proxy(), se:cdp: ws://localhost:61983/devtoo..., se:cdpVersion: 133.0.6943.127, setWindowRect: true, strictFileInteractability: false, timeouts: {implicit: 0, pageLoad: 300000, script: 30000}, unhandledPromptBehavior: dismiss and notify, webauthn:extension:credBlob: true, webauthn:extension:largeBlob: true, webauthn:extension:minPinLength: true, webauthn:extension:prf: true, webauthn:virtualAuthenticators: true}
Element: [[ChromeDriver: chrome on windows (eaaff766266ce3160fec8b9c20725fe6)] -> xpath: (//div[@class='react-select__value-container react-select__value-container--has-value css-1hwfws3'])[2]]
Session ID: eaaff766266ce3160fec8b9c20725fe6
	at java.base/java.lang.reflect.Constructor.newInstanceWithCaller(Constructor.java:502)
	at java.base/java.lang.reflect.Constructor.newInstance(Constructor.java:486)
	at org.openqa.selenium.remote.ErrorCodec.decode(ErrorCodec.java:167)
	at org.openqa.selenium.remote.codec.w3c.W3CHttpResponseCodec.decode(W3CHttpResponseCodec.java:138)
	at org.openqa.selenium.remote.codec.w3c.W3CHttpResponseCodec.decode(W3CHttpResponseCodec.java:50)
	at org.openqa.selenium.remote.HttpCommandExecutor.execute(HttpCommandExecutor.java:215)
	at org.openqa.selenium.remote.service.DriverCommandExecutor.invokeExecute(DriverCommandExecutor.java:216)
	at org.openqa.selenium.remote.service.DriverCommandExecutor.execute(DriverCommandExecutor.java:174)
	at org.openqa.selenium.remote.RemoteWebDriver.execute(RemoteWebDriver.java:545)
	at org.openqa.selenium.remote.RemoteWebElement.execute(RemoteWebElement.java:223)
	at org.openqa.selenium.remote.RemoteWebElement.click(RemoteWebElement.java:76)
	at stepDefinition.OEP_5_Admin.select_valid_country_code_in_create_admin_page(OEP_5_Admin.java:1092)
	at ✽.Select valid country code "+91" in create admin page(file:///C:/Users/thirumaran/eclipse-workspace/NexTestify_Cucumber/src/test/resources/FeatureFiles/5_OEP_ADMIN.feature:326)
]]></error>
    <system-out><![CDATA[
@TC_43
Scenario: Admin:Invalid Check                                                                               # src/test/resources/FeatureFiles/5_OEP_ADMIN.feature:320
  Given To Check Admin is navigating to OEP URL is "http://192.168.1.30/OEPADMIN/"                          # stepDefinition.OEP_5_Admin.to_check_admin_is_navigating_to_oep_url_is(java.lang.String)
  When To Check Admin Enter username and password are "thirumaran@sankarasoftware.com" and "Thirumaran@001" # stepDefinition.OEP_5_Admin.to_check_admin_enter_username_and_password_are_and(java.lang.String,java.lang.String)
  And click the Signin button To Check Admin                                                                # stepDefinition.OEP_5_Admin.click_the_signin_button_to_check_admin()
  Then Click take picture button in admin                                                                   # stepDefinition.OEP_5_Admin.click_take_picture_button_in_admin()
  Then Click admin button                                                                                   # stepDefinition.OEP_5_Admin.click_admin_button()
  Given Click Add User button in create admin page                                                          # stepDefinition.OEP_5_Admin.click_add_user_button_in_create_admin_page()
  When Enter valid first name in create admin page                                                          # stepDefinition.OEP_5_Admin.enter_valid_first_name_in_create_admin_page()
  Then Enter valid last name in create admin page                                                           # stepDefinition.OEP_5_Admin.enter_valid_last_name_in_create_admin_page()
  And Enter valid email id in create admin page                                                             # stepDefinition.OEP_5_Admin.enter_valid_email_id_in_create_admin_page()
  Then Select valid user type "Super Admin" in create admin page                                            # stepDefinition.OEP_5_Admin.select_valid_user_type_in_create_admin_page(java.lang.String)
  And Select valid country code "+91" in create admin page                                                  # stepDefinition.OEP_5_Admin.select_valid_country_code_in_create_admin_page(java.lang.String)
      org.openqa.selenium.ElementClickInterceptedException: element click intercepted: Element <div class="react-select__value-container react-select__value-container--has-value css-1hwfws3">...</div> is not clickable at point (263, 455). Other element would receive the click: <svg xmlns="http://www.w3.org/2000/svg" width="20" height="20" viewBox="0 0 20 20" title="" fill="none" stroke="currentColor" stroke-width="1.5" stroke-linecap="round" stroke-linejoin="round" class="cs-icon radio ">...</svg>
  (Session info: chrome=133.0.6943.127)
Build info: version: '4.29.0', revision: '5fc1ec94cb'
System info: os.name: 'Windows 11', os.arch: 'amd64', os.version: '10.0', java.version: '21.0.2'
Driver info: org.openqa.selenium.chrome.ChromeDriver
Command: [eaaff766266ce3160fec8b9c20725fe6, clickElement {id=f.DBF1AD4E339B098AB4894EE3A9205936.d.77B20AB2E9186D65C5E41831BA2843CD.e.137}]
Capabilities {acceptInsecureCerts: false, browserName: chrome, browserVersion: 133.0.6943.127, chrome: {chromedriverVersion: 133.0.6943.126 (cffa127ce7b..., userDataDir: C:\WINDOWS\SystemTemp\scope...}, fedcm:accounts: true, goog:chromeOptions: {debuggerAddress: localhost:61983}, networkConnectionEnabled: false, pageLoadStrategy: normal, platformName: windows, proxy: Proxy(), se:cdp: ws://localhost:61983/devtoo..., se:cdpVersion: 133.0.6943.127, setWindowRect: true, strictFileInteractability: false, timeouts: {implicit: 0, pageLoad: 300000, script: 30000}, unhandledPromptBehavior: dismiss and notify, webauthn:extension:credBlob: true, webauthn:extension:largeBlob: true, webauthn:extension:minPinLength: true, webauthn:extension:prf: true, webauthn:virtualAuthenticators: true}
Element: [[ChromeDriver: chrome on windows (eaaff766266ce3160fec8b9c20725fe6)] -> xpath: (//div[@class='react-select__value-container react-select__value-container--has-value css-1hwfws3'])[2]]
Session ID: eaaff766266ce3160fec8b9c20725fe6
	at java.base/jdk.internal.reflect.DirectConstructorHandleAccessor.newInstance(DirectConstructorHandleAccessor.java:62)
	at java.base/java.lang.reflect.Constructor.newInstanceWithCaller(Constructor.java:502)
	at java.base/java.lang.reflect.Constructor.newInstance(Constructor.java:486)
	at org.openqa.selenium.remote.ErrorCodec.decode(ErrorCodec.java:167)
	at org.openqa.selenium.remote.codec.w3c.W3CHttpResponseCodec.decode(W3CHttpResponseCodec.java:138)
	at org.openqa.selenium.remote.codec.w3c.W3CHttpResponseCodec.decode(W3CHttpResponseCodec.java:50)
	at org.openqa.selenium.remote.HttpCommandExecutor.execute(HttpCommandExecutor.java:215)
	at org.openqa.selenium.remote.service.DriverCommandExecutor.invokeExecute(DriverCommandExecutor.java:216)
	at org.openqa.selenium.remote.service.DriverCommandExecutor.execute(DriverCommandExecutor.java:174)
	at org.openqa.selenium.remote.RemoteWebDriver.execute(RemoteWebDriver.java:545)
	at org.openqa.selenium.remote.RemoteWebElement.execute(RemoteWebElement.java:223)
	at org.openqa.selenium.remote.RemoteWebElement.click(RemoteWebElement.java:76)
	at stepDefinition.OEP_5_Admin.select_valid_country_code_in_create_admin_page(OEP_5_Admin.java:1092)
	at ✽.Select valid country code "+91" in create admin page(file:///C:/Users/thirumaran/eclipse-workspace/NexTestify_Cucumber/src/test/resources/FeatureFiles/5_OEP_ADMIN.feature:326)

  Then Enter valid phone number "98765432" in create admin page                                             # stepDefinition.OEP_5_Admin.Enter_valid_phone_number_in_create_admin_page(java.lang.String)
  And Enter valid address1 details "Test Address1"                                                          # stepDefinition.OEP_5_Admin.enter_valid_address1_details(java.lang.String)
  Then Enter valid address2 details "Test Address2"                                                         # stepDefinition.OEP_5_Admin.enter_valid_address2_details(java.lang.String)
  And Enter valid city details "Test city"                                                                  # stepDefinition.OEP_5_Admin.enter_valid_city_details(java.lang.String)
  Then Select valid country "United States of America" in the dropdown                                      # stepDefinition.OEP_5_Admin.select_valid_country_in_the_dropdown(java.lang.String)
  And Select valid state "New York" in the dropdown                                                         # stepDefinition.OEP_5_Admin.select_valid_state_in_the_dropdown(java.lang.String)
  Then Select valid timezone "America/Chicago" in the dropdown                                              # stepDefinition.OEP_5_Admin.select_valid_timezone_in_the_dropdown(java.lang.String)
  And Enter valid zipcode "654321"                                                                          # stepDefinition.OEP_5_Admin.enter_valid_zipcode(java.lang.String)
  And Select No option in the 2FA tab                                                                       # stepDefinition.OEP_5_Admin.select_no_option_in_the_2fa_tab()
  Then Click save button in create admin page                                                               # stepDefinition.OEP_5_Admin.click_save_button_in_create_admin_page()
  And Check error message is displayed or not                                                               # stepDefinition.OEP_5_Admin.check_error_message_is_displayed_or_not()
  Then Close Admin button                                                                                   # stepDefinition.OEP_5_Admin.close_admin_button()
]]></system-out>
  </testcase>
  <testcase name="Admin:Valid Check" classname="ADMIN" time="19.577">
    <error message="element click intercepted: Element &lt;div class=&quot;react-select__value-container react-select__value-container--has-value css-1hwfws3&quot;&gt;...&lt;/div&gt; is not clickable at point (263, 455). Other element would receive the click: &lt;svg xmlns=&quot;http://www.w3.org/2000/svg&quot; width=&quot;20&quot; height=&quot;20&quot; viewBox=&quot;0 0 20 20&quot; title=&quot;&quot; fill=&quot;none&quot; stroke=&quot;currentColor&quot; stroke-width=&quot;1.5&quot; stroke-linecap=&quot;round&quot; stroke-linejoin=&quot;round&quot; class=&quot;cs-icon radio &quot;&gt;...&lt;/svg&gt;&#10;  (Session info: chrome=133.0.6943.127)&#10;Build info: version: &apos;4.29.0&apos;, revision: &apos;5fc1ec94cb&apos;&#10;System info: os.name: &apos;Windows 11&apos;, os.arch: &apos;amd64&apos;, os.version: &apos;10.0&apos;, java.version: &apos;21.0.2&apos;&#10;Driver info: org.openqa.selenium.chrome.ChromeDriver&#10;Command: [160741f9a44d536c2f4abdad765298e4, clickElement {id=f.82B2FD968C0075E651B8E9701D595F28.d.BB2B7E26892D5FCF41D9A273FE4D97E4.e.141}]&#10;Capabilities {acceptInsecureCerts: false, browserName: chrome, browserVersion: 133.0.6943.127, chrome: {chromedriverVersion: 133.0.6943.126 (cffa127ce7b..., userDataDir: C:\WINDOWS\SystemTemp\scope...}, fedcm:accounts: true, goog:chromeOptions: {debuggerAddress: localhost:62025}, networkConnectionEnabled: false, pageLoadStrategy: normal, platformName: windows, proxy: Proxy(), se:cdp: ws://localhost:62025/devtoo..., se:cdpVersion: 133.0.6943.127, setWindowRect: true, strictFileInteractability: false, timeouts: {implicit: 0, pageLoad: 300000, script: 30000}, unhandledPromptBehavior: dismiss and notify, webauthn:extension:credBlob: true, webauthn:extension:largeBlob: true, webauthn:extension:minPinLength: true, webauthn:extension:prf: true, webauthn:virtualAuthenticators: true}&#10;Element: [[ChromeDriver: chrome on windows (160741f9a44d536c2f4abdad765298e4)] -&gt; xpath: (//div[@class=&apos;react-select__value-container react-select__value-container--has-value css-1hwfws3&apos;])[2]]&#10;Session ID: 160741f9a44d536c2f4abdad765298e4" type="org.openqa.selenium.ElementClickInterceptedException"><![CDATA[org.openqa.selenium.ElementClickInterceptedException: 
element click intercepted: Element <div class="react-select__value-container react-select__value-container--has-value css-1hwfws3">...</div> is not clickable at point (263, 455). Other element would receive the click: <svg xmlns="http://www.w3.org/2000/svg" width="20" height="20" viewBox="0 0 20 20" title="" fill="none" stroke="currentColor" stroke-width="1.5" stroke-linecap="round" stroke-linejoin="round" class="cs-icon radio ">...</svg>
  (Session info: chrome=133.0.6943.127)
Build info: version: '4.29.0', revision: '5fc1ec94cb'
System info: os.name: 'Windows 11', os.arch: 'amd64', os.version: '10.0', java.version: '21.0.2'
Driver info: org.openqa.selenium.chrome.ChromeDriver
Command: [160741f9a44d536c2f4abdad765298e4, clickElement {id=f.82B2FD968C0075E651B8E9701D595F28.d.BB2B7E26892D5FCF41D9A273FE4D97E4.e.141}]
Capabilities {acceptInsecureCerts: false, browserName: chrome, browserVersion: 133.0.6943.127, chrome: {chromedriverVersion: 133.0.6943.126 (cffa127ce7b..., userDataDir: C:\WINDOWS\SystemTemp\scope...}, fedcm:accounts: true, goog:chromeOptions: {debuggerAddress: localhost:62025}, networkConnectionEnabled: false, pageLoadStrategy: normal, platformName: windows, proxy: Proxy(), se:cdp: ws://localhost:62025/devtoo..., se:cdpVersion: 133.0.6943.127, setWindowRect: true, strictFileInteractability: false, timeouts: {implicit: 0, pageLoad: 300000, script: 30000}, unhandledPromptBehavior: dismiss and notify, webauthn:extension:credBlob: true, webauthn:extension:largeBlob: true, webauthn:extension:minPinLength: true, webauthn:extension:prf: true, webauthn:virtualAuthenticators: true}
Element: [[ChromeDriver: chrome on windows (160741f9a44d536c2f4abdad765298e4)] -> xpath: (//div[@class='react-select__value-container react-select__value-container--has-value css-1hwfws3'])[2]]
Session ID: 160741f9a44d536c2f4abdad765298e4
	at java.base/java.lang.reflect.Constructor.newInstanceWithCaller(Constructor.java:502)
	at java.base/java.lang.reflect.Constructor.newInstance(Constructor.java:486)
	at org.openqa.selenium.remote.ErrorCodec.decode(ErrorCodec.java:167)
	at org.openqa.selenium.remote.codec.w3c.W3CHttpResponseCodec.decode(W3CHttpResponseCodec.java:138)
	at org.openqa.selenium.remote.codec.w3c.W3CHttpResponseCodec.decode(W3CHttpResponseCodec.java:50)
	at org.openqa.selenium.remote.HttpCommandExecutor.execute(HttpCommandExecutor.java:215)
	at org.openqa.selenium.remote.service.DriverCommandExecutor.invokeExecute(DriverCommandExecutor.java:216)
	at org.openqa.selenium.remote.service.DriverCommandExecutor.execute(DriverCommandExecutor.java:174)
	at org.openqa.selenium.remote.RemoteWebDriver.execute(RemoteWebDriver.java:545)
	at org.openqa.selenium.remote.RemoteWebElement.execute(RemoteWebElement.java:223)
	at org.openqa.selenium.remote.RemoteWebElement.click(RemoteWebElement.java:76)
	at stepDefinition.OEP_5_Admin.select_valid_country_code_in_create_admin_page(OEP_5_Admin.java:1092)
	at ✽.Select valid country code "+91" in create admin page(file:///C:/Users/thirumaran/eclipse-workspace/NexTestify_Cucumber/src/test/resources/FeatureFiles/5_OEP_ADMIN.feature:348)
]]></error>
    <system-out><![CDATA[
@TC_44
Scenario: Admin:Valid Check                                                                                 # src/test/resources/FeatureFiles/5_OEP_ADMIN.feature:342
  Given To Check Admin is navigating to OEP URL is "http://192.168.1.30/OEPADMIN/"                          # stepDefinition.OEP_5_Admin.to_check_admin_is_navigating_to_oep_url_is(java.lang.String)
  When To Check Admin Enter username and password are "thirumaran@sankarasoftware.com" and "Thirumaran@001" # stepDefinition.OEP_5_Admin.to_check_admin_enter_username_and_password_are_and(java.lang.String,java.lang.String)
  And click the Signin button To Check Admin                                                                # stepDefinition.OEP_5_Admin.click_the_signin_button_to_check_admin()
  Then Click take picture button in admin                                                                   # stepDefinition.OEP_5_Admin.click_take_picture_button_in_admin()
  Then Click admin button                                                                                   # stepDefinition.OEP_5_Admin.click_admin_button()
  Given Click Add User button in create admin page                                                          # stepDefinition.OEP_5_Admin.click_add_user_button_in_create_admin_page()
  When Enter valid first name in create admin page                                                          # stepDefinition.OEP_5_Admin.enter_valid_first_name_in_create_admin_page()
  Then Enter valid last name in create admin page                                                           # stepDefinition.OEP_5_Admin.enter_valid_last_name_in_create_admin_page()
  And Enter valid email id in create admin page                                                             # stepDefinition.OEP_5_Admin.enter_valid_email_id_in_create_admin_page()
  Then Select valid user type "Super Admin" in create admin page                                            # stepDefinition.OEP_5_Admin.select_valid_user_type_in_create_admin_page(java.lang.String)
  And Select valid country code "+91" in create admin page                                                  # stepDefinition.OEP_5_Admin.select_valid_country_code_in_create_admin_page(java.lang.String)
      org.openqa.selenium.ElementClickInterceptedException: element click intercepted: Element <div class="react-select__value-container react-select__value-container--has-value css-1hwfws3">...</div> is not clickable at point (263, 455). Other element would receive the click: <svg xmlns="http://www.w3.org/2000/svg" width="20" height="20" viewBox="0 0 20 20" title="" fill="none" stroke="currentColor" stroke-width="1.5" stroke-linecap="round" stroke-linejoin="round" class="cs-icon radio ">...</svg>
  (Session info: chrome=133.0.6943.127)
Build info: version: '4.29.0', revision: '5fc1ec94cb'
System info: os.name: 'Windows 11', os.arch: 'amd64', os.version: '10.0', java.version: '21.0.2'
Driver info: org.openqa.selenium.chrome.ChromeDriver
Command: [160741f9a44d536c2f4abdad765298e4, clickElement {id=f.82B2FD968C0075E651B8E9701D595F28.d.BB2B7E26892D5FCF41D9A273FE4D97E4.e.141}]
Capabilities {acceptInsecureCerts: false, browserName: chrome, browserVersion: 133.0.6943.127, chrome: {chromedriverVersion: 133.0.6943.126 (cffa127ce7b..., userDataDir: C:\WINDOWS\SystemTemp\scope...}, fedcm:accounts: true, goog:chromeOptions: {debuggerAddress: localhost:62025}, networkConnectionEnabled: false, pageLoadStrategy: normal, platformName: windows, proxy: Proxy(), se:cdp: ws://localhost:62025/devtoo..., se:cdpVersion: 133.0.6943.127, setWindowRect: true, strictFileInteractability: false, timeouts: {implicit: 0, pageLoad: 300000, script: 30000}, unhandledPromptBehavior: dismiss and notify, webauthn:extension:credBlob: true, webauthn:extension:largeBlob: true, webauthn:extension:minPinLength: true, webauthn:extension:prf: true, webauthn:virtualAuthenticators: true}
Element: [[ChromeDriver: chrome on windows (160741f9a44d536c2f4abdad765298e4)] -> xpath: (//div[@class='react-select__value-container react-select__value-container--has-value css-1hwfws3'])[2]]
Session ID: 160741f9a44d536c2f4abdad765298e4
	at java.base/jdk.internal.reflect.DirectConstructorHandleAccessor.newInstance(DirectConstructorHandleAccessor.java:62)
	at java.base/java.lang.reflect.Constructor.newInstanceWithCaller(Constructor.java:502)
	at java.base/java.lang.reflect.Constructor.newInstance(Constructor.java:486)
	at org.openqa.selenium.remote.ErrorCodec.decode(ErrorCodec.java:167)
	at org.openqa.selenium.remote.codec.w3c.W3CHttpResponseCodec.decode(W3CHttpResponseCodec.java:138)
	at org.openqa.selenium.remote.codec.w3c.W3CHttpResponseCodec.decode(W3CHttpResponseCodec.java:50)
	at org.openqa.selenium.remote.HttpCommandExecutor.execute(HttpCommandExecutor.java:215)
	at org.openqa.selenium.remote.service.DriverCommandExecutor.invokeExecute(DriverCommandExecutor.java:216)
	at org.openqa.selenium.remote.service.DriverCommandExecutor.execute(DriverCommandExecutor.java:174)
	at org.openqa.selenium.remote.RemoteWebDriver.execute(RemoteWebDriver.java:545)
	at org.openqa.selenium.remote.RemoteWebElement.execute(RemoteWebElement.java:223)
	at org.openqa.selenium.remote.RemoteWebElement.click(RemoteWebElement.java:76)
	at stepDefinition.OEP_5_Admin.select_valid_country_code_in_create_admin_page(OEP_5_Admin.java:1092)
	at ✽.Select valid country code "+91" in create admin page(file:///C:/Users/thirumaran/eclipse-workspace/NexTestify_Cucumber/src/test/resources/FeatureFiles/5_OEP_ADMIN.feature:348)

  Then Enter valid phone number "9876543210" in create admin page                                           # stepDefinition.OEP_5_Admin.Enter_valid_phone_number_in_create_admin_page(java.lang.String)
  And Enter valid address1 details "Test Address1"                                                          # stepDefinition.OEP_5_Admin.enter_valid_address1_details(java.lang.String)
  Then Enter valid address2 details "Test Address2"                                                         # stepDefinition.OEP_5_Admin.enter_valid_address2_details(java.lang.String)
  And Enter valid city details "Test city"                                                                  # stepDefinition.OEP_5_Admin.enter_valid_city_details(java.lang.String)
  Then Select valid country "United States of America" in the dropdown                                      # stepDefinition.OEP_5_Admin.select_valid_country_in_the_dropdown(java.lang.String)
  And Select valid state "New York" in the dropdown                                                         # stepDefinition.OEP_5_Admin.select_valid_state_in_the_dropdown(java.lang.String)
  Then Select valid timezone "America/Chicago" in the dropdown                                              # stepDefinition.OEP_5_Admin.select_valid_timezone_in_the_dropdown(java.lang.String)
  And Enter valid zipcode "654321"                                                                          # stepDefinition.OEP_5_Admin.enter_valid_zipcode(java.lang.String)
  And Select No option in the 2FA tab                                                                       # stepDefinition.OEP_5_Admin.select_no_option_in_the_2fa_tab()
  Then Click save button in create admin page                                                               # stepDefinition.OEP_5_Admin.click_save_button_in_create_admin_page()
  Then Check admin user created success message is displayed or not                                         # stepDefinition.OEP_5_Admin.check_admin_user_created_success_message_is_displayed_or_not()
  Then Close Admin button                                                                                   # stepDefinition.OEP_5_Admin.close_admin_button()
]]></system-out>
  </testcase>
  <testcase name="Update Admin:Valid Check #1" classname="ADMIN" time="29.488">
    <system-out><![CDATA[
@TC_45
Scenario: Update Admin:Valid Check                                                                          # src/test/resources/FeatureFiles/5_OEP_ADMIN.feature:364
  Given To Check Admin is navigating to OEP URL is "http://192.168.1.30/OEPADMIN/"                          # stepDefinition.OEP_5_Admin.to_check_admin_is_navigating_to_oep_url_is(java.lang.String)
  When To Check Admin Enter username and password are "thirumaran@sankarasoftware.com" and "Thirumaran@001" # stepDefinition.OEP_5_Admin.to_check_admin_enter_username_and_password_are_and(java.lang.String,java.lang.String)
  And click the Signin button To Check Admin                                                                # stepDefinition.OEP_5_Admin.click_the_signin_button_to_check_admin()
  Then Click take picture button in admin                                                                   # stepDefinition.OEP_5_Admin.click_take_picture_button_in_admin()
  Then Click admin button                                                                                   # stepDefinition.OEP_5_Admin.click_admin_button()
  Given Enter user name "twofauser@yopmail.com" in the Search box                                           # stepDefinition.OEP_5_Admin.enter_user_name_in_the_search_box(java.lang.String)
  When Click Edit button                                                                                    # stepDefinition.OEP_5_Admin.click_edit_button()
  Then Modify valid details in edit admin page                                                              # stepDefinition.OEP_5_Admin.modify_valid_details_in_edit_admin_page()
  And Click update button in edit admin page                                                                # stepDefinition.OEP_5_Admin.click_update_button_in_edit_admin_page()
Success message displayed like: Admin User updated successfully!
  Then Check admin user updated success message is displayed or not                                         # stepDefinition.OEP_5_Admin.check_admin_user_updated_success_message_is_displayed_or_not()
Page is closed  Then Close Admin button                                                                                   # stepDefinition.OEP_5_Admin.close_admin_button()
]]></system-out>
  </testcase>
  <testcase name="Update Admin:Valid Check #2" classname="ADMIN" time="37.301">
    <system-out><![CDATA[
@TC_46
Scenario: Update Admin:Valid Check                                                                          # src/test/resources/FeatureFiles/5_OEP_ADMIN.feature:373
  Given To Check Admin is navigating to OEP URL is "http://192.168.1.30/OEPADMIN/"                          # stepDefinition.OEP_5_Admin.to_check_admin_is_navigating_to_oep_url_is(java.lang.String)
  When To Check Admin Enter username and password are "thirumaran@sankarasoftware.com" and "Thirumaran@001" # stepDefinition.OEP_5_Admin.to_check_admin_enter_username_and_password_are_and(java.lang.String,java.lang.String)
  And click the Signin button To Check Admin                                                                # stepDefinition.OEP_5_Admin.click_the_signin_button_to_check_admin()
  Then Click take picture button in admin                                                                   # stepDefinition.OEP_5_Admin.click_take_picture_button_in_admin()
  Then Click admin button                                                                                   # stepDefinition.OEP_5_Admin.click_admin_button()
  Given Enter user name "Thiru maran" in the Search box                                                     # stepDefinition.OEP_5_Admin.enter_user_name_in_the_search_box(java.lang.String)
  When Click Edit button                                                                                    # stepDefinition.OEP_5_Admin.click_edit_button()
Text contains: Yes
  Then Change the status to inactive mode                                                                   # stepDefinition.OEP_5_Admin.change_the_status_to_inactive_mode()
  And Click update button in edit admin page                                                                # stepDefinition.OEP_5_Admin.click_update_button_in_edit_admin_page()
Success message displayed like: Admin User updated successfully!
  Then Check admin user updated success message is displayed or not                                         # stepDefinition.OEP_5_Admin.check_admin_user_updated_success_message_is_displayed_or_not()
  Then Enter user name "Thiru maran" in the Search box                                                      # stepDefinition.OEP_5_Admin.enter_user_name_in_the_search_box(java.lang.String)
  And Select "All" Option in status dropdown                                                                # stepDefinition.OEP_5_Admin.select_option_in_status_dropdown(java.lang.String)
Status is displayed as: Inactive
  And Check the status is inactive or not in the grid of the same username                                  # stepDefinition.OEP_5_Admin.check_the_status_is_inactive_or_not_in_the_grid_of_the_same_username()
Page is closed  Then Close Admin button                                                                                   # stepDefinition.OEP_5_Admin.close_admin_button()
]]></system-out>
  </testcase>
  <testcase name="Update Admin:Valid Check #3" classname="ADMIN" time="42.129">
    <system-out><![CDATA[
@TC_47
Scenario: Update Admin:Valid Check                                                                          # src/test/resources/FeatureFiles/5_OEP_ADMIN.feature:385
  Given To Check Admin is navigating to OEP URL is "http://192.168.1.30/OEPADMIN/"                          # stepDefinition.OEP_5_Admin.to_check_admin_is_navigating_to_oep_url_is(java.lang.String)
  When To Check Admin Enter username and password are "thirumaran@sankarasoftware.com" and "Thirumaran@001" # stepDefinition.OEP_5_Admin.to_check_admin_enter_username_and_password_are_and(java.lang.String,java.lang.String)
  And click the Signin button To Check Admin                                                                # stepDefinition.OEP_5_Admin.click_the_signin_button_to_check_admin()
  Then Click take picture button in admin                                                                   # stepDefinition.OEP_5_Admin.click_take_picture_button_in_admin()
  Then Click admin button                                                                                   # stepDefinition.OEP_5_Admin.click_admin_button()
  Given Enter user name "Thiru maran" in the Search box                                                     # stepDefinition.OEP_5_Admin.enter_user_name_in_the_search_box(java.lang.String)
  When Select "All" Option in status dropdown                                                               # stepDefinition.OEP_5_Admin.select_option_in_status_dropdown(java.lang.String)
  And Click Edit button                                                                                     # stepDefinition.OEP_5_Admin.click_edit_button()
Text contains: No
  Then Change the status to active mode                                                                     # stepDefinition.OEP_5_Admin.change_the_status_to_active_mode()
  And Click update button in edit admin page                                                                # stepDefinition.OEP_5_Admin.click_update_button_in_edit_admin_page()
  Then Enter user name "Thiru maran" in the Search box                                                      # stepDefinition.OEP_5_Admin.enter_user_name_in_the_search_box(java.lang.String)
  And Select "All" Option in status dropdown                                                                # stepDefinition.OEP_5_Admin.select_option_in_status_dropdown(java.lang.String)
Status is displayed as: Active
  Then Check the status is active or not in the grid of the same username                                   # stepDefinition.OEP_5_Admin.check_the_status_is_active_or_not__in_the_grid_of_the_same_username()
Page is closed  Then Close Admin button                                                                                   # stepDefinition.OEP_5_Admin.close_admin_button()
]]></system-out>
  </testcase>
  <testcase name="Update Admin:Valid Check #4" classname="ADMIN" time="21.855">
    <system-out><![CDATA[
@TC_48
Scenario: Update Admin:Valid Check                                                                          # src/test/resources/FeatureFiles/5_OEP_ADMIN.feature:397
  Given To Check Admin is navigating to OEP URL is "http://192.168.1.30/OEPADMIN/"                          # stepDefinition.OEP_5_Admin.to_check_admin_is_navigating_to_oep_url_is(java.lang.String)
  When To Check Admin Enter username and password are "thirumaran@sankarasoftware.com" and "Thirumaran@001" # stepDefinition.OEP_5_Admin.to_check_admin_enter_username_and_password_are_and(java.lang.String,java.lang.String)
  And click the Signin button To Check Admin                                                                # stepDefinition.OEP_5_Admin.click_the_signin_button_to_check_admin()
  Then Click take picture button in admin                                                                   # stepDefinition.OEP_5_Admin.click_take_picture_button_in_admin()
  Then Click admin button                                                                                   # stepDefinition.OEP_5_Admin.click_admin_button()
  Given Enter user name "testuser@guerrillamail.info" in the Search box                                     # stepDefinition.OEP_5_Admin.enter_user_name_in_the_search_box(java.lang.String)
  When Click Edit button                                                                                    # stepDefinition.OEP_5_Admin.click_edit_button()
  Then Click change email button                                                                            # stepDefinition.OEP_5_Admin.click_change_email_button()
  And Click close button of the pop up                                                                      # stepDefinition.OEP_5_Admin.click_close_button_of_the_pop_up()
Page is closed  Then Close Admin button                                                                                   # stepDefinition.OEP_5_Admin.close_admin_button()
]]></system-out>
  </testcase>
  <testcase name="Update Admin:Valid Check #5" classname="ADMIN" time="23.289">
    <system-out><![CDATA[
@TC_49
Scenario: Update Admin:Valid Check                                                                          # src/test/resources/FeatureFiles/5_OEP_ADMIN.feature:405
  Given To Check Admin is navigating to OEP URL is "http://192.168.1.30/OEPADMIN/"                          # stepDefinition.OEP_5_Admin.to_check_admin_is_navigating_to_oep_url_is(java.lang.String)
  When To Check Admin Enter username and password are "thirumaran@sankarasoftware.com" and "Thirumaran@001" # stepDefinition.OEP_5_Admin.to_check_admin_enter_username_and_password_are_and(java.lang.String,java.lang.String)
  And click the Signin button To Check Admin                                                                # stepDefinition.OEP_5_Admin.click_the_signin_button_to_check_admin()
  Then Click take picture button in admin                                                                   # stepDefinition.OEP_5_Admin.click_take_picture_button_in_admin()
  Then Click admin button                                                                                   # stepDefinition.OEP_5_Admin.click_admin_button()
  Given Enter user name "testuser@guerrillamail.info" in the Search box                                     # stepDefinition.OEP_5_Admin.enter_user_name_in_the_search_box(java.lang.String)
  When Click Edit button                                                                                    # stepDefinition.OEP_5_Admin.click_edit_button()
  Then Click change email button                                                                            # stepDefinition.OEP_5_Admin.click_change_email_button()
  And Enter existing "0211thiru@gmail.com" email id                                                         # stepDefinition.OEP_5_Admin.enter_existing_email_id(java.lang.String)
  Then Click verify email button                                                                            # stepDefinition.OEP_5_Admin.click_verify_email_button()
Success message displayed like: Given email is already existing. please provide another one!
  And Check alert message is displayed or not in change email tab                                           # stepDefinition.OEP_5_Admin.check_alert_message_is_displayed_or_not_in_change_email_tab()
Page is closed  Then Close Admin button                                                                                   # stepDefinition.OEP_5_Admin.close_admin_button()
]]></system-out>
  </testcase>
  <testcase name="Update Admin:Valid Check #6" classname="ADMIN" time="26.128">
    <system-out><![CDATA[
@TC_50
Scenario: Update Admin:Valid Check                                                                          # src/test/resources/FeatureFiles/5_OEP_ADMIN.feature:415
  Given To Check Admin is navigating to OEP URL is "http://192.168.1.30/OEPADMIN/"                          # stepDefinition.OEP_5_Admin.to_check_admin_is_navigating_to_oep_url_is(java.lang.String)
  When To Check Admin Enter username and password are "thirumaran@sankarasoftware.com" and "Thirumaran@001" # stepDefinition.OEP_5_Admin.to_check_admin_enter_username_and_password_are_and(java.lang.String,java.lang.String)
  And click the Signin button To Check Admin                                                                # stepDefinition.OEP_5_Admin.click_the_signin_button_to_check_admin()
  Then Click take picture button in admin                                                                   # stepDefinition.OEP_5_Admin.click_take_picture_button_in_admin()
  Then Click admin button                                                                                   # stepDefinition.OEP_5_Admin.click_admin_button()
  Given Enter user name "testuser@guerrillamail.info" in the Search box                                     # stepDefinition.OEP_5_Admin.enter_user_name_in_the_search_box(java.lang.String)
  When Click Edit button                                                                                    # stepDefinition.OEP_5_Admin.click_edit_button()
  Then Click change email button                                                                            # stepDefinition.OEP_5_Admin.click_change_email_button()
  And Enter valid email id                                                                                  # stepDefinition.OEP_5_Admin.enter_valid_email_id()
  Then Click verify email button                                                                            # stepDefinition.OEP_5_Admin.click_verify_email_button()
Verification message displayed like: Verification code sent successfully!
  And Check success message is displayed or not in verify email                                             # stepDefinition.OEP_5_Admin.check_success_message_is_displayed_or_not_in_verify_email()
Page is closed  Then Close Admin button                                                                                   # stepDefinition.OEP_5_Admin.close_admin_button()
]]></system-out>
  </testcase>
</testsuite>